2023-12-20-22:19:57.103 WARN [http-nio-9961-exec-10]-
        org.springframework.web.servlet.handler.AbstractHandlerExceptionResolver:199>>Resolved [org.springframework.web.bind.MissingServletRequestParameterException: Required String parameter 'userPhone' is not present]
2023-12-20-22:19:57.140 INFO [http-nio-9961-exec-10]-
        com.dynasty.blog.user.config.userLoginInterceptor:42>>token:null
2023-12-20-22:20:16.231 WARN [http-nio-9961-exec-2]-
        org.springframework.web.servlet.handler.AbstractHandlerExceptionResolver:199>>Resolved [org.springframework.web.bind.MissingServletRequestParameterException: Required String parameter 'userPhone' is not present]
2023-12-20-22:20:16.232 INFO [http-nio-9961-exec-2]-
        com.dynasty.blog.user.config.userLoginInterceptor:42>>token:null
2023-12-20-22:20:30.599 WARN [http-nio-9961-exec-3]-
        org.springframework.web.servlet.handler.AbstractHandlerExceptionResolver:199>>Resolved [org.springframework.web.bind.MissingServletRequestParameterException: Required String parameter 'userPhone' is not present]
2023-12-20-22:20:30.601 INFO [http-nio-9961-exec-3]-
        com.dynasty.blog.user.config.userLoginInterceptor:42>>token:null
2023-12-20-22:22:40.158 WARN [http-nio-9961-exec-6]-
        org.springframework.web.servlet.handler.AbstractHandlerExceptionResolver:199>>Resolved [org.springframework.web.bind.MissingServletRequestParameterException: Required String parameter 'userPhone' is not present]
2023-12-20-22:22:40.160 INFO [http-nio-9961-exec-6]-
        com.dynasty.blog.user.config.userLoginInterceptor:42>>token:null
2023-12-20-22:23:34.360 WARN [http-nio-9961-exec-8]-
        org.springframework.web.servlet.handler.AbstractHandlerExceptionResolver:199>>Resolved [org.springframework.web.bind.MissingServletRequestParameterException: Required String parameter 'userPhone' is not present]
2023-12-20-22:23:34.362 INFO [http-nio-9961-exec-8]-
        com.dynasty.blog.user.config.userLoginInterceptor:42>>token:null
2023-12-20-22:24:23.672 INFO [SpringContextShutdownHook]-
        org.springframework.scheduling.concurrent.ExecutorConfigurationSupport:208>>Shutting down ExecutorService 'applicationTaskExecutor'
2023-12-20-22:24:23.673 INFO [SpringContextShutdownHook]-
        com.alibaba.druid.pool.DruidDataSource:2174>>{dataSource-1} closing ...
2023-12-20-22:24:23.677 INFO [SpringContextShutdownHook]-
        com.alibaba.druid.pool.DruidDataSource:2247>>{dataSource-1} closed
2023-12-20-22:24:40.315 INFO [main]-
        org.springframework.boot.StartupInfoLogger:55>>Starting MyBlogUser9961Application on Dynasty with PID 14288 (F:\MyPlayGround\MyBlog\MyBlog\backend\my-blog-center\my-blog-user-9961\target\classes started by 17789 in F:\MyPlayGround\MyBlog\MyBlog)
2023-12-20-22:24:40.326 DEBUG [main]-
        org.springframework.boot.StartupInfoLogger:56>>Running with Spring Boot v2.2.2.RELEASE, Spring v5.2.2.RELEASE
2023-12-20-22:24:40.327 INFO [main]-
        org.springframework.boot.SpringApplication:651>>No active profile set, falling back to default profiles: default
2023-12-20-22:24:41.706 INFO [main]-
        org.springframework.data.repository.config.RepositoryConfigurationDelegate:249>>Multiple Spring Data modules found, entering strict repository configuration mode!
2023-12-20-22:24:41.710 INFO [main]-
        org.springframework.data.repository.config.RepositoryConfigurationDelegate:127>>Bootstrapping Spring Data Redis repositories in DEFAULT mode.
2023-12-20-22:24:41.757 INFO [main]-
        org.springframework.data.repository.config.RepositoryConfigurationDelegate:187>>Finished Spring Data repository scanning in 24ms. Found 0 Redis repository interfaces.
2023-12-20-22:24:42.337 INFO [main]-
        org.springframework.context.support.PostProcessorRegistrationDelegate$BeanPostProcessorChecker:330>>Bean 'org.springframework.transaction.annotation.ProxyTransactionManagementConfiguration' of type [org.springframework.transaction.annotation.ProxyTransactionManagementConfiguration] is not eligible for getting processed by all BeanPostProcessors (for example: not eligible for auto-proxying)
2023-12-20-22:24:43.279 INFO [main]-
        org.springframework.boot.web.embedded.tomcat.TomcatWebServer:92>>Tomcat initialized with port(s): 9961 (http)
2023-12-20-22:24:43.291 INFO [main]-
        org.apache.juli.logging.DirectJDKLog:173>>Initializing ProtocolHandler ["http-nio-9961"]
2023-12-20-22:24:43.292 INFO [main]-
        org.apache.juli.logging.DirectJDKLog:173>>Starting service [Tomcat]
2023-12-20-22:24:43.292 INFO [main]-
        org.apache.juli.logging.DirectJDKLog:173>>Starting Servlet engine: [Apache Tomcat/9.0.29]
2023-12-20-22:24:43.441 INFO [main]-
        org.apache.juli.logging.DirectJDKLog:173>>Initializing Spring embedded WebApplicationContext
2023-12-20-22:24:43.442 INFO [main]-
        org.springframework.boot.web.servlet.context.ServletWebServerApplicationContext:284>>Root WebApplicationContext: initialization completed in 2966 ms
2023-12-20-22:24:44.012 INFO [main]-
        com.dynasty.blog.user.config.MyConfig:22>>进入了Myconfig
2023-12-20-22:24:44.024 INFO [main]-
        com.alibaba.druid.spring.boot.autoconfigure.DruidDataSourceAutoConfigure:55>>Init DruidDataSource
2023-12-20-22:24:44.185 INFO [main]-
        com.alibaba.druid.pool.DruidDataSource:1009>>{dataSource-1} inited
2023-12-20-22:24:44.761 INFO [main]-
        org.springframework.scheduling.concurrent.ExecutorConfigurationSupport:171>>Initializing ExecutorService 'applicationTaskExecutor'
2023-12-20-22:24:44.844 INFO [main]-
        org.springframework.boot.autoconfigure.web.servlet.WelcomePageHandlerMapping:54>>Adding welcome page: class path resource [static/index.html]
2023-12-20-22:24:45.238 INFO [main]-
        org.apache.juli.logging.DirectJDKLog:173>>Starting ProtocolHandler ["http-nio-9961"]
2023-12-20-22:24:45.314 INFO [main]-
        org.springframework.boot.web.embedded.tomcat.TomcatWebServer:204>>Tomcat started on port(s): 9961 (http) with context path ''
2023-12-20-22:24:45.320 INFO [main]-
        org.springframework.boot.StartupInfoLogger:61>>Started MyBlogUser9961Application in 6.738 seconds (JVM running for 9.679)
2023-12-20-22:25:40.945 INFO [http-nio-9961-exec-1]-
        org.apache.juli.logging.DirectJDKLog:173>>Initializing Spring DispatcherServlet 'dispatcherServlet'
2023-12-20-22:25:40.945 INFO [http-nio-9961-exec-1]-
        org.springframework.web.servlet.FrameworkServlet:525>>Initializing Servlet 'dispatcherServlet'
2023-12-20-22:25:40.952 INFO [http-nio-9961-exec-1]-
        org.springframework.web.servlet.FrameworkServlet:547>>Completed initialization in 7 ms
2023-12-20-22:25:50.283 WARN [http-nio-9961-exec-2]-
        org.springframework.web.servlet.handler.AbstractHandlerExceptionResolver:199>>Resolved [org.springframework.web.bind.MissingServletRequestParameterException: Required String parameter 'userPhone' is not present]
2023-12-20-22:25:50.292 INFO [http-nio-9961-exec-2]-
        com.dynasty.blog.user.config.userLoginInterceptor:42>>token:null
2023-12-20-22:27:01.493 WARN [http-nio-9961-exec-4]-
        org.springframework.web.servlet.handler.AbstractHandlerExceptionResolver:199>>Resolved [org.springframework.web.bind.MissingServletRequestParameterException: Required String parameter 'userPhone' is not present]
2023-12-20-22:27:01.494 INFO [http-nio-9961-exec-4]-
        com.dynasty.blog.user.config.userLoginInterceptor:42>>token:null
2023-12-20-22:35:55.909 WARN [http-nio-9961-exec-9]-
        org.springframework.web.servlet.handler.AbstractHandlerExceptionResolver:199>>Resolved [org.springframework.web.bind.MissingServletRequestParameterException: Required String parameter 'userPhone' is not present]
2023-12-20-22:35:55.911 INFO [http-nio-9961-exec-9]-
        com.dynasty.blog.user.config.userLoginInterceptor:42>>token:null
2023-12-20-22:40:20.544 WARN [http-nio-9961-exec-2]-
        org.springframework.web.servlet.handler.AbstractHandlerExceptionResolver:199>>Resolved [org.springframework.web.bind.MissingServletRequestParameterException: Required String parameter 'userPhone' is not present]
2023-12-20-22:40:20.545 INFO [http-nio-9961-exec-2]-
        com.dynasty.blog.user.config.userLoginInterceptor:42>>token:null
2023-12-20-22:40:22.739 WARN [http-nio-9961-exec-3]-
        org.springframework.web.servlet.handler.AbstractHandlerExceptionResolver:199>>Resolved [org.springframework.web.bind.MissingServletRequestParameterException: Required String parameter 'userPhone' is not present]
2023-12-20-22:40:22.743 INFO [http-nio-9961-exec-3]-
        com.dynasty.blog.user.config.userLoginInterceptor:42>>token:null
2023-12-20-22:42:20.204 WARN [http-nio-9961-exec-6]-
        org.springframework.web.servlet.handler.AbstractHandlerExceptionResolver:199>>Resolved [org.springframework.web.bind.MissingServletRequestParameterException: Required String parameter 'userPhone' is not present]
2023-12-20-22:42:20.205 INFO [http-nio-9961-exec-6]-
        com.dynasty.blog.user.config.userLoginInterceptor:42>>token:null
2023-12-20-22:50:38.990 ERROR [http-nio-9961-exec-9]-
        org.apache.juli.logging.DirectJDKLog:175>>Servlet.service() for servlet [dispatcherServlet] in context with path [] threw exception [Request processing failed; nested exception is java.lang.IllegalArgumentException: Source must not be null] with root cause
java.lang.IllegalArgumentException: Source must not be null
	at org.springframework.util.Assert.notNull(Assert.java:198)
	at org.springframework.beans.BeanUtils.copyProperties(BeanUtils.java:693)
	at org.springframework.beans.BeanUtils.copyProperties(BeanUtils.java:639)
	at com.dynasty.blog.user.service.impl.BlogUserServiceImpl.checkUser(BlogUserServiceImpl.java:242)
	at com.dynasty.blog.user.service.impl.BlogUserServiceImpl$$FastClassBySpringCGLIB$$813abc55.invoke(<generated>)
	at org.springframework.cglib.proxy.MethodProxy.invoke(MethodProxy.java:218)
	at org.springframework.aop.framework.CglibAopProxy$DynamicAdvisedInterceptor.intercept(CglibAopProxy.java:685)
	at com.dynasty.blog.user.service.impl.BlogUserServiceImpl$$EnhancerBySpringCGLIB$$5e316848.checkUser(<generated>)
	at com.dynasty.blog.user.controller.BlogUserController.checkUser(BlogUserController.java:101)
	at java.base/jdk.internal.reflect.NativeMethodAccessorImpl.invoke0(Native Method)
	at java.base/jdk.internal.reflect.NativeMethodAccessorImpl.invoke(NativeMethodAccessorImpl.java:77)
	at java.base/jdk.internal.reflect.DelegatingMethodAccessorImpl.invoke(DelegatingMethodAccessorImpl.java:43)
	at java.base/java.lang.reflect.Method.invoke(Method.java:568)
	at org.springframework.web.method.support.InvocableHandlerMethod.doInvoke(InvocableHandlerMethod.java:190)
	at org.springframework.web.method.support.InvocableHandlerMethod.invokeForRequest(InvocableHandlerMethod.java:138)
	at org.springframework.web.servlet.mvc.method.annotation.ServletInvocableHandlerMethod.invokeAndHandle(ServletInvocableHandlerMethod.java:106)
	at org.springframework.web.servlet.mvc.method.annotation.RequestMappingHandlerAdapter.invokeHandlerMethod(RequestMappingHandlerAdapter.java:888)
	at org.springframework.web.servlet.mvc.method.annotation.RequestMappingHandlerAdapter.handleInternal(RequestMappingHandlerAdapter.java:793)
	at org.springframework.web.servlet.mvc.method.AbstractHandlerMethodAdapter.handle(AbstractHandlerMethodAdapter.java:87)
	at org.springframework.web.servlet.DispatcherServlet.doDispatch(DispatcherServlet.java:1040)
	at org.springframework.web.servlet.DispatcherServlet.doService(DispatcherServlet.java:943)
	at org.springframework.web.servlet.FrameworkServlet.processRequest(FrameworkServlet.java:1006)
	at org.springframework.web.servlet.FrameworkServlet.doGet(FrameworkServlet.java:898)
	at javax.servlet.http.HttpServlet.service(HttpServlet.java:634)
	at org.springframework.web.servlet.FrameworkServlet.service(FrameworkServlet.java:883)
	at javax.servlet.http.HttpServlet.service(HttpServlet.java:741)
	at org.apache.catalina.core.ApplicationFilterChain.internalDoFilter(ApplicationFilterChain.java:231)
	at org.apache.catalina.core.ApplicationFilterChain.doFilter(ApplicationFilterChain.java:166)
	at org.apache.tomcat.websocket.server.WsFilter.doFilter(WsFilter.java:53)
	at org.apache.catalina.core.ApplicationFilterChain.internalDoFilter(ApplicationFilterChain.java:193)
	at org.apache.catalina.core.ApplicationFilterChain.doFilter(ApplicationFilterChain.java:166)
	at org.springframework.web.filter.RequestContextFilter.doFilterInternal(RequestContextFilter.java:100)
	at org.springframework.web.filter.OncePerRequestFilter.doFilter(OncePerRequestFilter.java:119)
	at org.apache.catalina.core.ApplicationFilterChain.internalDoFilter(ApplicationFilterChain.java:193)
	at org.apache.catalina.core.ApplicationFilterChain.doFilter(ApplicationFilterChain.java:166)
	at org.springframework.web.filter.FormContentFilter.doFilterInternal(FormContentFilter.java:93)
	at org.springframework.web.filter.OncePerRequestFilter.doFilter(OncePerRequestFilter.java:119)
	at org.apache.catalina.core.ApplicationFilterChain.internalDoFilter(ApplicationFilterChain.java:193)
	at org.apache.catalina.core.ApplicationFilterChain.doFilter(ApplicationFilterChain.java:166)
	at org.springframework.web.filter.CharacterEncodingFilter.doFilterInternal(CharacterEncodingFilter.java:201)
	at org.springframework.web.filter.OncePerRequestFilter.doFilter(OncePerRequestFilter.java:119)
	at org.apache.catalina.core.ApplicationFilterChain.internalDoFilter(ApplicationFilterChain.java:193)
	at org.apache.catalina.core.ApplicationFilterChain.doFilter(ApplicationFilterChain.java:166)
	at org.apache.catalina.core.StandardWrapperValve.invoke(StandardWrapperValve.java:202)
	at org.apache.catalina.core.StandardContextValve.invoke(StandardContextValve.java:96)
	at org.apache.catalina.authenticator.AuthenticatorBase.invoke(AuthenticatorBase.java:526)
	at org.apache.catalina.core.StandardHostValve.invoke(StandardHostValve.java:139)
	at org.apache.catalina.valves.ErrorReportValve.invoke(ErrorReportValve.java:92)
	at org.apache.catalina.core.StandardEngineValve.invoke(StandardEngineValve.java:74)
	at org.apache.catalina.connector.CoyoteAdapter.service(CoyoteAdapter.java:343)
	at org.apache.coyote.http11.Http11Processor.service(Http11Processor.java:367)
	at org.apache.coyote.AbstractProcessorLight.process(AbstractProcessorLight.java:65)
	at org.apache.coyote.AbstractProtocol$ConnectionHandler.process(AbstractProtocol.java:860)
	at org.apache.tomcat.util.net.NioEndpoint$SocketProcessor.doRun(NioEndpoint.java:1591)
	at org.apache.tomcat.util.net.SocketProcessorBase.run(SocketProcessorBase.java:49)
	at java.base/java.util.concurrent.ThreadPoolExecutor.runWorker(ThreadPoolExecutor.java:1136)
	at java.base/java.util.concurrent.ThreadPoolExecutor$Worker.run(ThreadPoolExecutor.java:635)
	at org.apache.tomcat.util.threads.TaskThread$WrappingRunnable.run(TaskThread.java:61)
	at java.base/java.lang.Thread.run(Thread.java:833)
2023-12-20-22:50:38.991 INFO [http-nio-9961-exec-9]-
        com.dynasty.blog.user.config.userLoginInterceptor:42>>token:null
2023-12-20-22:50:45.139 WARN [http-nio-9961-exec-1]-
        org.springframework.web.servlet.handler.AbstractHandlerExceptionResolver:199>>Resolved [org.springframework.web.bind.MissingServletRequestParameterException: Required String parameter 'userPhone' is not present]
2023-12-20-22:50:45.142 INFO [http-nio-9961-exec-1]-
        com.dynasty.blog.user.config.userLoginInterceptor:42>>token:null
2023-12-20-22:51:23.077 WARN [http-nio-9961-exec-3]-
        org.springframework.web.servlet.handler.AbstractHandlerExceptionResolver:199>>Resolved [org.springframework.web.bind.MissingServletRequestParameterException: Required String parameter 'userPhone' is not present]
2023-12-20-22:51:23.078 INFO [http-nio-9961-exec-3]-
        com.dynasty.blog.user.config.userLoginInterceptor:42>>token:null
2023-12-20-22:59:10.292 INFO [http-nio-9961-exec-6]-
        com.dynasty.blog.user.service.impl.BlogUserServiceImpl:81>>deleteFlag:0
2023-12-20-22:59:10.459 INFO [http-nio-9961-exec-6]-
        io.lettuce.core.EpollProvider:68>>Starting without optional epoll library
2023-12-20-22:59:10.462 INFO [http-nio-9961-exec-6]-
        io.lettuce.core.KqueueProvider:70>>Starting without optional kqueue library
2023-12-20-22:59:10.722 INFO [http-nio-9961-exec-6]-
        com.dynasty.blog.user.service.impl.BlogUserServiceImpl:101>>token:eyJhbGciOiJIUzI1NiIsInR5cCI6IkpXVCJ9.eyJleHAiOjE3MDMwODc5NTAsImNsYWltcyI6eyJ1c2VyUGhvbmUiOiIxODczODgwNTAzNCIsInVzZXJOYW1lIjoi546L5pydIiwidXNlcklkIjozN319.N0pt5vtIb1c3RRM7NWy10XCMS_DhCCPB--TZdtKjVis
