2023-12-20-17:03:41.860 INFO [main]-
        org.springframework.boot.StartupInfoLogger:55>>Starting MyBlogUser9961Application on Dynasty with PID 15624 (F:\MyPlayGround\MyBlog\MyBlog\backend\my-blog-center\my-blog-user-9961\target\classes started by 17789 in F:\MyPlayGround\MyBlog\MyBlog)
2023-12-20-17:03:41.872 DEBUG [main]-
        org.springframework.boot.StartupInfoLogger:56>>Running with Spring Boot v2.2.2.RELEASE, Spring v5.2.2.RELEASE
2023-12-20-17:03:41.874 INFO [main]-
        org.springframework.boot.SpringApplication:651>>No active profile set, falling back to default profiles: default
2023-12-20-17:03:43.665 INFO [main]-
        org.springframework.data.repository.config.RepositoryConfigurationDelegate:249>>Multiple Spring Data modules found, entering strict repository configuration mode!
2023-12-20-17:03:43.691 INFO [main]-
        org.springframework.data.repository.config.RepositoryConfigurationDelegate:127>>Bootstrapping Spring Data Redis repositories in DEFAULT mode.
2023-12-20-17:03:43.767 INFO [main]-
        org.springframework.data.repository.config.RepositoryConfigurationDelegate:187>>Finished Spring Data repository scanning in 23ms. Found 0 Redis repository interfaces.
2023-12-20-17:03:44.515 INFO [main]-
        org.springframework.context.support.PostProcessorRegistrationDelegate$BeanPostProcessorChecker:330>>Bean 'org.springframework.transaction.annotation.ProxyTransactionManagementConfiguration' of type [org.springframework.transaction.annotation.ProxyTransactionManagementConfiguration] is not eligible for getting processed by all BeanPostProcessors (for example: not eligible for auto-proxying)
2023-12-20-17:03:45.365 INFO [main]-
        org.springframework.boot.web.embedded.tomcat.TomcatWebServer:92>>Tomcat initialized with port(s): 9961 (http)
2023-12-20-17:03:45.377 INFO [main]-
        org.apache.juli.logging.DirectJDKLog:173>>Initializing ProtocolHandler ["http-nio-9961"]
2023-12-20-17:03:45.378 INFO [main]-
        org.apache.juli.logging.DirectJDKLog:173>>Starting service [Tomcat]
2023-12-20-17:03:45.378 INFO [main]-
        org.apache.juli.logging.DirectJDKLog:173>>Starting Servlet engine: [Apache Tomcat/9.0.29]
2023-12-20-17:03:45.552 INFO [main]-
        org.apache.juli.logging.DirectJDKLog:173>>Initializing Spring embedded WebApplicationContext
2023-12-20-17:03:45.552 INFO [main]-
        org.springframework.boot.web.servlet.context.ServletWebServerApplicationContext:284>>Root WebApplicationContext: initialization completed in 3528 ms
2023-12-20-17:03:46.846 INFO [main]-
        com.dynasty.blog.user.config.MyConfig:22>>进入了Myconfig
2023-12-20-17:03:46.858 INFO [main]-
        com.alibaba.druid.spring.boot.autoconfigure.DruidDataSourceAutoConfigure:55>>Init DruidDataSource
2023-12-20-17:03:47.076 INFO [main]-
        com.alibaba.druid.pool.DruidDataSource:1009>>{dataSource-1} inited
2023-12-20-17:03:47.789 INFO [main]-
        org.springframework.scheduling.concurrent.ExecutorConfigurationSupport:171>>Initializing ExecutorService 'applicationTaskExecutor'
2023-12-20-17:03:47.898 INFO [main]-
        org.springframework.boot.autoconfigure.web.servlet.WelcomePageHandlerMapping:54>>Adding welcome page: class path resource [static/index.html]
2023-12-20-17:03:48.547 INFO [main]-
        org.apache.juli.logging.DirectJDKLog:173>>Starting ProtocolHandler ["http-nio-9961"]
2023-12-20-17:03:48.636 INFO [main]-
        org.springframework.boot.web.embedded.tomcat.TomcatWebServer:204>>Tomcat started on port(s): 9961 (http) with context path ''
2023-12-20-17:03:48.641 INFO [main]-
        org.springframework.boot.StartupInfoLogger:61>>Started MyBlogUser9961Application in 8.199 seconds (JVM running for 12.1)
2023-12-20-17:04:01.214 INFO [http-nio-9961-exec-1]-
        org.apache.juli.logging.DirectJDKLog:173>>Initializing Spring DispatcherServlet 'dispatcherServlet'
2023-12-20-17:04:01.214 INFO [http-nio-9961-exec-1]-
        org.springframework.web.servlet.FrameworkServlet:525>>Initializing Servlet 'dispatcherServlet'
2023-12-20-17:04:01.222 INFO [http-nio-9961-exec-1]-
        org.springframework.web.servlet.FrameworkServlet:547>>Completed initialization in 8 ms
2023-12-20-17:04:13.923 INFO [http-nio-9961-exec-2]-
        com.dynasty.blog.user.service.impl.BlogUserServiceImpl:81>>deleteFlag:0
2023-12-20-17:04:40.917 INFO [http-nio-9961-exec-5]-
        com.dynasty.blog.user.service.impl.BlogUserServiceImpl:81>>deleteFlag:0
2023-12-20-17:04:41.311 INFO [http-nio-9961-exec-5]-
        io.lettuce.core.EpollProvider:68>>Starting without optional epoll library
2023-12-20-17:04:41.313 INFO [http-nio-9961-exec-5]-
        io.lettuce.core.KqueueProvider:70>>Starting without optional kqueue library
2023-12-20-17:04:41.699 INFO [http-nio-9961-exec-5]-
        com.dynasty.blog.user.service.impl.BlogUserServiceImpl:101>>token:eyJhbGciOiJIUzI1NiIsInR5cCI6IkpXVCJ9.eyJleHAiOjE3MDMwNjY2ODAsImNsYWltcyI6eyJ1c2VyUGhvbmUiOiIxODczODgwNTAzNCIsInVzZXJOYW1lIjoi546L5pydIiwidXNlcklkIjozN319.Qk-mrgt7UJFj5Nz032nPyOgKCqjF9OeAX-1fSVZtPG0
2023-12-20-17:47:38.692 INFO [http-nio-9961-exec-7]-
        com.dynasty.blog.user.service.impl.BlogUserServiceImpl:81>>deleteFlag:0
2023-12-20-17:47:38.696 INFO [http-nio-9961-exec-7]-
        com.dynasty.blog.user.service.impl.BlogUserServiceImpl:101>>token:eyJhbGciOiJIUzI1NiIsInR5cCI6IkpXVCJ9.eyJleHAiOjE3MDMwNjkyNTgsImNsYWltcyI6eyJ1c2VyUGhvbmUiOiIxODczODgwNTAzNCIsInVzZXJOYW1lIjoi546L5pydIiwidXNlcklkIjozN319.dTrg7oIrt0pjhZ_MtR0dIc5_TN5Kn-mroFP9TN15k3s
2023-12-20-17:47:48.717 INFO [http-nio-9961-exec-9]-
        com.dynasty.blog.user.service.impl.BlogUserServiceImpl:81>>deleteFlag:0
2023-12-20-17:47:48.721 INFO [http-nio-9961-exec-9]-
        com.dynasty.blog.user.service.impl.BlogUserServiceImpl:101>>token:eyJhbGciOiJIUzI1NiIsInR5cCI6IkpXVCJ9.eyJleHAiOjE3MDMwNjkyNjgsImNsYWltcyI6eyJ1c2VyUGhvbmUiOiIxODczODgwNTAzNCIsInVzZXJOYW1lIjoi546L5pydIiwidXNlcklkIjozN319.zQvHnsytQ6-cYvyaFjhnpslNHc3E0jj720aGWNrQE3g
