2024-01-09-18:04:34.857 INFO [SpringContextShutdownHook]-
        org.springframework.core.log.CompositeLog:137>>Stopping...
2024-01-09-18:04:34.858 INFO [SpringContextShutdownHook]-
        org.springframework.core.log.CompositeLog:137>>BrokerAvailabilityEvent[available=false, SimpleBrokerMessageHandler [DefaultSubscriptionRegistry[cache[0 destination(s)], registry[0 sessions]]]]
2024-01-09-18:04:34.859 INFO [SpringContextShutdownHook]-
        org.springframework.core.log.CompositeLog:137>>Stopped.
2024-01-09-18:04:34.860 INFO [SpringContextShutdownHook]-
        org.springframework.scheduling.concurrent.ExecutorConfigurationSupport:208>>Shutting down ExecutorService 'brokerChannelExecutor'
2024-01-09-18:04:34.886 INFO [SpringContextShutdownHook]-
        org.springframework.scheduling.concurrent.ExecutorConfigurationSupport:208>>Shutting down ExecutorService 'messageBrokerTaskScheduler'
2024-01-09-18:04:34.887 INFO [SpringContextShutdownHook]-
        org.springframework.scheduling.concurrent.ExecutorConfigurationSupport:208>>Shutting down ExecutorService 'clientOutboundChannelExecutor'
2024-01-09-18:04:34.888 INFO [SpringContextShutdownHook]-
        org.springframework.scheduling.concurrent.ExecutorConfigurationSupport:208>>Shutting down ExecutorService 'clientInboundChannelExecutor'
2024-01-09-18:04:34.889 INFO [SpringContextShutdownHook]-
        com.alibaba.druid.pool.DruidDataSource:2174>>{dataSource-1} closing ...
2024-01-09-18:04:34.891 INFO [SpringContextShutdownHook]-
        com.alibaba.druid.pool.DruidDataSource:2247>>{dataSource-1} closed
2024-01-09-18:04:39.676 INFO [main]-
        org.springframework.boot.StartupInfoLogger:55>>Starting MyBlogUser9961Application on Dynasty with PID 19752 (F:\MyPlayGround\MyBlog\MyBlog\backend\my-blog-center\my-blog-user-9961\target\classes started by 17789 in F:\MyPlayGround\MyBlog\MyBlog)
2024-01-09-18:04:39.679 DEBUG [main]-
        org.springframework.boot.StartupInfoLogger:56>>Running with Spring Boot v2.2.2.RELEASE, Spring v5.2.2.RELEASE
2024-01-09-18:04:39.679 INFO [main]-
        org.springframework.boot.SpringApplication:651>>No active profile set, falling back to default profiles: default
2024-01-09-18:04:40.283 INFO [main]-
        org.springframework.data.repository.config.RepositoryConfigurationDelegate:249>>Multiple Spring Data modules found, entering strict repository configuration mode!
2024-01-09-18:04:40.286 INFO [main]-
        org.springframework.data.repository.config.RepositoryConfigurationDelegate:127>>Bootstrapping Spring Data Redis repositories in DEFAULT mode.
2024-01-09-18:04:40.311 INFO [main]-
        org.springframework.data.repository.config.RepositoryConfigurationDelegate:187>>Finished Spring Data repository scanning in 13ms. Found 0 Redis repository interfaces.
2024-01-09-18:04:40.593 INFO [main]-
        org.springframework.context.support.PostProcessorRegistrationDelegate$BeanPostProcessorChecker:330>>Bean 'org.springframework.transaction.annotation.ProxyTransactionManagementConfiguration' of type [org.springframework.transaction.annotation.ProxyTransactionManagementConfiguration] is not eligible for getting processed by all BeanPostProcessors (for example: not eligible for auto-proxying)
2024-01-09-18:04:40.929 INFO [main]-
        org.springframework.boot.web.embedded.tomcat.TomcatWebServer:92>>Tomcat initialized with port(s): 9961 (http)
2024-01-09-18:04:40.937 INFO [main]-
        org.apache.juli.logging.DirectJDKLog:173>>Initializing ProtocolHandler ["http-nio-9961"]
2024-01-09-18:04:40.938 INFO [main]-
        org.apache.juli.logging.DirectJDKLog:173>>Starting service [Tomcat]
2024-01-09-18:04:40.938 INFO [main]-
        org.apache.juli.logging.DirectJDKLog:173>>Starting Servlet engine: [Apache Tomcat/9.0.29]
2024-01-09-18:04:41.022 INFO [main]-
        org.apache.juli.logging.DirectJDKLog:173>>Initializing Spring embedded WebApplicationContext
2024-01-09-18:04:41.023 INFO [main]-
        org.springframework.boot.web.servlet.context.ServletWebServerApplicationContext:284>>Root WebApplicationContext: initialization completed in 1294 ms
2024-01-09-18:04:41.338 INFO [main]-
        com.dynasty.blog.user.config.MyConfig:22>>进入了Myconfig
2024-01-09-18:04:41.344 INFO [main]-
        com.alibaba.druid.spring.boot.autoconfigure.DruidDataSourceAutoConfigure:55>>Init DruidDataSource
2024-01-09-18:04:41.438 INFO [main]-
        com.alibaba.druid.pool.DruidDataSource:1009>>{dataSource-1} inited
2024-01-09-18:04:41.792 INFO [main]-
        org.springframework.scheduling.concurrent.ExecutorConfigurationSupport:171>>Initializing ExecutorService 'clientInboundChannelExecutor'
2024-01-09-18:04:41.794 INFO [main]-
        org.springframework.scheduling.concurrent.ExecutorConfigurationSupport:171>>Initializing ExecutorService 'clientOutboundChannelExecutor'
2024-01-09-18:04:41.799 INFO [main]-
        org.springframework.scheduling.concurrent.ExecutorConfigurationSupport:171>>Initializing ExecutorService 'messageBrokerTaskScheduler'
2024-01-09-18:04:41.830 INFO [main]-
        org.springframework.scheduling.concurrent.ExecutorConfigurationSupport:171>>Initializing ExecutorService 'brokerChannelExecutor'
2024-01-09-18:04:41.986 INFO [main]-
        org.springframework.boot.autoconfigure.web.servlet.WelcomePageHandlerMapping:54>>Adding welcome page: class path resource [static/index.html]
2024-01-09-18:04:42.201 INFO [main]-
        org.springframework.core.log.CompositeLog:137>>Starting...
2024-01-09-18:04:42.201 INFO [main]-
        org.springframework.core.log.CompositeLog:137>>BrokerAvailabilityEvent[available=true, SimpleBrokerMessageHandler [DefaultSubscriptionRegistry[cache[0 destination(s)], registry[0 sessions]]]]
2024-01-09-18:04:42.202 INFO [main]-
        org.springframework.core.log.CompositeLog:137>>Started.
2024-01-09-18:04:42.208 INFO [main]-
        org.apache.juli.logging.DirectJDKLog:173>>Starting ProtocolHandler ["http-nio-9961"]
2024-01-09-18:04:42.245 INFO [main]-
        org.springframework.boot.web.embedded.tomcat.TomcatWebServer:204>>Tomcat started on port(s): 9961 (http) with context path ''
2024-01-09-18:04:42.247 INFO [main]-
        org.springframework.boot.StartupInfoLogger:61>>Started MyBlogUser9961Application in 3.106 seconds (JVM running for 3.884)
2024-01-09-18:04:58.507 INFO [http-nio-9961-exec-1]-
        org.apache.juli.logging.DirectJDKLog:173>>Initializing Spring DispatcherServlet 'dispatcherServlet'
2024-01-09-18:04:58.507 INFO [http-nio-9961-exec-1]-
        org.springframework.web.servlet.FrameworkServlet:525>>Initializing Servlet 'dispatcherServlet'
2024-01-09-18:04:58.511 INFO [http-nio-9961-exec-1]-
        org.springframework.web.servlet.FrameworkServlet:547>>Completed initialization in 4 ms
2024-01-09-18:05:41.844 INFO [MessageBroker-1]-
        org.springframework.web.socket.config.WebSocketMessageBrokerStats:126>>WebSocketSession[1 current WS(1)-HttpStream(0)-HttpPoll(0), 1 total, 0 closed abnormally (0 connect failure, 0 send limit, 0 transport error)], stompSubProtocol[processed CONNECT(1)-CONNECTED(1)-DISCONNECT(0)], stompBrokerRelay[null], inboundChannel[pool size = 16, active threads = 0, queued tasks = 0, completed tasks = 18], outboundChannel[pool size = 5, active threads = 0, queued tasks = 0, completed tasks = 5], sockJsScheduler[pool size = 8, active threads = 1, queued tasks = 2, completed tasks = 9]
2024-01-09-18:11:10.666 INFO [SpringContextShutdownHook]-
        org.springframework.core.log.CompositeLog:137>>Stopping...
2024-01-09-18:11:10.666 INFO [SpringContextShutdownHook]-
        org.springframework.core.log.CompositeLog:137>>BrokerAvailabilityEvent[available=false, SimpleBrokerMessageHandler [DefaultSubscriptionRegistry[cache[0 destination(s)], registry[0 sessions]]]]
2024-01-09-18:11:10.666 INFO [SpringContextShutdownHook]-
        org.springframework.core.log.CompositeLog:137>>Stopped.
2024-01-09-18:11:10.667 INFO [SpringContextShutdownHook]-
        org.springframework.scheduling.concurrent.ExecutorConfigurationSupport:208>>Shutting down ExecutorService 'brokerChannelExecutor'
2024-01-09-18:11:10.668 INFO [SpringContextShutdownHook]-
        org.springframework.scheduling.concurrent.ExecutorConfigurationSupport:208>>Shutting down ExecutorService 'messageBrokerTaskScheduler'
2024-01-09-18:11:10.669 INFO [SpringContextShutdownHook]-
        org.springframework.scheduling.concurrent.ExecutorConfigurationSupport:208>>Shutting down ExecutorService 'clientOutboundChannelExecutor'
2024-01-09-18:11:10.669 INFO [SpringContextShutdownHook]-
        org.springframework.scheduling.concurrent.ExecutorConfigurationSupport:208>>Shutting down ExecutorService 'clientInboundChannelExecutor'
2024-01-09-18:11:10.670 INFO [SpringContextShutdownHook]-
        com.alibaba.druid.pool.DruidDataSource:2174>>{dataSource-1} closing ...
2024-01-09-18:11:10.671 INFO [SpringContextShutdownHook]-
        com.alibaba.druid.pool.DruidDataSource:2247>>{dataSource-1} closed
2024-01-09-18:11:15.633 INFO [main]-
        org.springframework.boot.StartupInfoLogger:55>>Starting MyBlogUser9961Application on Dynasty with PID 18764 (F:\MyPlayGround\MyBlog\MyBlog\backend\my-blog-center\my-blog-user-9961\target\classes started by 17789 in F:\MyPlayGround\MyBlog\MyBlog)
2024-01-09-18:11:15.639 DEBUG [main]-
        org.springframework.boot.StartupInfoLogger:56>>Running with Spring Boot v2.2.2.RELEASE, Spring v5.2.2.RELEASE
2024-01-09-18:11:15.640 INFO [main]-
        org.springframework.boot.SpringApplication:651>>No active profile set, falling back to default profiles: default
2024-01-09-18:11:16.299 INFO [main]-
        org.springframework.data.repository.config.RepositoryConfigurationDelegate:249>>Multiple Spring Data modules found, entering strict repository configuration mode!
2024-01-09-18:11:16.301 INFO [main]-
        org.springframework.data.repository.config.RepositoryConfigurationDelegate:127>>Bootstrapping Spring Data Redis repositories in DEFAULT mode.
2024-01-09-18:11:16.325 INFO [main]-
        org.springframework.data.repository.config.RepositoryConfigurationDelegate:187>>Finished Spring Data repository scanning in 13ms. Found 0 Redis repository interfaces.
2024-01-09-18:11:16.612 INFO [main]-
        org.springframework.context.support.PostProcessorRegistrationDelegate$BeanPostProcessorChecker:330>>Bean 'org.springframework.transaction.annotation.ProxyTransactionManagementConfiguration' of type [org.springframework.transaction.annotation.ProxyTransactionManagementConfiguration] is not eligible for getting processed by all BeanPostProcessors (for example: not eligible for auto-proxying)
2024-01-09-18:11:16.965 INFO [main]-
        org.springframework.boot.web.embedded.tomcat.TomcatWebServer:92>>Tomcat initialized with port(s): 9961 (http)
2024-01-09-18:11:16.974 INFO [main]-
        org.apache.juli.logging.DirectJDKLog:173>>Initializing ProtocolHandler ["http-nio-9961"]
2024-01-09-18:11:16.974 INFO [main]-
        org.apache.juli.logging.DirectJDKLog:173>>Starting service [Tomcat]
2024-01-09-18:11:16.974 INFO [main]-
        org.apache.juli.logging.DirectJDKLog:173>>Starting Servlet engine: [Apache Tomcat/9.0.29]
2024-01-09-18:11:17.060 INFO [main]-
        org.apache.juli.logging.DirectJDKLog:173>>Initializing Spring embedded WebApplicationContext
2024-01-09-18:11:17.061 INFO [main]-
        org.springframework.boot.web.servlet.context.ServletWebServerApplicationContext:284>>Root WebApplicationContext: initialization completed in 1354 ms
2024-01-09-18:11:17.368 INFO [main]-
        com.dynasty.blog.user.config.MyConfig:22>>进入了Myconfig
2024-01-09-18:11:17.375 INFO [main]-
        com.alibaba.druid.spring.boot.autoconfigure.DruidDataSourceAutoConfigure:55>>Init DruidDataSource
2024-01-09-18:11:17.467 INFO [main]-
        com.alibaba.druid.pool.DruidDataSource:1009>>{dataSource-1} inited
2024-01-09-18:11:17.763 INFO [main]-
        org.springframework.scheduling.concurrent.ExecutorConfigurationSupport:171>>Initializing ExecutorService 'clientInboundChannelExecutor'
2024-01-09-18:11:17.765 INFO [main]-
        org.springframework.scheduling.concurrent.ExecutorConfigurationSupport:171>>Initializing ExecutorService 'clientOutboundChannelExecutor'
2024-01-09-18:11:17.770 INFO [main]-
        org.springframework.scheduling.concurrent.ExecutorConfigurationSupport:171>>Initializing ExecutorService 'messageBrokerTaskScheduler'
2024-01-09-18:11:17.802 INFO [main]-
        org.springframework.scheduling.concurrent.ExecutorConfigurationSupport:171>>Initializing ExecutorService 'brokerChannelExecutor'
2024-01-09-18:11:18.164 INFO [main]-
        org.springframework.core.log.CompositeLog:137>>Starting...
2024-01-09-18:11:18.165 INFO [main]-
        org.springframework.core.log.CompositeLog:137>>BrokerAvailabilityEvent[available=true, SimpleBrokerMessageHandler [DefaultSubscriptionRegistry[cache[0 destination(s)], registry[0 sessions]]]]
2024-01-09-18:11:18.165 INFO [main]-
        org.springframework.core.log.CompositeLog:137>>Started.
2024-01-09-18:11:18.171 INFO [main]-
        org.apache.juli.logging.DirectJDKLog:173>>Starting ProtocolHandler ["http-nio-9961"]
2024-01-09-18:11:18.209 INFO [main]-
        org.springframework.boot.web.embedded.tomcat.TomcatWebServer:204>>Tomcat started on port(s): 9961 (http) with context path ''
2024-01-09-18:11:18.211 INFO [main]-
        org.springframework.boot.StartupInfoLogger:61>>Started MyBlogUser9961Application in 3.216 seconds (JVM running for 4.163)
2024-01-09-18:11:25.168 INFO [http-nio-9961-exec-1]-
        org.apache.juli.logging.DirectJDKLog:173>>Initializing Spring DispatcherServlet 'dispatcherServlet'
2024-01-09-18:11:25.168 INFO [http-nio-9961-exec-1]-
        org.springframework.web.servlet.FrameworkServlet:525>>Initializing Servlet 'dispatcherServlet'
2024-01-09-18:11:25.174 INFO [http-nio-9961-exec-1]-
        org.springframework.web.servlet.FrameworkServlet:547>>Completed initialization in 6 ms
2024-01-09-18:12:17.814 INFO [MessageBroker-6]-
        org.springframework.web.socket.config.WebSocketMessageBrokerStats:126>>WebSocketSession[1 current WS(1)-HttpStream(0)-HttpPoll(0), 1 total, 0 closed abnormally (0 connect failure, 0 send limit, 0 transport error)], stompSubProtocol[processed CONNECT(1)-CONNECTED(1)-DISCONNECT(0)], stompBrokerRelay[null], inboundChannel[pool size = 12, active threads = 0, queued tasks = 0, completed tasks = 12], outboundChannel[pool size = 3, active threads = 0, queued tasks = 0, completed tasks = 3], sockJsScheduler[pool size = 8, active threads = 1, queued tasks = 2, completed tasks = 12]
2024-01-09-18:42:17.827 INFO [MessageBroker-1]-
        org.springframework.web.socket.config.WebSocketMessageBrokerStats:126>>WebSocketSession[1 current WS(1)-HttpStream(0)-HttpPoll(0), 1 total, 0 closed abnormally (0 connect failure, 0 send limit, 0 transport error)], stompSubProtocol[processed CONNECT(1)-CONNECTED(1)-DISCONNECT(0)], stompBrokerRelay[null], inboundChannel[pool size = 0, active threads = 0, queued tasks = 0, completed tasks = 12], outboundChannel[pool size = 0, active threads = 0, queued tasks = 0, completed tasks = 3], sockJsScheduler[pool size = 8, active threads = 1, queued tasks = 2, completed tasks = 445]
2024-01-09-18:49:44.379 INFO [SpringContextShutdownHook]-
        org.springframework.core.log.CompositeLog:137>>Stopping...
2024-01-09-18:49:44.379 INFO [SpringContextShutdownHook]-
        org.springframework.core.log.CompositeLog:137>>BrokerAvailabilityEvent[available=false, SimpleBrokerMessageHandler [DefaultSubscriptionRegistry[cache[0 destination(s)], registry[0 sessions]]]]
2024-01-09-18:49:44.379 INFO [SpringContextShutdownHook]-
        org.springframework.core.log.CompositeLog:137>>Stopped.
2024-01-09-18:49:44.380 INFO [SpringContextShutdownHook]-
        org.springframework.scheduling.concurrent.ExecutorConfigurationSupport:208>>Shutting down ExecutorService 'brokerChannelExecutor'
2024-01-09-18:49:44.381 INFO [SpringContextShutdownHook]-
        org.springframework.scheduling.concurrent.ExecutorConfigurationSupport:208>>Shutting down ExecutorService 'messageBrokerTaskScheduler'
2024-01-09-18:49:44.381 INFO [SpringContextShutdownHook]-
        org.springframework.scheduling.concurrent.ExecutorConfigurationSupport:208>>Shutting down ExecutorService 'clientOutboundChannelExecutor'
2024-01-09-18:49:44.382 INFO [SpringContextShutdownHook]-
        org.springframework.scheduling.concurrent.ExecutorConfigurationSupport:208>>Shutting down ExecutorService 'clientInboundChannelExecutor'
2024-01-09-18:49:44.382 INFO [SpringContextShutdownHook]-
        com.alibaba.druid.pool.DruidDataSource:2174>>{dataSource-1} closing ...
2024-01-09-18:49:44.383 INFO [SpringContextShutdownHook]-
        com.alibaba.druid.pool.DruidDataSource:2247>>{dataSource-1} closed
2024-01-09-18:49:50.046 INFO [main]-
        org.springframework.boot.StartupInfoLogger:55>>Starting MyBlogUser9961Application on Dynasty with PID 19880 (F:\MyPlayGround\MyBlog\MyBlog\backend\my-blog-center\my-blog-user-9961\target\classes started by 17789 in F:\MyPlayGround\MyBlog\MyBlog)
2024-01-09-18:49:50.049 DEBUG [main]-
        org.springframework.boot.StartupInfoLogger:56>>Running with Spring Boot v2.2.2.RELEASE, Spring v5.2.2.RELEASE
2024-01-09-18:49:50.050 INFO [main]-
        org.springframework.boot.SpringApplication:651>>No active profile set, falling back to default profiles: default
2024-01-09-18:49:51.164 INFO [main]-
        org.springframework.data.repository.config.RepositoryConfigurationDelegate:249>>Multiple Spring Data modules found, entering strict repository configuration mode!
2024-01-09-18:49:51.167 INFO [main]-
        org.springframework.data.repository.config.RepositoryConfigurationDelegate:127>>Bootstrapping Spring Data Redis repositories in DEFAULT mode.
2024-01-09-18:49:51.193 INFO [main]-
        org.springframework.data.repository.config.RepositoryConfigurationDelegate:187>>Finished Spring Data repository scanning in 15ms. Found 0 Redis repository interfaces.
2024-01-09-18:49:51.536 INFO [main]-
        org.springframework.context.support.PostProcessorRegistrationDelegate$BeanPostProcessorChecker:330>>Bean 'org.springframework.transaction.annotation.ProxyTransactionManagementConfiguration' of type [org.springframework.transaction.annotation.ProxyTransactionManagementConfiguration] is not eligible for getting processed by all BeanPostProcessors (for example: not eligible for auto-proxying)
2024-01-09-18:49:52.070 INFO [main]-
        org.springframework.boot.web.embedded.tomcat.TomcatWebServer:92>>Tomcat initialized with port(s): 9961 (http)
2024-01-09-18:49:52.078 INFO [main]-
        org.apache.juli.logging.DirectJDKLog:173>>Initializing ProtocolHandler ["http-nio-9961"]
2024-01-09-18:49:52.079 INFO [main]-
        org.apache.juli.logging.DirectJDKLog:173>>Starting service [Tomcat]
2024-01-09-18:49:52.079 INFO [main]-
        org.apache.juli.logging.DirectJDKLog:173>>Starting Servlet engine: [Apache Tomcat/9.0.29]
2024-01-09-18:49:52.172 INFO [main]-
        org.apache.juli.logging.DirectJDKLog:173>>Initializing Spring embedded WebApplicationContext
2024-01-09-18:49:52.172 INFO [main]-
        org.springframework.boot.web.servlet.context.ServletWebServerApplicationContext:284>>Root WebApplicationContext: initialization completed in 2067 ms
2024-01-09-18:49:52.553 INFO [main]-
        com.dynasty.blog.user.config.MyConfig:22>>进入了Myconfig
2024-01-09-18:49:52.559 INFO [main]-
        com.alibaba.druid.spring.boot.autoconfigure.DruidDataSourceAutoConfigure:55>>Init DruidDataSource
2024-01-09-18:49:52.668 INFO [main]-
        com.alibaba.druid.pool.DruidDataSource:1009>>{dataSource-1} inited
2024-01-09-18:49:52.996 INFO [main]-
        org.springframework.scheduling.concurrent.ExecutorConfigurationSupport:171>>Initializing ExecutorService 'clientInboundChannelExecutor'
2024-01-09-18:49:52.998 INFO [main]-
        org.springframework.scheduling.concurrent.ExecutorConfigurationSupport:171>>Initializing ExecutorService 'clientOutboundChannelExecutor'
2024-01-09-18:49:53.002 INFO [main]-
        org.springframework.scheduling.concurrent.ExecutorConfigurationSupport:171>>Initializing ExecutorService 'messageBrokerTaskScheduler'
2024-01-09-18:49:53.033 INFO [main]-
        org.springframework.scheduling.concurrent.ExecutorConfigurationSupport:171>>Initializing ExecutorService 'brokerChannelExecutor'
2024-01-09-18:49:53.391 INFO [main]-
        org.springframework.core.log.CompositeLog:137>>Starting...
2024-01-09-18:49:53.391 INFO [main]-
        org.springframework.core.log.CompositeLog:137>>BrokerAvailabilityEvent[available=true, SimpleBrokerMessageHandler [DefaultSubscriptionRegistry[cache[0 destination(s)], registry[0 sessions]]]]
2024-01-09-18:49:53.392 INFO [main]-
        org.springframework.core.log.CompositeLog:137>>Started.
2024-01-09-18:49:53.398 INFO [main]-
        org.apache.juli.logging.DirectJDKLog:173>>Starting ProtocolHandler ["http-nio-9961"]
2024-01-09-18:49:53.439 INFO [main]-
        org.springframework.boot.web.embedded.tomcat.TomcatWebServer:204>>Tomcat started on port(s): 9961 (http) with context path ''
2024-01-09-18:49:53.442 INFO [main]-
        org.springframework.boot.StartupInfoLogger:61>>Started MyBlogUser9961Application in 4.094 seconds (JVM running for 5.039)
2024-01-09-18:50:00.529 INFO [http-nio-9961-exec-1]-
        org.apache.juli.logging.DirectJDKLog:173>>Initializing Spring DispatcherServlet 'dispatcherServlet'
2024-01-09-18:50:00.530 INFO [http-nio-9961-exec-1]-
        org.springframework.web.servlet.FrameworkServlet:525>>Initializing Servlet 'dispatcherServlet'
2024-01-09-18:50:00.535 INFO [http-nio-9961-exec-1]-
        org.springframework.web.servlet.FrameworkServlet:547>>Completed initialization in 5 ms
2024-01-09-18:50:53.037 INFO [MessageBroker-2]-
        org.springframework.web.socket.config.WebSocketMessageBrokerStats:126>>WebSocketSession[1 current WS(1)-HttpStream(0)-HttpPoll(0), 1 total, 0 closed abnormally (0 connect failure, 0 send limit, 0 transport error)], stompSubProtocol[processed CONNECT(1)-CONNECTED(1)-DISCONNECT(0)], stompBrokerRelay[null], inboundChannel[pool size = 12, active threads = 0, queued tasks = 0, completed tasks = 12], outboundChannel[pool size = 3, active threads = 0, queued tasks = 0, completed tasks = 3], sockJsScheduler[pool size = 8, active threads = 1, queued tasks = 2, completed tasks = 12]
2024-01-09-18:50:58.561 INFO [SpringContextShutdownHook]-
        org.springframework.core.log.CompositeLog:137>>Stopping...
2024-01-09-18:50:58.562 INFO [SpringContextShutdownHook]-
        org.springframework.core.log.CompositeLog:137>>BrokerAvailabilityEvent[available=false, SimpleBrokerMessageHandler [DefaultSubscriptionRegistry[cache[0 destination(s)], registry[0 sessions]]]]
2024-01-09-18:50:58.562 INFO [SpringContextShutdownHook]-
        org.springframework.core.log.CompositeLog:137>>Stopped.
2024-01-09-18:50:58.563 INFO [SpringContextShutdownHook]-
        org.springframework.scheduling.concurrent.ExecutorConfigurationSupport:208>>Shutting down ExecutorService 'brokerChannelExecutor'
2024-01-09-18:50:58.563 INFO [SpringContextShutdownHook]-
        org.springframework.scheduling.concurrent.ExecutorConfigurationSupport:208>>Shutting down ExecutorService 'messageBrokerTaskScheduler'
2024-01-09-18:50:58.564 INFO [SpringContextShutdownHook]-
        org.springframework.scheduling.concurrent.ExecutorConfigurationSupport:208>>Shutting down ExecutorService 'clientOutboundChannelExecutor'
2024-01-09-18:50:58.565 INFO [SpringContextShutdownHook]-
        org.springframework.scheduling.concurrent.ExecutorConfigurationSupport:208>>Shutting down ExecutorService 'clientInboundChannelExecutor'
2024-01-09-18:50:58.566 INFO [SpringContextShutdownHook]-
        com.alibaba.druid.pool.DruidDataSource:2174>>{dataSource-1} closing ...
2024-01-09-18:50:58.568 INFO [SpringContextShutdownHook]-
        com.alibaba.druid.pool.DruidDataSource:2247>>{dataSource-1} closed
2024-01-09-18:51:03.389 INFO [main]-
        org.springframework.boot.StartupInfoLogger:55>>Starting MyBlogUser9961Application on Dynasty with PID 18996 (F:\MyPlayGround\MyBlog\MyBlog\backend\my-blog-center\my-blog-user-9961\target\classes started by 17789 in F:\MyPlayGround\MyBlog\MyBlog)
2024-01-09-18:51:03.393 DEBUG [main]-
        org.springframework.boot.StartupInfoLogger:56>>Running with Spring Boot v2.2.2.RELEASE, Spring v5.2.2.RELEASE
2024-01-09-18:51:03.394 INFO [main]-
        org.springframework.boot.SpringApplication:651>>No active profile set, falling back to default profiles: default
2024-01-09-18:51:04.047 INFO [main]-
        org.springframework.data.repository.config.RepositoryConfigurationDelegate:249>>Multiple Spring Data modules found, entering strict repository configuration mode!
2024-01-09-18:51:04.049 INFO [main]-
        org.springframework.data.repository.config.RepositoryConfigurationDelegate:127>>Bootstrapping Spring Data Redis repositories in DEFAULT mode.
2024-01-09-18:51:04.072 INFO [main]-
        org.springframework.data.repository.config.RepositoryConfigurationDelegate:187>>Finished Spring Data repository scanning in 13ms. Found 0 Redis repository interfaces.
2024-01-09-18:51:04.355 INFO [main]-
        org.springframework.context.support.PostProcessorRegistrationDelegate$BeanPostProcessorChecker:330>>Bean 'org.springframework.transaction.annotation.ProxyTransactionManagementConfiguration' of type [org.springframework.transaction.annotation.ProxyTransactionManagementConfiguration] is not eligible for getting processed by all BeanPostProcessors (for example: not eligible for auto-proxying)
2024-01-09-18:51:04.691 INFO [main]-
        org.springframework.boot.web.embedded.tomcat.TomcatWebServer:92>>Tomcat initialized with port(s): 9961 (http)
2024-01-09-18:51:04.699 INFO [main]-
        org.apache.juli.logging.DirectJDKLog:173>>Initializing ProtocolHandler ["http-nio-9961"]
2024-01-09-18:51:04.700 INFO [main]-
        org.apache.juli.logging.DirectJDKLog:173>>Starting service [Tomcat]
2024-01-09-18:51:04.700 INFO [main]-
        org.apache.juli.logging.DirectJDKLog:173>>Starting Servlet engine: [Apache Tomcat/9.0.29]
2024-01-09-18:51:04.783 INFO [main]-
        org.apache.juli.logging.DirectJDKLog:173>>Initializing Spring embedded WebApplicationContext
2024-01-09-18:51:04.783 INFO [main]-
        org.springframework.boot.web.servlet.context.ServletWebServerApplicationContext:284>>Root WebApplicationContext: initialization completed in 1332 ms
2024-01-09-18:51:05.109 INFO [main]-
        com.dynasty.blog.user.config.MyConfig:22>>进入了Myconfig
2024-01-09-18:51:05.116 INFO [main]-
        com.alibaba.druid.spring.boot.autoconfigure.DruidDataSourceAutoConfigure:55>>Init DruidDataSource
2024-01-09-18:51:05.204 INFO [main]-
        com.alibaba.druid.pool.DruidDataSource:1009>>{dataSource-1} inited
2024-01-09-18:51:05.505 INFO [main]-
        org.springframework.scheduling.concurrent.ExecutorConfigurationSupport:171>>Initializing ExecutorService 'clientInboundChannelExecutor'
2024-01-09-18:51:05.508 INFO [main]-
        org.springframework.scheduling.concurrent.ExecutorConfigurationSupport:171>>Initializing ExecutorService 'clientOutboundChannelExecutor'
2024-01-09-18:51:05.512 INFO [main]-
        org.springframework.scheduling.concurrent.ExecutorConfigurationSupport:171>>Initializing ExecutorService 'messageBrokerTaskScheduler'
2024-01-09-18:51:05.542 INFO [main]-
        org.springframework.scheduling.concurrent.ExecutorConfigurationSupport:171>>Initializing ExecutorService 'brokerChannelExecutor'
2024-01-09-18:51:05.910 INFO [main]-
        org.springframework.core.log.CompositeLog:137>>Starting...
2024-01-09-18:51:05.910 INFO [main]-
        org.springframework.core.log.CompositeLog:137>>BrokerAvailabilityEvent[available=true, SimpleBrokerMessageHandler [DefaultSubscriptionRegistry[cache[0 destination(s)], registry[0 sessions]]]]
2024-01-09-18:51:05.911 INFO [main]-
        org.springframework.core.log.CompositeLog:137>>Started.
2024-01-09-18:51:05.916 INFO [main]-
        org.apache.juli.logging.DirectJDKLog:173>>Starting ProtocolHandler ["http-nio-9961"]
2024-01-09-18:51:05.957 INFO [main]-
        org.springframework.boot.web.embedded.tomcat.TomcatWebServer:204>>Tomcat started on port(s): 9961 (http) with context path ''
2024-01-09-18:51:05.959 INFO [main]-
        org.springframework.boot.StartupInfoLogger:61>>Started MyBlogUser9961Application in 3.182 seconds (JVM running for 4.052)
2024-01-09-18:51:12.722 INFO [http-nio-9961-exec-1]-
        org.apache.juli.logging.DirectJDKLog:173>>Initializing Spring DispatcherServlet 'dispatcherServlet'
2024-01-09-18:51:12.722 INFO [http-nio-9961-exec-1]-
        org.springframework.web.servlet.FrameworkServlet:525>>Initializing Servlet 'dispatcherServlet'
2024-01-09-18:51:12.726 INFO [http-nio-9961-exec-1]-
        org.springframework.web.servlet.FrameworkServlet:547>>Completed initialization in 3 ms
2024-01-09-18:51:16.645 INFO [clientInboundChannel-7]-
        com.dynasty.blog.user.controller.WebSocketController:28>>reply:你好
2024-01-09-18:52:05.553 INFO [MessageBroker-8]-
        org.springframework.web.socket.config.WebSocketMessageBrokerStats:126>>WebSocketSession[1 current WS(1)-HttpStream(0)-HttpPoll(0), 1 total, 0 closed abnormally (0 connect failure, 0 send limit, 0 transport error)], stompSubProtocol[processed CONNECT(1)-CONNECTED(1)-DISCONNECT(0)], stompBrokerRelay[null], inboundChannel[pool size = 9, active threads = 0, queued tasks = 0, completed tasks = 9], outboundChannel[pool size = 2, active threads = 0, queued tasks = 0, completed tasks = 2], sockJsScheduler[pool size = 8, active threads = 1, queued tasks = 2, completed tasks = 12]
2024-01-09-18:53:39.248 INFO [clientInboundChannel-19]-
        com.dynasty.blog.user.controller.WebSocketController:28>>reply:你好
2024-01-09-18:53:45.136 INFO [clientInboundChannel-22]-
        com.dynasty.blog.user.controller.WebSocketController:28>>reply:你在干嘛
2024-01-09-18:54:02.686 INFO [clientInboundChannel-25]-
        com.dynasty.blog.user.controller.WebSocketController:28>>reply:我在撒大顶顶顶顶顶大大大
2024-01-09-18:57:06.464 INFO [clientInboundChannel-35]-
        com.dynasty.blog.user.controller.WebSocketController:28>>reply:你好
2024-01-09-18:57:13.737 INFO [clientInboundChannel-38]-
        com.dynasty.blog.user.controller.WebSocketController:28>>reply:你在干嘛
