2023-12-15-10:34:46.531 INFO [main]-
        org.springframework.boot.StartupInfoLogger:55>>Starting MyBlogUser9961Application on Dynasty with PID 14288 (F:\MyPlayGround\MyBlog\MyBlog\backend\my-blog-center\my-blog-user-9961\target\classes started by 17789 in F:\MyPlayGround\MyBlog\MyBlog)
2023-12-15-10:34:46.535 INFO [main]-
        org.springframework.boot.SpringApplication:651>>No active profile set, falling back to default profiles: default
2023-12-15-10:34:48.471 INFO [main]-
        org.springframework.data.repository.config.RepositoryConfigurationDelegate:249>>Multiple Spring Data modules found, entering strict repository configuration mode!
2023-12-15-10:34:48.484 INFO [main]-
        org.springframework.data.repository.config.RepositoryConfigurationDelegate:127>>Bootstrapping Spring Data Redis repositories in DEFAULT mode.
2023-12-15-10:34:48.562 INFO [main]-
        org.springframework.data.repository.config.RepositoryConfigurationDelegate:187>>Finished Spring Data repository scanning in 22ms. Found 0 Redis repository interfaces.
2023-12-15-10:34:49.433 INFO [main]-
        org.springframework.context.support.PostProcessorRegistrationDelegate$BeanPostProcessorChecker:330>>Bean 'org.springframework.transaction.annotation.ProxyTransactionManagementConfiguration' of type [org.springframework.transaction.annotation.ProxyTransactionManagementConfiguration] is not eligible for getting processed by all BeanPostProcessors (for example: not eligible for auto-proxying)
2023-12-15-10:34:50.283 INFO [main]-
        org.springframework.boot.web.embedded.tomcat.TomcatWebServer:92>>Tomcat initialized with port(s): 9961 (http)
2023-12-15-10:34:50.292 INFO [main]-
        org.apache.juli.logging.DirectJDKLog:173>>Initializing ProtocolHandler ["http-nio-9961"]
2023-12-15-10:34:50.293 INFO [main]-
        org.apache.juli.logging.DirectJDKLog:173>>Starting service [Tomcat]
2023-12-15-10:34:50.293 INFO [main]-
        org.apache.juli.logging.DirectJDKLog:173>>Starting Servlet engine: [Apache Tomcat/9.0.29]
2023-12-15-10:34:50.398 INFO [main]-
        org.apache.juli.logging.DirectJDKLog:173>>Initializing Spring embedded WebApplicationContext
2023-12-15-10:34:50.398 INFO [main]-
        org.springframework.boot.web.servlet.context.ServletWebServerApplicationContext:284>>Root WebApplicationContext: initialization completed in 3790 ms
2023-12-15-10:34:51.413 INFO [main]-
        com.alibaba.druid.spring.boot.autoconfigure.DruidDataSourceAutoConfigure:56>>Init DruidDataSource
2023-12-15-10:34:51.749 INFO [main]-
        com.alibaba.druid.pool.DruidDataSource:998>>{dataSource-1} inited
2023-12-15-10:34:52.344 INFO [main]-
        org.springframework.scheduling.concurrent.ExecutorConfigurationSupport:171>>Initializing ExecutorService 'applicationTaskExecutor'
2023-12-15-10:34:52.454 INFO [main]-
        org.springframework.boot.autoconfigure.web.servlet.WelcomePageHandlerMapping:54>>Adding welcome page: class path resource [static/index.html]
2023-12-15-10:34:52.993 INFO [main]-
        org.apache.juli.logging.DirectJDKLog:173>>Starting ProtocolHandler ["http-nio-9961"]
2023-12-15-10:34:53.032 INFO [main]-
        org.springframework.boot.web.embedded.tomcat.TomcatWebServer:204>>Tomcat started on port(s): 9961 (http) with context path ''
2023-12-15-10:34:53.035 INFO [main]-
        org.springframework.boot.StartupInfoLogger:61>>Started MyBlogUser9961Application in 7.838 seconds (JVM running for 11.061)
2023-12-15-10:35:14.239 INFO [http-nio-9961-exec-1]-
        org.apache.juli.logging.DirectJDKLog:173>>Initializing Spring DispatcherServlet 'dispatcherServlet'
2023-12-15-10:35:14.240 INFO [http-nio-9961-exec-1]-
        org.springframework.web.servlet.FrameworkServlet:525>>Initializing Servlet 'dispatcherServlet'
2023-12-15-10:35:14.258 INFO [http-nio-9961-exec-1]-
        org.springframework.web.servlet.FrameworkServlet:547>>Completed initialization in 18 ms
2023-12-15-10:35:14.994 INFO [http-nio-9961-exec-1]-
        com.dynasty.blog.service.impl.BlogUserServiceImpl:70>>deleteFlag:0
2023-12-15-10:35:36.796 INFO [http-nio-9961-exec-2]-
        com.dynasty.blog.service.impl.BlogUserServiceImpl:70>>deleteFlag:0
2023-12-15-10:35:37.442 INFO [http-nio-9961-exec-2]-
        io.lettuce.core.EpollProvider:68>>Starting without optional epoll library
2023-12-15-10:35:37.443 INFO [http-nio-9961-exec-2]-
        io.lettuce.core.KqueueProvider:70>>Starting without optional kqueue library
2023-12-15-10:35:38.206 INFO [http-nio-9961-exec-2]-
        com.dynasty.blog.service.impl.BlogUserServiceImpl:95>>token:eyJhbGciOiJIUzI1NiIsInR5cCI6IkpXVCJ9.eyJleHAiOjE3MDI2MTEzMzYsImNsYWltcyI6eyJ1c2VyUGhvbmUiOiIxODczODgwNTAzNCIsInVzZXJOYW1lIjoi6LaF57qn566h55CG5ZGYIiwidXNlcklkIjoxNH19.y6j_luXrRJAMkln7nS5jReB-Vyw9VLCXagC_4D9q_d0
2023-12-15-10:37:25.839 INFO [http-nio-9961-exec-4]-
        com.dynasty.blog.config.userLoginInterceptor:40>>token:eyJhbGciOiJIUzI1NiIsInR5cCI6IkpXVCJ9.eyJleHAiOjE3MDI2MTEzMzYsImNsYWltcyI6eyJ1c2VyUGhvbmUiOiIxODczODgwNTAzNCIsInVzZXJOYW1lIjoi6LaF57qn566h55CG5ZGYIiwidXNlcklkIjoxNH19.y6j_luXrRJAMkln7nS5jReB-Vyw9VLCXagC_4D9q_d0.eyJleHAiOjE3MDI0NjE3MDksImNsYWltcyI6eyJ1c2VyUGhvbmUiOiIxODMzODgwNTAzNCIsInVzZXJOYW1lIjoi546LMSIsInVzZXJJZCI6OX19.pdszf4Tr7XYZKhkPHNTgswFmTIDVN1yQqbG_lXwbTww
2023-12-15-10:37:25.913 ERROR [http-nio-9961-exec-4]-
        org.apache.juli.logging.DirectJDKLog:175>>Servlet.service() for servlet [dispatcherServlet] in context with path [] threw exception [Request processing failed; nested exception is java.lang.RuntimeException: java.lang.NullPointerException: Cannot invoke "java.util.Map.get(Object)" because "map" is null] with root cause
java.lang.NullPointerException: Cannot invoke "java.util.Map.get(Object)" because "map" is null
	at com.dynasty.blog.config.userLoginInterceptor.preHandle(userLoginInterceptor.java:49)
	at org.springframework.web.servlet.HandlerExecutionChain.applyPreHandle(HandlerExecutionChain.java:141)
	at org.springframework.web.servlet.DispatcherServlet.doDispatch(DispatcherServlet.java:1035)
	at org.springframework.web.servlet.DispatcherServlet.doService(DispatcherServlet.java:943)
	at org.springframework.web.servlet.FrameworkServlet.processRequest(FrameworkServlet.java:1006)
	at org.springframework.web.servlet.FrameworkServlet.doPost(FrameworkServlet.java:909)
	at javax.servlet.http.HttpServlet.service(HttpServlet.java:660)
	at org.springframework.web.servlet.FrameworkServlet.service(FrameworkServlet.java:883)
	at javax.servlet.http.HttpServlet.service(HttpServlet.java:741)
	at org.apache.catalina.core.ApplicationFilterChain.internalDoFilter(ApplicationFilterChain.java:231)
	at org.apache.catalina.core.ApplicationFilterChain.doFilter(ApplicationFilterChain.java:166)
	at org.apache.tomcat.websocket.server.WsFilter.doFilter(WsFilter.java:53)
	at org.apache.catalina.core.ApplicationFilterChain.internalDoFilter(ApplicationFilterChain.java:193)
	at org.apache.catalina.core.ApplicationFilterChain.doFilter(ApplicationFilterChain.java:166)
	at org.springframework.web.filter.RequestContextFilter.doFilterInternal(RequestContextFilter.java:100)
	at org.springframework.web.filter.OncePerRequestFilter.doFilter(OncePerRequestFilter.java:119)
	at org.apache.catalina.core.ApplicationFilterChain.internalDoFilter(ApplicationFilterChain.java:193)
	at org.apache.catalina.core.ApplicationFilterChain.doFilter(ApplicationFilterChain.java:166)
	at org.springframework.web.filter.FormContentFilter.doFilterInternal(FormContentFilter.java:93)
	at org.springframework.web.filter.OncePerRequestFilter.doFilter(OncePerRequestFilter.java:119)
	at org.apache.catalina.core.ApplicationFilterChain.internalDoFilter(ApplicationFilterChain.java:193)
	at org.apache.catalina.core.ApplicationFilterChain.doFilter(ApplicationFilterChain.java:166)
	at org.springframework.web.filter.CharacterEncodingFilter.doFilterInternal(CharacterEncodingFilter.java:201)
	at org.springframework.web.filter.OncePerRequestFilter.doFilter(OncePerRequestFilter.java:119)
	at org.apache.catalina.core.ApplicationFilterChain.internalDoFilter(ApplicationFilterChain.java:193)
	at org.apache.catalina.core.ApplicationFilterChain.doFilter(ApplicationFilterChain.java:166)
	at org.apache.catalina.core.StandardWrapperValve.invoke(StandardWrapperValve.java:202)
	at org.apache.catalina.core.StandardContextValve.invoke(StandardContextValve.java:96)
	at org.apache.catalina.authenticator.AuthenticatorBase.invoke(AuthenticatorBase.java:526)
	at org.apache.catalina.core.StandardHostValve.invoke(StandardHostValve.java:139)
	at org.apache.catalina.valves.ErrorReportValve.invoke(ErrorReportValve.java:92)
	at org.apache.catalina.core.StandardEngineValve.invoke(StandardEngineValve.java:74)
	at org.apache.catalina.connector.CoyoteAdapter.service(CoyoteAdapter.java:343)
	at org.apache.coyote.http11.Http11Processor.service(Http11Processor.java:367)
	at org.apache.coyote.AbstractProcessorLight.process(AbstractProcessorLight.java:65)
	at org.apache.coyote.AbstractProtocol$ConnectionHandler.process(AbstractProtocol.java:860)
	at org.apache.tomcat.util.net.NioEndpoint$SocketProcessor.doRun(NioEndpoint.java:1591)
	at org.apache.tomcat.util.net.SocketProcessorBase.run(SocketProcessorBase.java:49)
	at java.base/java.util.concurrent.ThreadPoolExecutor.runWorker(ThreadPoolExecutor.java:1136)
	at java.base/java.util.concurrent.ThreadPoolExecutor$Worker.run(ThreadPoolExecutor.java:635)
	at org.apache.tomcat.util.threads.TaskThread$WrappingRunnable.run(TaskThread.java:61)
	at java.base/java.lang.Thread.run(Thread.java:833)
2023-12-15-10:37:25.938 INFO [http-nio-9961-exec-4]-
        com.dynasty.blog.config.userLoginInterceptor:40>>token:eyJhbGciOiJIUzI1NiIsInR5cCI6IkpXVCJ9.eyJleHAiOjE3MDI2MTEzMzYsImNsYWltcyI6eyJ1c2VyUGhvbmUiOiIxODczODgwNTAzNCIsInVzZXJOYW1lIjoi6LaF57qn566h55CG5ZGYIiwidXNlcklkIjoxNH19.y6j_luXrRJAMkln7nS5jReB-Vyw9VLCXagC_4D9q_d0.eyJleHAiOjE3MDI0NjE3MDksImNsYWltcyI6eyJ1c2VyUGhvbmUiOiIxODMzODgwNTAzNCIsInVzZXJOYW1lIjoi546LMSIsInVzZXJJZCI6OX19.pdszf4Tr7XYZKhkPHNTgswFmTIDVN1yQqbG_lXwbTww
2023-12-15-10:37:25.939 ERROR [http-nio-9961-exec-4]-
        org.apache.juli.logging.DirectJDKLog:175>>Servlet.service() for servlet [dispatcherServlet] threw exception
java.lang.NullPointerException: Cannot invoke "java.util.Map.get(Object)" because "map" is null
	at com.dynasty.blog.config.userLoginInterceptor.preHandle(userLoginInterceptor.java:49)
	at org.springframework.web.servlet.HandlerExecutionChain.applyPreHandle(HandlerExecutionChain.java:141)
	at org.springframework.web.servlet.DispatcherServlet.doDispatch(DispatcherServlet.java:1035)
	at org.springframework.web.servlet.DispatcherServlet.doService(DispatcherServlet.java:943)
	at org.springframework.web.servlet.FrameworkServlet.processRequest(FrameworkServlet.java:1006)
	at org.springframework.web.servlet.FrameworkServlet.doPost(FrameworkServlet.java:909)
	at javax.servlet.http.HttpServlet.service(HttpServlet.java:660)
	at org.springframework.web.servlet.FrameworkServlet.service(FrameworkServlet.java:883)
	at javax.servlet.http.HttpServlet.service(HttpServlet.java:741)
	at org.apache.catalina.core.ApplicationFilterChain.internalDoFilter(ApplicationFilterChain.java:231)
	at org.apache.catalina.core.ApplicationFilterChain.doFilter(ApplicationFilterChain.java:166)
	at org.apache.catalina.core.ApplicationDispatcher.invoke(ApplicationDispatcher.java:712)
	at org.apache.catalina.core.ApplicationDispatcher.processRequest(ApplicationDispatcher.java:461)
	at org.apache.catalina.core.ApplicationDispatcher.doForward(ApplicationDispatcher.java:384)
	at org.apache.catalina.core.ApplicationDispatcher.forward(ApplicationDispatcher.java:312)
	at org.apache.catalina.core.StandardHostValve.custom(StandardHostValve.java:394)
	at org.apache.catalina.core.StandardHostValve.status(StandardHostValve.java:253)
	at org.apache.catalina.core.StandardHostValve.throwable(StandardHostValve.java:348)
	at org.apache.catalina.core.StandardHostValve.invoke(StandardHostValve.java:173)
	at org.apache.catalina.valves.ErrorReportValve.invoke(ErrorReportValve.java:92)
	at org.apache.catalina.core.StandardEngineValve.invoke(StandardEngineValve.java:74)
	at org.apache.catalina.connector.CoyoteAdapter.service(CoyoteAdapter.java:343)
	at org.apache.coyote.http11.Http11Processor.service(Http11Processor.java:367)
	at org.apache.coyote.AbstractProcessorLight.process(AbstractProcessorLight.java:65)
	at org.apache.coyote.AbstractProtocol$ConnectionHandler.process(AbstractProtocol.java:860)
	at org.apache.tomcat.util.net.NioEndpoint$SocketProcessor.doRun(NioEndpoint.java:1591)
	at org.apache.tomcat.util.net.SocketProcessorBase.run(SocketProcessorBase.java:49)
	at java.base/java.util.concurrent.ThreadPoolExecutor.runWorker(ThreadPoolExecutor.java:1136)
	at java.base/java.util.concurrent.ThreadPoolExecutor$Worker.run(ThreadPoolExecutor.java:635)
	at org.apache.tomcat.util.threads.TaskThread$WrappingRunnable.run(TaskThread.java:61)
	at java.base/java.lang.Thread.run(Thread.java:833)
2023-12-15-10:37:25.940 ERROR [http-nio-9961-exec-4]-
        org.apache.juli.logging.DirectJDKLog:175>>Exception Processing ErrorPage[errorCode=0, location=/error]
org.springframework.web.util.NestedServletException: Request processing failed; nested exception is java.lang.RuntimeException: java.lang.NullPointerException: Cannot invoke "java.util.Map.get(Object)" because "map" is null
	at org.springframework.web.servlet.FrameworkServlet.processRequest(FrameworkServlet.java:1014)
	at org.springframework.web.servlet.FrameworkServlet.doPost(FrameworkServlet.java:909)
	at javax.servlet.http.HttpServlet.service(HttpServlet.java:660)
	at org.springframework.web.servlet.FrameworkServlet.service(FrameworkServlet.java:883)
	at javax.servlet.http.HttpServlet.service(HttpServlet.java:741)
	at org.apache.catalina.core.ApplicationFilterChain.internalDoFilter(ApplicationFilterChain.java:231)
	at org.apache.catalina.core.ApplicationFilterChain.doFilter(ApplicationFilterChain.java:166)
	at org.apache.catalina.core.ApplicationDispatcher.invoke(ApplicationDispatcher.java:712)
	at org.apache.catalina.core.ApplicationDispatcher.processRequest(ApplicationDispatcher.java:461)
	at org.apache.catalina.core.ApplicationDispatcher.doForward(ApplicationDispatcher.java:384)
	at org.apache.catalina.core.ApplicationDispatcher.forward(ApplicationDispatcher.java:312)
	at org.apache.catalina.core.StandardHostValve.custom(StandardHostValve.java:394)
	at org.apache.catalina.core.StandardHostValve.status(StandardHostValve.java:253)
	at org.apache.catalina.core.StandardHostValve.throwable(StandardHostValve.java:348)
	at org.apache.catalina.core.StandardHostValve.invoke(StandardHostValve.java:173)
	at org.apache.catalina.valves.ErrorReportValve.invoke(ErrorReportValve.java:92)
	at org.apache.catalina.core.StandardEngineValve.invoke(StandardEngineValve.java:74)
	at org.apache.catalina.connector.CoyoteAdapter.service(CoyoteAdapter.java:343)
	at org.apache.coyote.http11.Http11Processor.service(Http11Processor.java:367)
	at org.apache.coyote.AbstractProcessorLight.process(AbstractProcessorLight.java:65)
	at org.apache.coyote.AbstractProtocol$ConnectionHandler.process(AbstractProtocol.java:860)
	at org.apache.tomcat.util.net.NioEndpoint$SocketProcessor.doRun(NioEndpoint.java:1591)
	at org.apache.tomcat.util.net.SocketProcessorBase.run(SocketProcessorBase.java:49)
	at java.base/java.util.concurrent.ThreadPoolExecutor.runWorker(ThreadPoolExecutor.java:1136)
	at java.base/java.util.concurrent.ThreadPoolExecutor$Worker.run(ThreadPoolExecutor.java:635)
	at org.apache.tomcat.util.threads.TaskThread$WrappingRunnable.run(TaskThread.java:61)
	at java.base/java.lang.Thread.run(Thread.java:833)
Caused by: java.lang.RuntimeException: java.lang.NullPointerException: Cannot invoke "java.util.Map.get(Object)" because "map" is null
	at com.dynasty.blog.config.userLoginInterceptor.preHandle(userLoginInterceptor.java:67)
	at org.springframework.web.servlet.HandlerExecutionChain.applyPreHandle(HandlerExecutionChain.java:141)
	at org.springframework.web.servlet.DispatcherServlet.doDispatch(DispatcherServlet.java:1035)
	at org.springframework.web.servlet.DispatcherServlet.doService(DispatcherServlet.java:943)
	at org.springframework.web.servlet.FrameworkServlet.processRequest(FrameworkServlet.java:1006)
	... 26 common frames omitted
Caused by: java.lang.NullPointerException: Cannot invoke "java.util.Map.get(Object)" because "map" is null
	at com.dynasty.blog.config.userLoginInterceptor.preHandle(userLoginInterceptor.java:49)
	... 30 common frames omitted
2023-12-15-10:38:05.488 INFO [http-nio-9961-exec-5]-
        com.dynasty.blog.config.userLoginInterceptor:40>>token:eyJhbGciOiJIUzI1NiIsInR5cCI6IkpXVCJ9.eyJleHAiOjE3MDI2MTEzMzYsImNsYWltcyI6eyJ1c2VyUGhvbmUiOiIxODczODgwNTAzNCIsInVzZXJOYW1lIjoi6LaF57qn566h55CG5ZGYIiwidXNlcklkIjoxNH19.y6j_luXrRJAMkln7nS5jReB-Vyw9VLCXagC_4D9q_d0
2023-12-15-10:38:05.576 INFO [http-nio-9961-exec-5]-
        com.dynasty.blog.config.userLoginInterceptor:50>>userPhone:18738805034
2023-12-15-10:38:05.585 INFO [http-nio-9961-exec-5]-
        com.dynasty.blog.config.userLoginInterceptor:52>>redisToken:eyJhbGciOiJIUzI1NiIsInR5cCI6IkpXVCJ9.eyJleHAiOjE3MDI2MTEzMzYsImNsYWltcyI6eyJ1c2VyUGhvbmUiOiIxODczODgwNTAzNCIsInVzZXJOYW1lIjoi6LaF57qn566h55CG5ZGYIiwidXNlcklkIjoxNH19.y6j_luXrRJAMkln7nS5jReB-Vyw9VLCXagC_4D9q_d0
2023-12-15-10:38:05.586 INFO [http-nio-9961-exec-5]-
        com.dynasty.blog.config.userLoginInterceptor:59>>map:{userPhone=18738805034, userName=超级管理员, userId=14}
2023-12-15-10:38:05.719 INFO [http-nio-9961-exec-5]-
        com.dynasty.blog.service.impl.BlogUserServiceImpl:106>>userInfoList:{userName=dynasty, userEmail=17789944002@qq.com, icon=www.502.com, motto=如果有一天！}
2023-12-15-10:38:05.740 WARN [http-nio-9961-exec-5]-
        com.alibaba.druid.pool.DruidAbstractDataSource:1494>>discard long time none received connection. , jdbcUrl : jdbc:mysql://localhost:3306/myblog?useSSL=true&useUnicode=true&characterEncoding=UTF-8, version : 1.2.8, lastPacketReceivedIdleMillis : 148927
2023-12-15-10:43:01.409 INFO [SpringContextShutdownHook]-
        org.springframework.scheduling.concurrent.ExecutorConfigurationSupport:208>>Shutting down ExecutorService 'applicationTaskExecutor'
2023-12-15-10:43:01.409 INFO [SpringContextShutdownHook]-
        com.alibaba.druid.pool.DruidDataSource:2071>>{dataSource-1} closing ...
2023-12-15-10:43:01.428 INFO [SpringContextShutdownHook]-
        com.alibaba.druid.pool.DruidDataSource:2144>>{dataSource-1} closed
2023-12-15-10:43:06.069 INFO [main]-
        org.springframework.boot.StartupInfoLogger:55>>Starting MyBlogUser9961Application on Dynasty with PID 15376 (F:\MyPlayGround\MyBlog\MyBlog\backend\my-blog-center\my-blog-user-9961\target\classes started by 17789 in F:\MyPlayGround\MyBlog\MyBlog)
2023-12-15-10:43:06.074 INFO [main]-
        org.springframework.boot.SpringApplication:651>>No active profile set, falling back to default profiles: default
2023-12-15-10:43:06.607 INFO [main]-
        org.springframework.data.repository.config.RepositoryConfigurationDelegate:249>>Multiple Spring Data modules found, entering strict repository configuration mode!
2023-12-15-10:43:06.609 INFO [main]-
        org.springframework.data.repository.config.RepositoryConfigurationDelegate:127>>Bootstrapping Spring Data Redis repositories in DEFAULT mode.
2023-12-15-10:43:06.636 INFO [main]-
        org.springframework.data.repository.config.RepositoryConfigurationDelegate:187>>Finished Spring Data repository scanning in 16ms. Found 0 Redis repository interfaces.
2023-12-15-10:43:06.893 INFO [main]-
        org.springframework.context.support.PostProcessorRegistrationDelegate$BeanPostProcessorChecker:330>>Bean 'org.springframework.transaction.annotation.ProxyTransactionManagementConfiguration' of type [org.springframework.transaction.annotation.ProxyTransactionManagementConfiguration] is not eligible for getting processed by all BeanPostProcessors (for example: not eligible for auto-proxying)
2023-12-15-10:43:07.222 INFO [main]-
        org.springframework.boot.web.embedded.tomcat.TomcatWebServer:92>>Tomcat initialized with port(s): 9961 (http)
2023-12-15-10:43:07.231 INFO [main]-
        org.apache.juli.logging.DirectJDKLog:173>>Initializing ProtocolHandler ["http-nio-9961"]
2023-12-15-10:43:07.231 INFO [main]-
        org.apache.juli.logging.DirectJDKLog:173>>Starting service [Tomcat]
2023-12-15-10:43:07.231 INFO [main]-
        org.apache.juli.logging.DirectJDKLog:173>>Starting Servlet engine: [Apache Tomcat/9.0.29]
2023-12-15-10:43:07.305 INFO [main]-
        org.apache.juli.logging.DirectJDKLog:173>>Initializing Spring embedded WebApplicationContext
2023-12-15-10:43:07.306 INFO [main]-
        org.springframework.boot.web.servlet.context.ServletWebServerApplicationContext:284>>Root WebApplicationContext: initialization completed in 1184 ms
2023-12-15-10:43:07.607 INFO [main]-
        com.alibaba.druid.spring.boot.autoconfigure.DruidDataSourceAutoConfigure:56>>Init DruidDataSource
2023-12-15-10:43:07.687 INFO [main]-
        com.alibaba.druid.pool.DruidDataSource:998>>{dataSource-1} inited
2023-12-15-10:43:08.012 INFO [main]-
        org.springframework.scheduling.concurrent.ExecutorConfigurationSupport:171>>Initializing ExecutorService 'applicationTaskExecutor'
2023-12-15-10:43:08.060 INFO [main]-
        org.springframework.boot.autoconfigure.web.servlet.WelcomePageHandlerMapping:54>>Adding welcome page: class path resource [static/index.html]
2023-12-15-10:43:08.202 INFO [main]-
        org.apache.juli.logging.DirectJDKLog:173>>Starting ProtocolHandler ["http-nio-9961"]
2023-12-15-10:43:08.243 INFO [main]-
        org.springframework.boot.web.embedded.tomcat.TomcatWebServer:204>>Tomcat started on port(s): 9961 (http) with context path ''
2023-12-15-10:43:08.246 INFO [main]-
        org.springframework.boot.StartupInfoLogger:61>>Started MyBlogUser9961Application in 2.688 seconds (JVM running for 3.622)
2023-12-15-10:44:28.066 INFO [http-nio-9961-exec-1]-
        org.apache.juli.logging.DirectJDKLog:173>>Initializing Spring DispatcherServlet 'dispatcherServlet'
2023-12-15-10:44:28.067 INFO [http-nio-9961-exec-1]-
        org.springframework.web.servlet.FrameworkServlet:525>>Initializing Servlet 'dispatcherServlet'
2023-12-15-10:44:28.071 INFO [http-nio-9961-exec-1]-
        org.springframework.web.servlet.FrameworkServlet:547>>Completed initialization in 4 ms
2023-12-15-10:44:28.084 INFO [http-nio-9961-exec-1]-
        com.dynasty.blog.config.userLoginInterceptor:40>>token:eyJhbGciOiJIUzI1NiIsInR5cCI6IkpXVCJ9.eyJleHAiOjE3MDI2MTEzMzYsImNsYWltcyI6eyJ1c2VyUGhvbmUiOiIxODczODgwNTAzNCIsInVzZXJOYW1lIjoi6LaF57qn566h55CG5ZGYIiwidXNlcklkIjoxNH19.y6j_luXrRJAMkln7nS5jReB-Vyw9VLCXagC_4D9q_d0
2023-12-15-10:44:28.130 INFO [http-nio-9961-exec-1]-
        com.dynasty.blog.config.userLoginInterceptor:50>>userPhone:18738805034
2023-12-15-10:44:28.230 INFO [http-nio-9961-exec-1]-
        io.lettuce.core.EpollProvider:68>>Starting without optional epoll library
2023-12-15-10:44:28.232 INFO [http-nio-9961-exec-1]-
        io.lettuce.core.KqueueProvider:70>>Starting without optional kqueue library
2023-12-15-10:44:28.469 INFO [http-nio-9961-exec-1]-
        com.dynasty.blog.config.userLoginInterceptor:52>>redisToken:eyJhbGciOiJIUzI1NiIsInR5cCI6IkpXVCJ9.eyJleHAiOjE3MDI2MTEzMzYsImNsYWltcyI6eyJ1c2VyUGhvbmUiOiIxODczODgwNTAzNCIsInVzZXJOYW1lIjoi6LaF57qn566h55CG5ZGYIiwidXNlcklkIjoxNH19.y6j_luXrRJAMkln7nS5jReB-Vyw9VLCXagC_4D9q_d0
2023-12-15-10:44:28.470 INFO [http-nio-9961-exec-1]-
        com.dynasty.blog.config.userLoginInterceptor:59>>map:{userPhone=18738805034, userName=超级管理员, userId=14}
2023-12-15-10:44:28.560 INFO [http-nio-9961-exec-1]-
        com.dynasty.blog.service.impl.BlogUserServiceImpl:106>>userInfoList:{userName=dynasty, userEmail=17789944002@qq.com, icon=www.888.com, motto=如果有一天！}
2023-12-15-10:49:23.218 INFO [SpringContextShutdownHook]-
        org.springframework.scheduling.concurrent.ExecutorConfigurationSupport:208>>Shutting down ExecutorService 'applicationTaskExecutor'
2023-12-15-10:49:23.218 INFO [SpringContextShutdownHook]-
        com.alibaba.druid.pool.DruidDataSource:2071>>{dataSource-1} closing ...
2023-12-15-10:49:23.221 INFO [SpringContextShutdownHook]-
        com.alibaba.druid.pool.DruidDataSource:2144>>{dataSource-1} closed
2023-12-15-10:49:29.750 INFO [main]-
        org.springframework.boot.StartupInfoLogger:55>>Starting MyBlogUser9961Application on Dynasty with PID 4408 (F:\MyPlayGround\MyBlog\MyBlog\backend\my-blog-center\my-blog-user-9961\target\classes started by 17789 in F:\MyPlayGround\MyBlog\MyBlog)
2023-12-15-10:49:29.755 INFO [main]-
        org.springframework.boot.SpringApplication:651>>No active profile set, falling back to default profiles: default
2023-12-15-10:49:30.268 INFO [main]-
        org.springframework.data.repository.config.RepositoryConfigurationDelegate:249>>Multiple Spring Data modules found, entering strict repository configuration mode!
2023-12-15-10:49:30.270 INFO [main]-
        org.springframework.data.repository.config.RepositoryConfigurationDelegate:127>>Bootstrapping Spring Data Redis repositories in DEFAULT mode.
2023-12-15-10:49:30.298 INFO [main]-
        org.springframework.data.repository.config.RepositoryConfigurationDelegate:187>>Finished Spring Data repository scanning in 12ms. Found 0 Redis repository interfaces.
2023-12-15-10:49:30.554 INFO [main]-
        org.springframework.context.support.PostProcessorRegistrationDelegate$BeanPostProcessorChecker:330>>Bean 'org.springframework.transaction.annotation.ProxyTransactionManagementConfiguration' of type [org.springframework.transaction.annotation.ProxyTransactionManagementConfiguration] is not eligible for getting processed by all BeanPostProcessors (for example: not eligible for auto-proxying)
2023-12-15-10:49:30.878 INFO [main]-
        org.springframework.boot.web.embedded.tomcat.TomcatWebServer:92>>Tomcat initialized with port(s): 9961 (http)
2023-12-15-10:49:30.886 INFO [main]-
        org.apache.juli.logging.DirectJDKLog:173>>Initializing ProtocolHandler ["http-nio-9961"]
2023-12-15-10:49:30.887 INFO [main]-
        org.apache.juli.logging.DirectJDKLog:173>>Starting service [Tomcat]
2023-12-15-10:49:30.887 INFO [main]-
        org.apache.juli.logging.DirectJDKLog:173>>Starting Servlet engine: [Apache Tomcat/9.0.29]
2023-12-15-10:49:30.984 INFO [main]-
        org.apache.juli.logging.DirectJDKLog:173>>Initializing Spring embedded WebApplicationContext
2023-12-15-10:49:30.984 INFO [main]-
        org.springframework.boot.web.servlet.context.ServletWebServerApplicationContext:284>>Root WebApplicationContext: initialization completed in 1182 ms
2023-12-15-10:49:31.300 INFO [main]-
        com.alibaba.druid.spring.boot.autoconfigure.DruidDataSourceAutoConfigure:56>>Init DruidDataSource
2023-12-15-10:49:31.381 INFO [main]-
        com.alibaba.druid.pool.DruidDataSource:998>>{dataSource-1} inited
2023-12-15-10:49:31.707 INFO [main]-
        org.springframework.scheduling.concurrent.ExecutorConfigurationSupport:171>>Initializing ExecutorService 'applicationTaskExecutor'
2023-12-15-10:49:31.754 INFO [main]-
        org.springframework.boot.autoconfigure.web.servlet.WelcomePageHandlerMapping:54>>Adding welcome page: class path resource [static/index.html]
2023-12-15-10:49:31.907 INFO [main]-
        org.apache.juli.logging.DirectJDKLog:173>>Starting ProtocolHandler ["http-nio-9961"]
2023-12-15-10:49:31.953 INFO [main]-
        org.springframework.boot.web.embedded.tomcat.TomcatWebServer:204>>Tomcat started on port(s): 9961 (http) with context path ''
2023-12-15-10:49:31.956 INFO [main]-
        org.springframework.boot.StartupInfoLogger:61>>Started MyBlogUser9961Application in 2.68 seconds (JVM running for 3.425)
2023-12-15-10:50:02.078 INFO [http-nio-9961-exec-1]-
        org.apache.juli.logging.DirectJDKLog:173>>Initializing Spring DispatcherServlet 'dispatcherServlet'
2023-12-15-10:50:02.078 INFO [http-nio-9961-exec-1]-
        org.springframework.web.servlet.FrameworkServlet:525>>Initializing Servlet 'dispatcherServlet'
2023-12-15-10:50:02.082 INFO [http-nio-9961-exec-1]-
        org.springframework.web.servlet.FrameworkServlet:547>>Completed initialization in 4 ms
2023-12-15-10:50:02.092 INFO [http-nio-9961-exec-1]-
        com.dynasty.blog.config.userLoginInterceptor:40>>token:eyJhbGciOiJIUzI1NiIsInR5cCI6IkpXVCJ9.eyJleHAiOjE3MDI2MTEzMzYsImNsYWltcyI6eyJ1c2VyUGhvbmUiOiIxODczODgwNTAzNCIsInVzZXJOYW1lIjoi6LaF57qn566h55CG5ZGYIiwidXNlcklkIjoxNH19.y6j_luXrRJAMkln7nS5jReB-Vyw9VLCXagC_4D9q_d0
2023-12-15-10:50:02.136 INFO [http-nio-9961-exec-1]-
        com.dynasty.blog.config.userLoginInterceptor:50>>userPhone:18738805034
2023-12-15-10:50:02.226 INFO [http-nio-9961-exec-1]-
        io.lettuce.core.EpollProvider:68>>Starting without optional epoll library
2023-12-15-10:50:02.228 INFO [http-nio-9961-exec-1]-
        io.lettuce.core.KqueueProvider:70>>Starting without optional kqueue library
2023-12-15-10:50:02.427 INFO [http-nio-9961-exec-1]-
        com.dynasty.blog.config.userLoginInterceptor:52>>redisToken:eyJhbGciOiJIUzI1NiIsInR5cCI6IkpXVCJ9.eyJleHAiOjE3MDI2MTEzMzYsImNsYWltcyI6eyJ1c2VyUGhvbmUiOiIxODczODgwNTAzNCIsInVzZXJOYW1lIjoi6LaF57qn566h55CG5ZGYIiwidXNlcklkIjoxNH19.y6j_luXrRJAMkln7nS5jReB-Vyw9VLCXagC_4D9q_d0
2023-12-15-10:50:02.427 INFO [http-nio-9961-exec-1]-
        com.dynasty.blog.config.userLoginInterceptor:59>>map:{userPhone=18738805034, userName=超级管理员, userId=14}
2023-12-15-10:50:02.494 INFO [http-nio-9961-exec-1]-
        com.dynasty.blog.service.impl.BlogUserServiceImpl:106>>userInfoList:{userName=dynasty, userEmail=17789944002@qq.com, icon=www.888.com, motto=我要发发发！}
2023-12-15-10:55:28.345 INFO [SpringContextShutdownHook]-
        org.springframework.scheduling.concurrent.ExecutorConfigurationSupport:208>>Shutting down ExecutorService 'applicationTaskExecutor'
2023-12-15-10:55:28.346 INFO [SpringContextShutdownHook]-
        com.alibaba.druid.pool.DruidDataSource:2071>>{dataSource-1} closing ...
2023-12-15-10:55:28.349 INFO [SpringContextShutdownHook]-
        com.alibaba.druid.pool.DruidDataSource:2144>>{dataSource-1} closed
2023-12-15-10:55:33.777 INFO [main]-
        org.springframework.boot.StartupInfoLogger:55>>Starting MyBlogUser9961Application on Dynasty with PID 5264 (F:\MyPlayGround\MyBlog\MyBlog\backend\my-blog-center\my-blog-user-9961\target\classes started by 17789 in F:\MyPlayGround\MyBlog\MyBlog)
2023-12-15-10:55:33.781 INFO [main]-
        org.springframework.boot.SpringApplication:651>>No active profile set, falling back to default profiles: default
2023-12-15-10:55:34.356 INFO [main]-
        org.springframework.data.repository.config.RepositoryConfigurationDelegate:249>>Multiple Spring Data modules found, entering strict repository configuration mode!
2023-12-15-10:55:34.358 INFO [main]-
        org.springframework.data.repository.config.RepositoryConfigurationDelegate:127>>Bootstrapping Spring Data Redis repositories in DEFAULT mode.
2023-12-15-10:55:34.382 INFO [main]-
        org.springframework.data.repository.config.RepositoryConfigurationDelegate:187>>Finished Spring Data repository scanning in 12ms. Found 0 Redis repository interfaces.
2023-12-15-10:55:34.660 INFO [main]-
        org.springframework.context.support.PostProcessorRegistrationDelegate$BeanPostProcessorChecker:330>>Bean 'org.springframework.transaction.annotation.ProxyTransactionManagementConfiguration' of type [org.springframework.transaction.annotation.ProxyTransactionManagementConfiguration] is not eligible for getting processed by all BeanPostProcessors (for example: not eligible for auto-proxying)
2023-12-15-10:55:35.016 INFO [main]-
        org.springframework.boot.web.embedded.tomcat.TomcatWebServer:92>>Tomcat initialized with port(s): 9961 (http)
2023-12-15-10:55:35.024 INFO [main]-
        org.apache.juli.logging.DirectJDKLog:173>>Initializing ProtocolHandler ["http-nio-9961"]
2023-12-15-10:55:35.024 INFO [main]-
        org.apache.juli.logging.DirectJDKLog:173>>Starting service [Tomcat]
2023-12-15-10:55:35.024 INFO [main]-
        org.apache.juli.logging.DirectJDKLog:173>>Starting Servlet engine: [Apache Tomcat/9.0.29]
2023-12-15-10:55:35.100 INFO [main]-
        org.apache.juli.logging.DirectJDKLog:173>>Initializing Spring embedded WebApplicationContext
2023-12-15-10:55:35.101 INFO [main]-
        org.springframework.boot.web.servlet.context.ServletWebServerApplicationContext:284>>Root WebApplicationContext: initialization completed in 1256 ms
2023-12-15-10:55:35.444 INFO [main]-
        com.alibaba.druid.spring.boot.autoconfigure.DruidDataSourceAutoConfigure:56>>Init DruidDataSource
2023-12-15-10:55:35.527 INFO [main]-
        com.alibaba.druid.pool.DruidDataSource:998>>{dataSource-1} inited
2023-12-15-10:55:35.877 INFO [main]-
        org.springframework.scheduling.concurrent.ExecutorConfigurationSupport:171>>Initializing ExecutorService 'applicationTaskExecutor'
2023-12-15-10:55:35.926 INFO [main]-
        org.springframework.boot.autoconfigure.web.servlet.WelcomePageHandlerMapping:54>>Adding welcome page: class path resource [static/index.html]
2023-12-15-10:55:36.084 INFO [main]-
        org.apache.juli.logging.DirectJDKLog:173>>Starting ProtocolHandler ["http-nio-9961"]
2023-12-15-10:55:36.133 INFO [main]-
        org.springframework.boot.web.embedded.tomcat.TomcatWebServer:204>>Tomcat started on port(s): 9961 (http) with context path ''
2023-12-15-10:55:36.136 INFO [main]-
        org.springframework.boot.StartupInfoLogger:61>>Started MyBlogUser9961Application in 2.9 seconds (JVM running for 3.718)
2023-12-15-10:56:11.710 INFO [http-nio-9961-exec-1]-
        org.apache.juli.logging.DirectJDKLog:173>>Initializing Spring DispatcherServlet 'dispatcherServlet'
2023-12-15-10:56:11.710 INFO [http-nio-9961-exec-1]-
        org.springframework.web.servlet.FrameworkServlet:525>>Initializing Servlet 'dispatcherServlet'
2023-12-15-10:56:11.715 INFO [http-nio-9961-exec-1]-
        org.springframework.web.servlet.FrameworkServlet:547>>Completed initialization in 4 ms
2023-12-15-10:56:11.727 INFO [http-nio-9961-exec-1]-
        com.dynasty.blog.config.userLoginInterceptor:40>>token:eyJhbGciOiJIUzI1NiIsInR5cCI6IkpXVCJ9.eyJleHAiOjE3MDI2MTEzMzYsImNsYWltcyI6eyJ1c2VyUGhvbmUiOiIxODczODgwNTAzNCIsInVzZXJOYW1lIjoi6LaF57qn566h55CG5ZGYIiwidXNlcklkIjoxNH19.y6j_luXrRJAMkln7nS5jReB-Vyw9VLCXagC_4D9q_d0
2023-12-15-10:56:11.774 INFO [http-nio-9961-exec-1]-
        com.dynasty.blog.config.userLoginInterceptor:50>>userPhone:18738805034
2023-12-15-10:56:11.866 INFO [http-nio-9961-exec-1]-
        io.lettuce.core.EpollProvider:68>>Starting without optional epoll library
2023-12-15-10:56:11.868 INFO [http-nio-9961-exec-1]-
        io.lettuce.core.KqueueProvider:70>>Starting without optional kqueue library
2023-12-15-10:56:12.068 INFO [http-nio-9961-exec-1]-
        com.dynasty.blog.config.userLoginInterceptor:52>>redisToken:eyJhbGciOiJIUzI1NiIsInR5cCI6IkpXVCJ9.eyJleHAiOjE3MDI2MTEzMzYsImNsYWltcyI6eyJ1c2VyUGhvbmUiOiIxODczODgwNTAzNCIsInVzZXJOYW1lIjoi6LaF57qn566h55CG5ZGYIiwidXNlcklkIjoxNH19.y6j_luXrRJAMkln7nS5jReB-Vyw9VLCXagC_4D9q_d0
2023-12-15-10:56:12.068 INFO [http-nio-9961-exec-1]-
        com.dynasty.blog.config.userLoginInterceptor:59>>map:{userPhone=18738805034, userName=超级管理员, userId=14}
2023-12-15-10:56:12.136 INFO [http-nio-9961-exec-1]-
        com.dynasty.blog.service.impl.BlogUserServiceImpl:106>>userInfoList:{userName=dynasty, userEmail=17789944002@qq.com, icon=www.888.com, motto=我要发发财！}
2023-12-15-10:57:29.671 INFO [SpringContextShutdownHook]-
        org.springframework.scheduling.concurrent.ExecutorConfigurationSupport:208>>Shutting down ExecutorService 'applicationTaskExecutor'
2023-12-15-10:57:29.672 INFO [SpringContextShutdownHook]-
        com.alibaba.druid.pool.DruidDataSource:2071>>{dataSource-1} closing ...
2023-12-15-10:57:29.674 INFO [SpringContextShutdownHook]-
        com.alibaba.druid.pool.DruidDataSource:2144>>{dataSource-1} closed
2023-12-15-10:57:34.189 INFO [main]-
        org.springframework.boot.StartupInfoLogger:55>>Starting MyBlogUser9961Application on Dynasty with PID 16320 (F:\MyPlayGround\MyBlog\MyBlog\backend\my-blog-center\my-blog-user-9961\target\classes started by 17789 in F:\MyPlayGround\MyBlog\MyBlog)
2023-12-15-10:57:34.194 INFO [main]-
        org.springframework.boot.SpringApplication:651>>No active profile set, falling back to default profiles: default
2023-12-15-10:57:34.728 INFO [main]-
        org.springframework.data.repository.config.RepositoryConfigurationDelegate:249>>Multiple Spring Data modules found, entering strict repository configuration mode!
2023-12-15-10:57:34.730 INFO [main]-
        org.springframework.data.repository.config.RepositoryConfigurationDelegate:127>>Bootstrapping Spring Data Redis repositories in DEFAULT mode.
2023-12-15-10:57:34.759 INFO [main]-
        org.springframework.data.repository.config.RepositoryConfigurationDelegate:187>>Finished Spring Data repository scanning in 12ms. Found 0 Redis repository interfaces.
2023-12-15-10:57:35.010 INFO [main]-
        org.springframework.context.support.PostProcessorRegistrationDelegate$BeanPostProcessorChecker:330>>Bean 'org.springframework.transaction.annotation.ProxyTransactionManagementConfiguration' of type [org.springframework.transaction.annotation.ProxyTransactionManagementConfiguration] is not eligible for getting processed by all BeanPostProcessors (for example: not eligible for auto-proxying)
2023-12-15-10:57:35.344 INFO [main]-
        org.springframework.boot.web.embedded.tomcat.TomcatWebServer:92>>Tomcat initialized with port(s): 9961 (http)
2023-12-15-10:57:35.352 INFO [main]-
        org.apache.juli.logging.DirectJDKLog:173>>Initializing ProtocolHandler ["http-nio-9961"]
2023-12-15-10:57:35.353 INFO [main]-
        org.apache.juli.logging.DirectJDKLog:173>>Starting service [Tomcat]
2023-12-15-10:57:35.353 INFO [main]-
        org.apache.juli.logging.DirectJDKLog:173>>Starting Servlet engine: [Apache Tomcat/9.0.29]
2023-12-15-10:57:35.428 INFO [main]-
        org.apache.juli.logging.DirectJDKLog:173>>Initializing Spring embedded WebApplicationContext
2023-12-15-10:57:35.429 INFO [main]-
        org.springframework.boot.web.servlet.context.ServletWebServerApplicationContext:284>>Root WebApplicationContext: initialization completed in 1179 ms
2023-12-15-10:57:35.745 INFO [main]-
        com.alibaba.druid.spring.boot.autoconfigure.DruidDataSourceAutoConfigure:56>>Init DruidDataSource
2023-12-15-10:57:35.824 INFO [main]-
        com.alibaba.druid.pool.DruidDataSource:998>>{dataSource-1} inited
2023-12-15-10:57:36.167 INFO [main]-
        org.springframework.scheduling.concurrent.ExecutorConfigurationSupport:171>>Initializing ExecutorService 'applicationTaskExecutor'
2023-12-15-10:57:36.217 INFO [main]-
        org.springframework.boot.autoconfigure.web.servlet.WelcomePageHandlerMapping:54>>Adding welcome page: class path resource [static/index.html]
2023-12-15-10:57:36.366 INFO [main]-
        org.apache.juli.logging.DirectJDKLog:173>>Starting ProtocolHandler ["http-nio-9961"]
2023-12-15-10:57:36.413 INFO [main]-
        org.springframework.boot.web.embedded.tomcat.TomcatWebServer:204>>Tomcat started on port(s): 9961 (http) with context path ''
2023-12-15-10:57:36.415 INFO [main]-
        org.springframework.boot.StartupInfoLogger:61>>Started MyBlogUser9961Application in 2.708 seconds (JVM running for 3.469)
2023-12-15-10:57:55.571 INFO [http-nio-9961-exec-1]-
        org.apache.juli.logging.DirectJDKLog:173>>Initializing Spring DispatcherServlet 'dispatcherServlet'
2023-12-15-10:57:55.571 INFO [http-nio-9961-exec-1]-
        org.springframework.web.servlet.FrameworkServlet:525>>Initializing Servlet 'dispatcherServlet'
2023-12-15-10:57:55.576 INFO [http-nio-9961-exec-1]-
        org.springframework.web.servlet.FrameworkServlet:547>>Completed initialization in 4 ms
2023-12-15-10:57:55.587 INFO [http-nio-9961-exec-1]-
        com.dynasty.blog.config.userLoginInterceptor:40>>token:eyJhbGciOiJIUzI1NiIsInR5cCI6IkpXVCJ9.eyJleHAiOjE3MDI2MTEzMzYsImNsYWltcyI6eyJ1c2VyUGhvbmUiOiIxODczODgwNTAzNCIsInVzZXJOYW1lIjoi6LaF57qn566h55CG5ZGYIiwidXNlcklkIjoxNH19.y6j_luXrRJAMkln7nS5jReB-Vyw9VLCXagC_4D9q_d0
2023-12-15-10:57:55.637 INFO [http-nio-9961-exec-1]-
        com.dynasty.blog.config.userLoginInterceptor:50>>userPhone:18738805034
2023-12-15-10:57:55.732 INFO [http-nio-9961-exec-1]-
        io.lettuce.core.EpollProvider:68>>Starting without optional epoll library
2023-12-15-10:57:55.733 INFO [http-nio-9961-exec-1]-
        io.lettuce.core.KqueueProvider:70>>Starting without optional kqueue library
2023-12-15-10:57:55.946 INFO [http-nio-9961-exec-1]-
        com.dynasty.blog.config.userLoginInterceptor:52>>redisToken:eyJhbGciOiJIUzI1NiIsInR5cCI6IkpXVCJ9.eyJleHAiOjE3MDI2MTEzMzYsImNsYWltcyI6eyJ1c2VyUGhvbmUiOiIxODczODgwNTAzNCIsInVzZXJOYW1lIjoi6LaF57qn566h55CG5ZGYIiwidXNlcklkIjoxNH19.y6j_luXrRJAMkln7nS5jReB-Vyw9VLCXagC_4D9q_d0
2023-12-15-10:57:55.946 INFO [http-nio-9961-exec-1]-
        com.dynasty.blog.config.userLoginInterceptor:59>>map:{userPhone=18738805034, userName=超级管理员, userId=14}
2023-12-15-10:57:56.014 INFO [http-nio-9961-exec-1]-
        com.dynasty.blog.service.impl.BlogUserServiceImpl:106>>userInfoList:{userName=dynasty, userEmail=17789944002@qq.com, icon=www.888.com, motto=我要发发财了！}
