2023-12-17-14:08:15.500 INFO [main]-
        org.springframework.boot.StartupInfoLogger:55>>Starting MyBlogUser9961Application on Dynasty with PID 6760 (F:\MyPlayGround\MyBlog\MyBlog\backend\my-blog-center\my-blog-user-9961\target\classes started by 17789 in F:\MyPlayGround\MyBlog\MyBlog)
2023-12-17-14:08:15.503 DEBUG [main]-
        org.springframework.boot.StartupInfoLogger:56>>Running with Spring Boot v2.2.2.RELEASE, Spring v5.2.2.RELEASE
2023-12-17-14:08:15.503 INFO [main]-
        org.springframework.boot.SpringApplication:651>>No active profile set, falling back to default profiles: default
2023-12-17-14:08:17.597 INFO [main]-
        org.springframework.data.repository.config.RepositoryConfigurationDelegate:249>>Multiple Spring Data modules found, entering strict repository configuration mode!
2023-12-17-14:08:17.617 INFO [main]-
        org.springframework.data.repository.config.RepositoryConfigurationDelegate:127>>Bootstrapping Spring Data Redis repositories in DEFAULT mode.
2023-12-17-14:08:17.694 INFO [main]-
        org.springframework.data.repository.config.RepositoryConfigurationDelegate:187>>Finished Spring Data repository scanning in 23ms. Found 0 Redis repository interfaces.
2023-12-17-14:08:18.734 INFO [main]-
        org.springframework.context.support.PostProcessorRegistrationDelegate$BeanPostProcessorChecker:330>>Bean 'org.springframework.transaction.annotation.ProxyTransactionManagementConfiguration' of type [org.springframework.transaction.annotation.ProxyTransactionManagementConfiguration] is not eligible for getting processed by all BeanPostProcessors (for example: not eligible for auto-proxying)
2023-12-17-14:08:19.690 INFO [main]-
        org.springframework.boot.web.embedded.tomcat.TomcatWebServer:92>>Tomcat initialized with port(s): 9961 (http)
2023-12-17-14:08:19.709 INFO [main]-
        org.apache.juli.logging.DirectJDKLog:173>>Initializing ProtocolHandler ["http-nio-9961"]
2023-12-17-14:08:19.710 INFO [main]-
        org.apache.juli.logging.DirectJDKLog:173>>Starting service [Tomcat]
2023-12-17-14:08:19.711 INFO [main]-
        org.apache.juli.logging.DirectJDKLog:173>>Starting Servlet engine: [Apache Tomcat/9.0.29]
2023-12-17-14:08:19.842 INFO [main]-
        org.apache.juli.logging.DirectJDKLog:173>>Initializing Spring embedded WebApplicationContext
2023-12-17-14:08:19.843 INFO [main]-
        org.springframework.boot.web.servlet.context.ServletWebServerApplicationContext:284>>Root WebApplicationContext: initialization completed in 4244 ms
2023-12-17-14:08:20.985 INFO [main]-
        com.dynasty.blog.user.config.MyConfig:22>>进入了Myconfig
2023-12-17-14:08:21.004 INFO [main]-
        com.alibaba.druid.spring.boot.autoconfigure.DruidDataSourceAutoConfigure:55>>Init DruidDataSource
2023-12-17-14:08:21.290 INFO [main]-
        com.alibaba.druid.pool.DruidDataSource:1009>>{dataSource-1} inited
2023-12-17-14:08:21.901 INFO [main]-
        org.springframework.scheduling.concurrent.ExecutorConfigurationSupport:171>>Initializing ExecutorService 'applicationTaskExecutor'
2023-12-17-14:08:22.017 INFO [main]-
        org.springframework.boot.autoconfigure.web.servlet.WelcomePageHandlerMapping:54>>Adding welcome page: class path resource [static/index.html]
2023-12-17-14:08:22.525 INFO [main]-
        org.apache.juli.logging.DirectJDKLog:173>>Starting ProtocolHandler ["http-nio-9961"]
2023-12-17-14:08:22.581 INFO [main]-
        org.springframework.boot.web.embedded.tomcat.TomcatWebServer:204>>Tomcat started on port(s): 9961 (http) with context path ''
2023-12-17-14:08:22.587 INFO [main]-
        org.springframework.boot.StartupInfoLogger:61>>Started MyBlogUser9961Application in 8.477 seconds (JVM running for 11.42)
2023-12-17-14:08:54.182 INFO [http-nio-9961-exec-1]-
        org.apache.juli.logging.DirectJDKLog:173>>Initializing Spring DispatcherServlet 'dispatcherServlet'
2023-12-17-14:08:54.182 INFO [http-nio-9961-exec-1]-
        org.springframework.web.servlet.FrameworkServlet:525>>Initializing Servlet 'dispatcherServlet'
2023-12-17-14:08:54.219 INFO [http-nio-9961-exec-1]-
        org.springframework.web.servlet.FrameworkServlet:547>>Completed initialization in 37 ms
2023-12-17-14:08:55.001 INFO [http-nio-9961-exec-1]-
        com.dynasty.blog.user.service.impl.BlogUserServiceImpl:82>>deleteFlag:0
2023-12-17-14:08:55.421 INFO [http-nio-9961-exec-1]-
        io.lettuce.core.EpollProvider:68>>Starting without optional epoll library
2023-12-17-14:08:55.423 INFO [http-nio-9961-exec-1]-
        io.lettuce.core.KqueueProvider:70>>Starting without optional kqueue library
2023-12-17-14:08:55.788 INFO [http-nio-9961-exec-1]-
        com.dynasty.blog.user.service.impl.BlogUserServiceImpl:100>>token:eyJhbGciOiJIUzI1NiIsInR5cCI6IkpXVCJ9.eyJleHAiOjE3MDI3OTY5MzUsImNsYWltcyI6eyJ1c2VyUGhvbmUiOiIxODMwMDMyNTg2MSIsInVzZXJOYW1lIjoi6LaF57qn566h55CG5ZGYIiwidXNlcklkIjozNX19.j4W9uI-wc1SxIBL6TfW8tjwDLY5dSjEy6J1D44ETWZQ
2023-12-17-14:10:11.517 INFO [http-nio-9961-exec-3]-
        com.dynasty.blog.user.config.userLoginInterceptor:42>>token:eyJhbGciOiJIUzI1NiIsInR5cCI6IkpXVCJ9.eyJleHAiOjE3MDI3OTY5MzUsImNsYWltcyI6eyJ1c2VyUGhvbmUiOiIxODMwMDMyNTg2MSIsInVzZXJOYW1lIjoi6LaF57qn566h55CG5ZGYIiwidXNlcklkIjozNX19.j4W9uI-wc1SxIBL6TfW8tjwDLY5dSjEy6J1D44ETWZQ
2023-12-17-14:10:11.578 INFO [http-nio-9961-exec-3]-
        com.dynasty.blog.user.config.userLoginInterceptor:52>>userPhone:18300325861
2023-12-17-14:10:11.591 INFO [http-nio-9961-exec-3]-
        com.dynasty.blog.user.config.userLoginInterceptor:54>>redisToken:eyJhbGciOiJIUzI1NiIsInR5cCI6IkpXVCJ9.eyJleHAiOjE3MDI3OTY5MzUsImNsYWltcyI6eyJ1c2VyUGhvbmUiOiIxODMwMDMyNTg2MSIsInVzZXJOYW1lIjoi6LaF57qn566h55CG5ZGYIiwidXNlcklkIjozNX19.j4W9uI-wc1SxIBL6TfW8tjwDLY5dSjEy6J1D44ETWZQ
2023-12-17-14:10:11.591 INFO [http-nio-9961-exec-3]-
        com.dynasty.blog.user.config.userLoginInterceptor:61>>map:{userPhone=18300325861, userName=超级管理员, userId=35}
2023-12-17-14:10:11.685 ERROR [http-nio-9961-exec-3]-
        org.apache.juli.logging.DirectJDKLog:175>>Servlet.service() for servlet [dispatcherServlet] in context with path [] threw exception [Request processing failed; nested exception is java.lang.NullPointerException: Cannot invoke "org.springframework.web.multipart.MultipartFile.getOriginalFilename()" because "file" is null] with root cause
java.lang.NullPointerException: Cannot invoke "org.springframework.web.multipart.MultipartFile.getOriginalFilename()" because "file" is null
	at com.dynasty.blog.user.controller.BlogUserController.upload(BlogUserController.java:172)
	at java.base/jdk.internal.reflect.NativeMethodAccessorImpl.invoke0(Native Method)
	at java.base/jdk.internal.reflect.NativeMethodAccessorImpl.invoke(NativeMethodAccessorImpl.java:77)
	at java.base/jdk.internal.reflect.DelegatingMethodAccessorImpl.invoke(DelegatingMethodAccessorImpl.java:43)
	at java.base/java.lang.reflect.Method.invoke(Method.java:568)
	at org.springframework.web.method.support.InvocableHandlerMethod.doInvoke(InvocableHandlerMethod.java:190)
	at org.springframework.web.method.support.InvocableHandlerMethod.invokeForRequest(InvocableHandlerMethod.java:138)
	at org.springframework.web.servlet.mvc.method.annotation.ServletInvocableHandlerMethod.invokeAndHandle(ServletInvocableHandlerMethod.java:106)
	at org.springframework.web.servlet.mvc.method.annotation.RequestMappingHandlerAdapter.invokeHandlerMethod(RequestMappingHandlerAdapter.java:888)
	at org.springframework.web.servlet.mvc.method.annotation.RequestMappingHandlerAdapter.handleInternal(RequestMappingHandlerAdapter.java:793)
	at org.springframework.web.servlet.mvc.method.AbstractHandlerMethodAdapter.handle(AbstractHandlerMethodAdapter.java:87)
	at org.springframework.web.servlet.DispatcherServlet.doDispatch(DispatcherServlet.java:1040)
	at org.springframework.web.servlet.DispatcherServlet.doService(DispatcherServlet.java:943)
	at org.springframework.web.servlet.FrameworkServlet.processRequest(FrameworkServlet.java:1006)
	at org.springframework.web.servlet.FrameworkServlet.doPost(FrameworkServlet.java:909)
	at javax.servlet.http.HttpServlet.service(HttpServlet.java:660)
	at org.springframework.web.servlet.FrameworkServlet.service(FrameworkServlet.java:883)
	at javax.servlet.http.HttpServlet.service(HttpServlet.java:741)
	at org.apache.catalina.core.ApplicationFilterChain.internalDoFilter(ApplicationFilterChain.java:231)
	at org.apache.catalina.core.ApplicationFilterChain.doFilter(ApplicationFilterChain.java:166)
	at org.apache.tomcat.websocket.server.WsFilter.doFilter(WsFilter.java:53)
	at org.apache.catalina.core.ApplicationFilterChain.internalDoFilter(ApplicationFilterChain.java:193)
	at org.apache.catalina.core.ApplicationFilterChain.doFilter(ApplicationFilterChain.java:166)
	at org.springframework.web.filter.RequestContextFilter.doFilterInternal(RequestContextFilter.java:100)
	at org.springframework.web.filter.OncePerRequestFilter.doFilter(OncePerRequestFilter.java:119)
	at org.apache.catalina.core.ApplicationFilterChain.internalDoFilter(ApplicationFilterChain.java:193)
	at org.apache.catalina.core.ApplicationFilterChain.doFilter(ApplicationFilterChain.java:166)
	at org.springframework.web.filter.FormContentFilter.doFilterInternal(FormContentFilter.java:93)
	at org.springframework.web.filter.OncePerRequestFilter.doFilter(OncePerRequestFilter.java:119)
	at org.apache.catalina.core.ApplicationFilterChain.internalDoFilter(ApplicationFilterChain.java:193)
	at org.apache.catalina.core.ApplicationFilterChain.doFilter(ApplicationFilterChain.java:166)
	at org.springframework.web.filter.CharacterEncodingFilter.doFilterInternal(CharacterEncodingFilter.java:201)
	at org.springframework.web.filter.OncePerRequestFilter.doFilter(OncePerRequestFilter.java:119)
	at org.apache.catalina.core.ApplicationFilterChain.internalDoFilter(ApplicationFilterChain.java:193)
	at org.apache.catalina.core.ApplicationFilterChain.doFilter(ApplicationFilterChain.java:166)
	at org.apache.catalina.core.StandardWrapperValve.invoke(StandardWrapperValve.java:202)
	at org.apache.catalina.core.StandardContextValve.invoke(StandardContextValve.java:96)
	at org.apache.catalina.authenticator.AuthenticatorBase.invoke(AuthenticatorBase.java:526)
	at org.apache.catalina.core.StandardHostValve.invoke(StandardHostValve.java:139)
	at org.apache.catalina.valves.ErrorReportValve.invoke(ErrorReportValve.java:92)
	at org.apache.catalina.core.StandardEngineValve.invoke(StandardEngineValve.java:74)
	at org.apache.catalina.connector.CoyoteAdapter.service(CoyoteAdapter.java:343)
	at org.apache.coyote.http11.Http11Processor.service(Http11Processor.java:367)
	at org.apache.coyote.AbstractProcessorLight.process(AbstractProcessorLight.java:65)
	at org.apache.coyote.AbstractProtocol$ConnectionHandler.process(AbstractProtocol.java:860)
	at org.apache.tomcat.util.net.NioEndpoint$SocketProcessor.doRun(NioEndpoint.java:1591)
	at org.apache.tomcat.util.net.SocketProcessorBase.run(SocketProcessorBase.java:49)
	at java.base/java.util.concurrent.ThreadPoolExecutor.runWorker(ThreadPoolExecutor.java:1136)
	at java.base/java.util.concurrent.ThreadPoolExecutor$Worker.run(ThreadPoolExecutor.java:635)
	at org.apache.tomcat.util.threads.TaskThread$WrappingRunnable.run(TaskThread.java:61)
	at java.base/java.lang.Thread.run(Thread.java:833)
2023-12-17-14:10:11.700 INFO [http-nio-9961-exec-3]-
        com.dynasty.blog.user.config.userLoginInterceptor:42>>token:eyJhbGciOiJIUzI1NiIsInR5cCI6IkpXVCJ9.eyJleHAiOjE3MDI3OTY5MzUsImNsYWltcyI6eyJ1c2VyUGhvbmUiOiIxODMwMDMyNTg2MSIsInVzZXJOYW1lIjoi6LaF57qn566h55CG5ZGYIiwidXNlcklkIjozNX19.j4W9uI-wc1SxIBL6TfW8tjwDLY5dSjEy6J1D44ETWZQ
2023-12-17-14:10:11.700 INFO [http-nio-9961-exec-3]-
        com.dynasty.blog.user.config.userLoginInterceptor:52>>userPhone:18300325861
2023-12-17-14:10:11.701 INFO [http-nio-9961-exec-3]-
        com.dynasty.blog.user.config.userLoginInterceptor:54>>redisToken:eyJhbGciOiJIUzI1NiIsInR5cCI6IkpXVCJ9.eyJleHAiOjE3MDI3OTY5MzUsImNsYWltcyI6eyJ1c2VyUGhvbmUiOiIxODMwMDMyNTg2MSIsInVzZXJOYW1lIjoi6LaF57qn566h55CG5ZGYIiwidXNlcklkIjozNX19.j4W9uI-wc1SxIBL6TfW8tjwDLY5dSjEy6J1D44ETWZQ
2023-12-17-14:10:11.702 INFO [http-nio-9961-exec-3]-
        com.dynasty.blog.user.config.userLoginInterceptor:61>>map:{userPhone=18300325861, userName=超级管理员, userId=35}
2023-12-17-14:11:35.291 INFO [http-nio-9961-exec-2]-
        com.dynasty.blog.user.config.userLoginInterceptor:42>>token:eyJhbGciOiJIUzI1NiIsInR5cCI6IkpXVCJ9.eyJleHAiOjE3MDI3OTY5MzUsImNsYWltcyI6eyJ1c2VyUGhvbmUiOiIxODMwMDMyNTg2MSIsInVzZXJOYW1lIjoi6LaF57qn566h55CG5ZGYIiwidXNlcklkIjozNX19.j4W9uI-wc1SxIBL6TfW8tjwDLY5dSjEy6J1D44ETWZQ
2023-12-17-14:11:35.291 INFO [http-nio-9961-exec-2]-
        com.dynasty.blog.user.config.userLoginInterceptor:52>>userPhone:18300325861
2023-12-17-14:11:35.292 INFO [http-nio-9961-exec-2]-
        com.dynasty.blog.user.config.userLoginInterceptor:54>>redisToken:eyJhbGciOiJIUzI1NiIsInR5cCI6IkpXVCJ9.eyJleHAiOjE3MDI3OTY5MzUsImNsYWltcyI6eyJ1c2VyUGhvbmUiOiIxODMwMDMyNTg2MSIsInVzZXJOYW1lIjoi6LaF57qn566h55CG5ZGYIiwidXNlcklkIjozNX19.j4W9uI-wc1SxIBL6TfW8tjwDLY5dSjEy6J1D44ETWZQ
2023-12-17-14:11:35.293 INFO [http-nio-9961-exec-2]-
        com.dynasty.blog.user.config.userLoginInterceptor:61>>map:{userPhone=18300325861, userName=超级管理员, userId=35}
2023-12-17-14:18:11.208 INFO [SpringContextShutdownHook]-
        org.springframework.scheduling.concurrent.ExecutorConfigurationSupport:208>>Shutting down ExecutorService 'applicationTaskExecutor'
2023-12-17-14:18:11.209 INFO [SpringContextShutdownHook]-
        com.alibaba.druid.pool.DruidDataSource:2174>>{dataSource-1} closing ...
2023-12-17-14:18:11.258 INFO [SpringContextShutdownHook]-
        com.alibaba.druid.pool.DruidDataSource:2247>>{dataSource-1} closed
2023-12-17-14:18:28.490 INFO [main]-
        org.springframework.boot.StartupInfoLogger:55>>Starting MyBlogUser9961Application on Dynasty with PID 3396 (F:\MyPlayGround\MyBlog\MyBlog\backend\my-blog-center\my-blog-user-9961\target\classes started by 17789 in F:\MyPlayGround\MyBlog\MyBlog)
2023-12-17-14:18:28.497 DEBUG [main]-
        org.springframework.boot.StartupInfoLogger:56>>Running with Spring Boot v2.2.2.RELEASE, Spring v5.2.2.RELEASE
2023-12-17-14:18:28.498 INFO [main]-
        org.springframework.boot.SpringApplication:651>>No active profile set, falling back to default profiles: default
2023-12-17-14:18:29.975 INFO [main]-
        org.springframework.data.repository.config.RepositoryConfigurationDelegate:249>>Multiple Spring Data modules found, entering strict repository configuration mode!
2023-12-17-14:18:30.011 INFO [main]-
        org.springframework.data.repository.config.RepositoryConfigurationDelegate:127>>Bootstrapping Spring Data Redis repositories in DEFAULT mode.
2023-12-17-14:18:30.075 INFO [main]-
        org.springframework.data.repository.config.RepositoryConfigurationDelegate:187>>Finished Spring Data repository scanning in 32ms. Found 0 Redis repository interfaces.
2023-12-17-14:18:30.873 INFO [main]-
        org.springframework.context.support.PostProcessorRegistrationDelegate$BeanPostProcessorChecker:330>>Bean 'org.springframework.transaction.annotation.ProxyTransactionManagementConfiguration' of type [org.springframework.transaction.annotation.ProxyTransactionManagementConfiguration] is not eligible for getting processed by all BeanPostProcessors (for example: not eligible for auto-proxying)
2023-12-17-14:18:31.728 INFO [main]-
        org.springframework.boot.web.embedded.tomcat.TomcatWebServer:92>>Tomcat initialized with port(s): 9961 (http)
2023-12-17-14:18:31.763 INFO [main]-
        org.apache.juli.logging.DirectJDKLog:173>>Initializing ProtocolHandler ["http-nio-9961"]
2023-12-17-14:18:31.764 INFO [main]-
        org.apache.juli.logging.DirectJDKLog:173>>Starting service [Tomcat]
2023-12-17-14:18:31.765 INFO [main]-
        org.apache.juli.logging.DirectJDKLog:173>>Starting Servlet engine: [Apache Tomcat/9.0.29]
2023-12-17-14:18:31.979 INFO [main]-
        org.apache.juli.logging.DirectJDKLog:173>>Initializing Spring embedded WebApplicationContext
2023-12-17-14:18:31.979 INFO [main]-
        org.springframework.boot.web.servlet.context.ServletWebServerApplicationContext:284>>Root WebApplicationContext: initialization completed in 3368 ms
2023-12-17-14:18:32.872 INFO [main]-
        com.dynasty.blog.user.config.MyConfig:22>>进入了Myconfig
2023-12-17-14:18:32.886 INFO [main]-
        com.alibaba.druid.spring.boot.autoconfigure.DruidDataSourceAutoConfigure:55>>Init DruidDataSource
2023-12-17-14:18:33.166 INFO [main]-
        com.alibaba.druid.pool.DruidDataSource:1009>>{dataSource-1} inited
2023-12-17-14:18:34.181 INFO [main]-
        org.springframework.scheduling.concurrent.ExecutorConfigurationSupport:171>>Initializing ExecutorService 'applicationTaskExecutor'
2023-12-17-14:18:34.324 INFO [main]-
        org.springframework.boot.autoconfigure.web.servlet.WelcomePageHandlerMapping:54>>Adding welcome page: class path resource [static/index.html]
2023-12-17-14:18:34.921 INFO [main]-
        org.apache.juli.logging.DirectJDKLog:173>>Starting ProtocolHandler ["http-nio-9961"]
2023-12-17-14:18:35.013 INFO [main]-
        org.springframework.boot.web.embedded.tomcat.TomcatWebServer:204>>Tomcat started on port(s): 9961 (http) with context path ''
2023-12-17-14:18:35.019 INFO [main]-
        org.springframework.boot.StartupInfoLogger:61>>Started MyBlogUser9961Application in 7.705 seconds (JVM running for 9.675)
2023-12-17-14:18:40.366 INFO [http-nio-9961-exec-1]-
        org.apache.juli.logging.DirectJDKLog:173>>Initializing Spring DispatcherServlet 'dispatcherServlet'
2023-12-17-14:18:40.367 INFO [http-nio-9961-exec-1]-
        org.springframework.web.servlet.FrameworkServlet:525>>Initializing Servlet 'dispatcherServlet'
2023-12-17-14:18:40.398 INFO [http-nio-9961-exec-1]-
        org.springframework.web.servlet.FrameworkServlet:547>>Completed initialization in 30 ms
2023-12-17-14:18:40.522 INFO [http-nio-9961-exec-1]-
        com.dynasty.blog.user.config.userLoginInterceptor:42>>token:eyJhbGciOiJIUzI1NiIsInR5cCI6IkpXVCJ9.eyJleHAiOjE3MDI3OTY5MzUsImNsYWltcyI6eyJ1c2VyUGhvbmUiOiIxODMwMDMyNTg2MSIsInVzZXJOYW1lIjoi6LaF57qn566h55CG5ZGYIiwidXNlcklkIjozNX19.j4W9uI-wc1SxIBL6TfW8tjwDLY5dSjEy6J1D44ETWZQ
2023-12-17-14:18:40.639 INFO [http-nio-9961-exec-1]-
        com.dynasty.blog.user.config.userLoginInterceptor:52>>userPhone:18300325861
2023-12-17-14:18:40.907 INFO [http-nio-9961-exec-1]-
        io.lettuce.core.EpollProvider:68>>Starting without optional epoll library
2023-12-17-14:18:40.910 INFO [http-nio-9961-exec-1]-
        io.lettuce.core.KqueueProvider:70>>Starting without optional kqueue library
2023-12-17-14:18:41.441 INFO [http-nio-9961-exec-1]-
        com.dynasty.blog.user.config.userLoginInterceptor:54>>redisToken:eyJhbGciOiJIUzI1NiIsInR5cCI6IkpXVCJ9.eyJleHAiOjE3MDI3OTY5MzUsImNsYWltcyI6eyJ1c2VyUGhvbmUiOiIxODMwMDMyNTg2MSIsInVzZXJOYW1lIjoi6LaF57qn566h55CG5ZGYIiwidXNlcklkIjozNX19.j4W9uI-wc1SxIBL6TfW8tjwDLY5dSjEy6J1D44ETWZQ
2023-12-17-14:18:41.441 INFO [http-nio-9961-exec-1]-
        com.dynasty.blog.user.config.userLoginInterceptor:61>>map:{userPhone=18300325861, userName=超级管理员, userId=35}
2023-12-17-14:21:01.219 INFO [SpringContextShutdownHook]-
        org.springframework.scheduling.concurrent.ExecutorConfigurationSupport:208>>Shutting down ExecutorService 'applicationTaskExecutor'
2023-12-17-14:21:01.220 INFO [SpringContextShutdownHook]-
        com.alibaba.druid.pool.DruidDataSource:2174>>{dataSource-1} closing ...
2023-12-17-14:21:01.221 INFO [SpringContextShutdownHook]-
        com.alibaba.druid.pool.DruidDataSource:2247>>{dataSource-1} closed
2023-12-17-14:21:07.378 INFO [main]-
        org.springframework.boot.StartupInfoLogger:55>>Starting MyBlogUser9961Application on Dynasty with PID 13640 (F:\MyPlayGround\MyBlog\MyBlog\backend\my-blog-center\my-blog-user-9961\target\classes started by 17789 in F:\MyPlayGround\MyBlog\MyBlog)
2023-12-17-14:21:07.385 DEBUG [main]-
        org.springframework.boot.StartupInfoLogger:56>>Running with Spring Boot v2.2.2.RELEASE, Spring v5.2.2.RELEASE
2023-12-17-14:21:07.385 INFO [main]-
        org.springframework.boot.SpringApplication:651>>No active profile set, falling back to default profiles: default
2023-12-17-14:21:09.007 INFO [main]-
        org.springframework.data.repository.config.RepositoryConfigurationDelegate:249>>Multiple Spring Data modules found, entering strict repository configuration mode!
2023-12-17-14:21:09.009 INFO [main]-
        org.springframework.data.repository.config.RepositoryConfigurationDelegate:127>>Bootstrapping Spring Data Redis repositories in DEFAULT mode.
2023-12-17-14:21:09.042 INFO [main]-
        org.springframework.data.repository.config.RepositoryConfigurationDelegate:187>>Finished Spring Data repository scanning in 17ms. Found 0 Redis repository interfaces.
2023-12-17-14:21:09.383 INFO [main]-
        org.springframework.context.support.PostProcessorRegistrationDelegate$BeanPostProcessorChecker:330>>Bean 'org.springframework.transaction.annotation.ProxyTransactionManagementConfiguration' of type [org.springframework.transaction.annotation.ProxyTransactionManagementConfiguration] is not eligible for getting processed by all BeanPostProcessors (for example: not eligible for auto-proxying)
2023-12-17-14:21:09.760 INFO [main]-
        org.springframework.boot.web.embedded.tomcat.TomcatWebServer:92>>Tomcat initialized with port(s): 9961 (http)
2023-12-17-14:21:09.770 INFO [main]-
        org.apache.juli.logging.DirectJDKLog:173>>Initializing ProtocolHandler ["http-nio-9961"]
2023-12-17-14:21:09.771 INFO [main]-
        org.apache.juli.logging.DirectJDKLog:173>>Starting service [Tomcat]
2023-12-17-14:21:09.771 INFO [main]-
        org.apache.juli.logging.DirectJDKLog:173>>Starting Servlet engine: [Apache Tomcat/9.0.29]
2023-12-17-14:21:09.868 INFO [main]-
        org.apache.juli.logging.DirectJDKLog:173>>Initializing Spring embedded WebApplicationContext
2023-12-17-14:21:09.868 INFO [main]-
        org.springframework.boot.web.servlet.context.ServletWebServerApplicationContext:284>>Root WebApplicationContext: initialization completed in 2377 ms
2023-12-17-14:21:10.258 INFO [main]-
        com.dynasty.blog.user.config.MyConfig:22>>进入了Myconfig
2023-12-17-14:21:10.265 INFO [main]-
        com.alibaba.druid.spring.boot.autoconfigure.DruidDataSourceAutoConfigure:55>>Init DruidDataSource
2023-12-17-14:21:10.368 INFO [main]-
        com.alibaba.druid.pool.DruidDataSource:1009>>{dataSource-1} inited
2023-12-17-14:21:10.784 INFO [main]-
        org.springframework.scheduling.concurrent.ExecutorConfigurationSupport:171>>Initializing ExecutorService 'applicationTaskExecutor'
2023-12-17-14:21:10.843 INFO [main]-
        org.springframework.boot.autoconfigure.web.servlet.WelcomePageHandlerMapping:54>>Adding welcome page: class path resource [static/index.html]
2023-12-17-14:21:11.064 INFO [main]-
        org.apache.juli.logging.DirectJDKLog:173>>Starting ProtocolHandler ["http-nio-9961"]
2023-12-17-14:21:11.121 INFO [main]-
        org.springframework.boot.web.embedded.tomcat.TomcatWebServer:204>>Tomcat started on port(s): 9961 (http) with context path ''
2023-12-17-14:21:11.125 INFO [main]-
        org.springframework.boot.StartupInfoLogger:61>>Started MyBlogUser9961Application in 4.466 seconds (JVM running for 5.425)
2023-12-17-14:21:25.206 INFO [http-nio-9961-exec-1]-
        org.apache.juli.logging.DirectJDKLog:173>>Initializing Spring DispatcherServlet 'dispatcherServlet'
2023-12-17-14:21:25.206 INFO [http-nio-9961-exec-1]-
        org.springframework.web.servlet.FrameworkServlet:525>>Initializing Servlet 'dispatcherServlet'
2023-12-17-14:21:25.209 INFO [http-nio-9961-exec-1]-
        org.springframework.web.servlet.FrameworkServlet:547>>Completed initialization in 3 ms
2023-12-17-14:21:25.251 INFO [http-nio-9961-exec-1]-
        com.dynasty.blog.user.config.userLoginInterceptor:42>>token:eyJhbGciOiJIUzI1NiIsInR5cCI6IkpXVCJ9.eyJleHAiOjE3MDI3OTY5MzUsImNsYWltcyI6eyJ1c2VyUGhvbmUiOiIxODMwMDMyNTg2MSIsInVzZXJOYW1lIjoi6LaF57qn566h55CG5ZGYIiwidXNlcklkIjozNX19.j4W9uI-wc1SxIBL6TfW8tjwDLY5dSjEy6J1D44ETWZQ
2023-12-17-14:21:25.298 INFO [http-nio-9961-exec-1]-
        com.dynasty.blog.user.config.userLoginInterceptor:52>>userPhone:18300325861
2023-12-17-14:21:25.394 INFO [http-nio-9961-exec-1]-
        io.lettuce.core.EpollProvider:68>>Starting without optional epoll library
2023-12-17-14:21:25.395 INFO [http-nio-9961-exec-1]-
        io.lettuce.core.KqueueProvider:70>>Starting without optional kqueue library
2023-12-17-14:21:25.623 INFO [http-nio-9961-exec-1]-
        com.dynasty.blog.user.config.userLoginInterceptor:54>>redisToken:eyJhbGciOiJIUzI1NiIsInR5cCI6IkpXVCJ9.eyJleHAiOjE3MDI3OTY5MzUsImNsYWltcyI6eyJ1c2VyUGhvbmUiOiIxODMwMDMyNTg2MSIsInVzZXJOYW1lIjoi6LaF57qn566h55CG5ZGYIiwidXNlcklkIjozNX19.j4W9uI-wc1SxIBL6TfW8tjwDLY5dSjEy6J1D44ETWZQ
2023-12-17-14:21:25.623 INFO [http-nio-9961-exec-1]-
        com.dynasty.blog.user.config.userLoginInterceptor:61>>map:{userPhone=18300325861, userName=超级管理员, userId=35}
2023-12-17-14:38:04.404 INFO [SpringContextShutdownHook]-
        org.springframework.scheduling.concurrent.ExecutorConfigurationSupport:208>>Shutting down ExecutorService 'applicationTaskExecutor'
2023-12-17-14:38:04.405 INFO [SpringContextShutdownHook]-
        com.alibaba.druid.pool.DruidDataSource:2174>>{dataSource-1} closing ...
2023-12-17-14:38:04.406 INFO [SpringContextShutdownHook]-
        com.alibaba.druid.pool.DruidDataSource:2247>>{dataSource-1} closed
