2023-12-19-00:47:08.060 INFO [SpringContextShutdownHook]-
        org.springframework.scheduling.concurrent.ExecutorConfigurationSupport:208>>Shutting down ExecutorService 'applicationTaskExecutor'
2023-12-19-00:47:08.061 INFO [SpringContextShutdownHook]-
        com.alibaba.druid.pool.DruidDataSource:2174>>{dataSource-1} closing ...
2023-12-19-00:47:08.062 INFO [SpringContextShutdownHook]-
        com.alibaba.druid.pool.DruidDataSource:2247>>{dataSource-1} closed
2023-12-19-00:47:16.340 INFO [main]-
        org.springframework.boot.StartupInfoLogger:55>>Starting MyBlogUser9961Application on Dynasty with PID 3252 (F:\MyPlayGround\MyBlog\MyBlog\backend\my-blog-center\my-blog-user-9961\target\classes started by 17789 in F:\MyPlayGround\MyBlog\MyBlog)
2023-12-19-00:47:16.344 DEBUG [main]-
        org.springframework.boot.StartupInfoLogger:56>>Running with Spring Boot v2.2.2.RELEASE, Spring v5.2.2.RELEASE
2023-12-19-00:47:16.345 INFO [main]-
        org.springframework.boot.SpringApplication:651>>No active profile set, falling back to default profiles: default
2023-12-19-00:47:16.971 INFO [main]-
        org.springframework.data.repository.config.RepositoryConfigurationDelegate:249>>Multiple Spring Data modules found, entering strict repository configuration mode!
2023-12-19-00:47:16.973 INFO [main]-
        org.springframework.data.repository.config.RepositoryConfigurationDelegate:127>>Bootstrapping Spring Data Redis repositories in DEFAULT mode.
2023-12-19-00:47:17.004 INFO [main]-
        org.springframework.data.repository.config.RepositoryConfigurationDelegate:187>>Finished Spring Data repository scanning in 17ms. Found 0 Redis repository interfaces.
2023-12-19-00:47:17.350 INFO [main]-
        org.springframework.context.support.PostProcessorRegistrationDelegate$BeanPostProcessorChecker:330>>Bean 'org.springframework.transaction.annotation.ProxyTransactionManagementConfiguration' of type [org.springframework.transaction.annotation.ProxyTransactionManagementConfiguration] is not eligible for getting processed by all BeanPostProcessors (for example: not eligible for auto-proxying)
2023-12-19-00:47:17.729 INFO [main]-
        org.springframework.boot.web.embedded.tomcat.TomcatWebServer:92>>Tomcat initialized with port(s): 9961 (http)
2023-12-19-00:47:17.737 INFO [main]-
        org.apache.juli.logging.DirectJDKLog:173>>Initializing ProtocolHandler ["http-nio-9961"]
2023-12-19-00:47:17.737 INFO [main]-
        org.apache.juli.logging.DirectJDKLog:173>>Starting service [Tomcat]
2023-12-19-00:47:17.737 INFO [main]-
        org.apache.juli.logging.DirectJDKLog:173>>Starting Servlet engine: [Apache Tomcat/9.0.29]
2023-12-19-00:47:17.821 INFO [main]-
        org.apache.juli.logging.DirectJDKLog:173>>Initializing Spring embedded WebApplicationContext
2023-12-19-00:47:17.822 INFO [main]-
        org.springframework.boot.web.servlet.context.ServletWebServerApplicationContext:284>>Root WebApplicationContext: initialization completed in 1432 ms
2023-12-19-00:47:18.145 INFO [main]-
        com.dynasty.blog.user.config.MyConfig:22>>进入了Myconfig
2023-12-19-00:47:18.154 INFO [main]-
        com.alibaba.druid.spring.boot.autoconfigure.DruidDataSourceAutoConfigure:55>>Init DruidDataSource
2023-12-19-00:47:18.250 INFO [main]-
        com.alibaba.druid.pool.DruidDataSource:1009>>{dataSource-1} inited
2023-12-19-00:47:18.616 INFO [main]-
        org.springframework.scheduling.concurrent.ExecutorConfigurationSupport:171>>Initializing ExecutorService 'applicationTaskExecutor'
2023-12-19-00:47:18.676 INFO [main]-
        org.springframework.boot.autoconfigure.web.servlet.WelcomePageHandlerMapping:54>>Adding welcome page: class path resource [static/index.html]
2023-12-19-00:47:18.897 INFO [main]-
        org.apache.juli.logging.DirectJDKLog:173>>Starting ProtocolHandler ["http-nio-9961"]
2023-12-19-00:47:18.952 INFO [main]-
        org.springframework.boot.web.embedded.tomcat.TomcatWebServer:204>>Tomcat started on port(s): 9961 (http) with context path ''
2023-12-19-00:47:18.955 INFO [main]-
        org.springframework.boot.StartupInfoLogger:61>>Started MyBlogUser9961Application in 3.208 seconds (JVM running for 4.187)
2023-12-19-00:47:51.580 INFO [http-nio-9961-exec-1]-
        org.apache.juli.logging.DirectJDKLog:173>>Initializing Spring DispatcherServlet 'dispatcherServlet'
2023-12-19-00:47:51.580 INFO [http-nio-9961-exec-1]-
        org.springframework.web.servlet.FrameworkServlet:525>>Initializing Servlet 'dispatcherServlet'
2023-12-19-00:47:51.584 INFO [http-nio-9961-exec-1]-
        org.springframework.web.servlet.FrameworkServlet:547>>Completed initialization in 4 ms
2023-12-19-00:47:52.013 INFO [http-nio-9961-exec-1]-
        com.dynasty.blog.user.service.impl.BlogUserServiceImpl:80>>deleteFlag:0
2023-12-19-00:47:52.131 INFO [http-nio-9961-exec-1]-
        io.lettuce.core.EpollProvider:68>>Starting without optional epoll library
2023-12-19-00:47:52.133 INFO [http-nio-9961-exec-1]-
        io.lettuce.core.KqueueProvider:70>>Starting without optional kqueue library
2023-12-19-00:47:52.347 INFO [http-nio-9961-exec-1]-
        com.dynasty.blog.user.service.impl.BlogUserServiceImpl:100>>token:eyJhbGciOiJIUzI1NiIsInR5cCI6IkpXVCJ9.eyJleHAiOjE3MDI5MjE2NzIsImNsYWltcyI6eyJ1c2VyUGhvbmUiOiIxODczODgwNTAzMCIsInVzZXJOYW1lIjoi6LaF57qn566h55CG5ZGYIiwidXNlcklkIjozNn19.xgEe--bcG7s7yYwyI-3fAEGKg7Nd17_j9djxVNUm_jI
2023-12-19-00:50:01.114 INFO [SpringContextShutdownHook]-
        org.springframework.scheduling.concurrent.ExecutorConfigurationSupport:208>>Shutting down ExecutorService 'applicationTaskExecutor'
2023-12-19-00:50:01.115 INFO [SpringContextShutdownHook]-
        com.alibaba.druid.pool.DruidDataSource:2174>>{dataSource-1} closing ...
2023-12-19-00:50:01.119 INFO [SpringContextShutdownHook]-
        com.alibaba.druid.pool.DruidDataSource:2247>>{dataSource-1} closed
2023-12-19-00:50:05.930 INFO [main]-
        org.springframework.boot.StartupInfoLogger:55>>Starting MyBlogUser9961Application on Dynasty with PID 6804 (F:\MyPlayGround\MyBlog\MyBlog\backend\my-blog-center\my-blog-user-9961\target\classes started by 17789 in F:\MyPlayGround\MyBlog\MyBlog)
2023-12-19-00:50:05.934 DEBUG [main]-
        org.springframework.boot.StartupInfoLogger:56>>Running with Spring Boot v2.2.2.RELEASE, Spring v5.2.2.RELEASE
2023-12-19-00:50:05.935 INFO [main]-
        org.springframework.boot.SpringApplication:651>>No active profile set, falling back to default profiles: default
2023-12-19-00:50:06.548 INFO [main]-
        org.springframework.data.repository.config.RepositoryConfigurationDelegate:249>>Multiple Spring Data modules found, entering strict repository configuration mode!
2023-12-19-00:50:06.550 INFO [main]-
        org.springframework.data.repository.config.RepositoryConfigurationDelegate:127>>Bootstrapping Spring Data Redis repositories in DEFAULT mode.
2023-12-19-00:50:06.575 INFO [main]-
        org.springframework.data.repository.config.RepositoryConfigurationDelegate:187>>Finished Spring Data repository scanning in 13ms. Found 0 Redis repository interfaces.
2023-12-19-00:50:06.872 INFO [main]-
        org.springframework.context.support.PostProcessorRegistrationDelegate$BeanPostProcessorChecker:330>>Bean 'org.springframework.transaction.annotation.ProxyTransactionManagementConfiguration' of type [org.springframework.transaction.annotation.ProxyTransactionManagementConfiguration] is not eligible for getting processed by all BeanPostProcessors (for example: not eligible for auto-proxying)
2023-12-19-00:50:07.211 INFO [main]-
        org.springframework.boot.web.embedded.tomcat.TomcatWebServer:92>>Tomcat initialized with port(s): 9961 (http)
2023-12-19-00:50:07.219 INFO [main]-
        org.apache.juli.logging.DirectJDKLog:173>>Initializing ProtocolHandler ["http-nio-9961"]
2023-12-19-00:50:07.219 INFO [main]-
        org.apache.juli.logging.DirectJDKLog:173>>Starting service [Tomcat]
2023-12-19-00:50:07.219 INFO [main]-
        org.apache.juli.logging.DirectJDKLog:173>>Starting Servlet engine: [Apache Tomcat/9.0.29]
2023-12-19-00:50:07.310 INFO [main]-
        org.apache.juli.logging.DirectJDKLog:173>>Initializing Spring embedded WebApplicationContext
2023-12-19-00:50:07.310 INFO [main]-
        org.springframework.boot.web.servlet.context.ServletWebServerApplicationContext:284>>Root WebApplicationContext: initialization completed in 1320 ms
2023-12-19-00:50:07.658 INFO [main]-
        com.dynasty.blog.user.config.MyConfig:22>>进入了Myconfig
2023-12-19-00:50:07.666 INFO [main]-
        com.alibaba.druid.spring.boot.autoconfigure.DruidDataSourceAutoConfigure:55>>Init DruidDataSource
2023-12-19-00:50:07.762 INFO [main]-
        com.alibaba.druid.pool.DruidDataSource:1009>>{dataSource-1} inited
2023-12-19-00:50:08.155 INFO [main]-
        org.springframework.scheduling.concurrent.ExecutorConfigurationSupport:171>>Initializing ExecutorService 'applicationTaskExecutor'
2023-12-19-00:50:08.208 INFO [main]-
        org.springframework.boot.autoconfigure.web.servlet.WelcomePageHandlerMapping:54>>Adding welcome page: class path resource [static/index.html]
2023-12-19-00:50:08.468 INFO [main]-
        org.apache.juli.logging.DirectJDKLog:173>>Starting ProtocolHandler ["http-nio-9961"]
2023-12-19-00:50:08.516 INFO [main]-
        org.springframework.boot.web.embedded.tomcat.TomcatWebServer:204>>Tomcat started on port(s): 9961 (http) with context path ''
2023-12-19-00:50:08.518 INFO [main]-
        org.springframework.boot.StartupInfoLogger:61>>Started MyBlogUser9961Application in 3.133 seconds (JVM running for 4.058)
2023-12-19-00:50:15.971 INFO [http-nio-9961-exec-1]-
        org.apache.juli.logging.DirectJDKLog:173>>Initializing Spring DispatcherServlet 'dispatcherServlet'
2023-12-19-00:50:15.971 INFO [http-nio-9961-exec-1]-
        org.springframework.web.servlet.FrameworkServlet:525>>Initializing Servlet 'dispatcherServlet'
2023-12-19-00:50:15.978 INFO [http-nio-9961-exec-1]-
        org.springframework.web.servlet.FrameworkServlet:547>>Completed initialization in 6 ms
2023-12-19-00:50:16.001 WARN [http-nio-9961-exec-1]-
        org.springframework.web.servlet.handler.AbstractHandlerExceptionResolver:199>>Resolved [org.springframework.web.HttpRequestMethodNotSupportedException: Request method 'POST' not supported]
2023-12-19-00:50:16.019 INFO [http-nio-9961-exec-1]-
        com.dynasty.blog.user.config.userLoginInterceptor:42>>token:null
2023-12-19-00:54:25.881 INFO [SpringContextShutdownHook]-
        org.springframework.scheduling.concurrent.ExecutorConfigurationSupport:208>>Shutting down ExecutorService 'applicationTaskExecutor'
2023-12-19-00:54:25.882 INFO [SpringContextShutdownHook]-
        com.alibaba.druid.pool.DruidDataSource:2174>>{dataSource-1} closing ...
2023-12-19-00:54:25.886 INFO [SpringContextShutdownHook]-
        com.alibaba.druid.pool.DruidDataSource:2247>>{dataSource-1} closed
2023-12-19-00:54:32.223 INFO [main]-
        org.springframework.boot.StartupInfoLogger:55>>Starting MyBlogUser9961Application on Dynasty with PID 11724 (F:\MyPlayGround\MyBlog\MyBlog\backend\my-blog-center\my-blog-user-9961\target\classes started by 17789 in F:\MyPlayGround\MyBlog\MyBlog)
2023-12-19-00:54:32.227 DEBUG [main]-
        org.springframework.boot.StartupInfoLogger:56>>Running with Spring Boot v2.2.2.RELEASE, Spring v5.2.2.RELEASE
2023-12-19-00:54:32.227 INFO [main]-
        org.springframework.boot.SpringApplication:651>>No active profile set, falling back to default profiles: default
2023-12-19-00:54:32.825 INFO [main]-
        org.springframework.data.repository.config.RepositoryConfigurationDelegate:249>>Multiple Spring Data modules found, entering strict repository configuration mode!
2023-12-19-00:54:32.827 INFO [main]-
        org.springframework.data.repository.config.RepositoryConfigurationDelegate:127>>Bootstrapping Spring Data Redis repositories in DEFAULT mode.
2023-12-19-00:54:32.853 INFO [main]-
        org.springframework.data.repository.config.RepositoryConfigurationDelegate:187>>Finished Spring Data repository scanning in 13ms. Found 0 Redis repository interfaces.
2023-12-19-00:54:33.178 INFO [main]-
        org.springframework.context.support.PostProcessorRegistrationDelegate$BeanPostProcessorChecker:330>>Bean 'org.springframework.transaction.annotation.ProxyTransactionManagementConfiguration' of type [org.springframework.transaction.annotation.ProxyTransactionManagementConfiguration] is not eligible for getting processed by all BeanPostProcessors (for example: not eligible for auto-proxying)
2023-12-19-00:54:33.589 INFO [main]-
        org.springframework.boot.web.embedded.tomcat.TomcatWebServer:92>>Tomcat initialized with port(s): 9961 (http)
2023-12-19-00:54:33.598 INFO [main]-
        org.apache.juli.logging.DirectJDKLog:173>>Initializing ProtocolHandler ["http-nio-9961"]
2023-12-19-00:54:33.598 INFO [main]-
        org.apache.juli.logging.DirectJDKLog:173>>Starting service [Tomcat]
2023-12-19-00:54:33.598 INFO [main]-
        org.apache.juli.logging.DirectJDKLog:173>>Starting Servlet engine: [Apache Tomcat/9.0.29]
2023-12-19-00:54:33.682 INFO [main]-
        org.apache.juli.logging.DirectJDKLog:173>>Initializing Spring embedded WebApplicationContext
2023-12-19-00:54:33.682 INFO [main]-
        org.springframework.boot.web.servlet.context.ServletWebServerApplicationContext:284>>Root WebApplicationContext: initialization completed in 1402 ms
2023-12-19-00:54:34.019 INFO [main]-
        com.dynasty.blog.user.config.MyConfig:22>>进入了Myconfig
2023-12-19-00:54:34.027 INFO [main]-
        com.alibaba.druid.spring.boot.autoconfigure.DruidDataSourceAutoConfigure:55>>Init DruidDataSource
2023-12-19-00:54:34.123 INFO [main]-
        com.alibaba.druid.pool.DruidDataSource:1009>>{dataSource-1} inited
2023-12-19-00:54:34.522 INFO [main]-
        org.springframework.scheduling.concurrent.ExecutorConfigurationSupport:171>>Initializing ExecutorService 'applicationTaskExecutor'
2023-12-19-00:54:34.578 INFO [main]-
        org.springframework.boot.autoconfigure.web.servlet.WelcomePageHandlerMapping:54>>Adding welcome page: class path resource [static/index.html]
2023-12-19-00:54:34.844 INFO [main]-
        org.apache.juli.logging.DirectJDKLog:173>>Starting ProtocolHandler ["http-nio-9961"]
2023-12-19-00:54:34.889 INFO [main]-
        org.springframework.boot.web.embedded.tomcat.TomcatWebServer:204>>Tomcat started on port(s): 9961 (http) with context path ''
2023-12-19-00:54:34.892 INFO [main]-
        org.springframework.boot.StartupInfoLogger:61>>Started MyBlogUser9961Application in 3.247 seconds (JVM running for 4.05)
2023-12-19-00:54:42.577 INFO [http-nio-9961-exec-1]-
        org.apache.juli.logging.DirectJDKLog:173>>Initializing Spring DispatcherServlet 'dispatcherServlet'
2023-12-19-00:54:42.577 INFO [http-nio-9961-exec-1]-
        org.springframework.web.servlet.FrameworkServlet:525>>Initializing Servlet 'dispatcherServlet'
2023-12-19-00:54:42.582 INFO [http-nio-9961-exec-1]-
        org.springframework.web.servlet.FrameworkServlet:547>>Completed initialization in 4 ms
2023-12-19-00:56:20.208 INFO [SpringContextShutdownHook]-
        org.springframework.scheduling.concurrent.ExecutorConfigurationSupport:208>>Shutting down ExecutorService 'applicationTaskExecutor'
2023-12-19-00:56:20.208 INFO [SpringContextShutdownHook]-
        com.alibaba.druid.pool.DruidDataSource:2174>>{dataSource-1} closing ...
2023-12-19-00:56:20.211 INFO [SpringContextShutdownHook]-
        com.alibaba.druid.pool.DruidDataSource:2247>>{dataSource-1} closed
2023-12-19-00:56:26.704 INFO [main]-
        org.springframework.boot.StartupInfoLogger:55>>Starting MyBlogUser9961Application on Dynasty with PID 20020 (F:\MyPlayGround\MyBlog\MyBlog\backend\my-blog-center\my-blog-user-9961\target\classes started by 17789 in F:\MyPlayGround\MyBlog\MyBlog)
2023-12-19-00:56:26.707 DEBUG [main]-
        org.springframework.boot.StartupInfoLogger:56>>Running with Spring Boot v2.2.2.RELEASE, Spring v5.2.2.RELEASE
2023-12-19-00:56:26.708 INFO [main]-
        org.springframework.boot.SpringApplication:651>>No active profile set, falling back to default profiles: default
2023-12-19-00:56:27.291 INFO [main]-
        org.springframework.data.repository.config.RepositoryConfigurationDelegate:249>>Multiple Spring Data modules found, entering strict repository configuration mode!
2023-12-19-00:56:27.293 INFO [main]-
        org.springframework.data.repository.config.RepositoryConfigurationDelegate:127>>Bootstrapping Spring Data Redis repositories in DEFAULT mode.
2023-12-19-00:56:27.317 INFO [main]-
        org.springframework.data.repository.config.RepositoryConfigurationDelegate:187>>Finished Spring Data repository scanning in 13ms. Found 0 Redis repository interfaces.
2023-12-19-00:56:27.601 INFO [main]-
        org.springframework.context.support.PostProcessorRegistrationDelegate$BeanPostProcessorChecker:330>>Bean 'org.springframework.transaction.annotation.ProxyTransactionManagementConfiguration' of type [org.springframework.transaction.annotation.ProxyTransactionManagementConfiguration] is not eligible for getting processed by all BeanPostProcessors (for example: not eligible for auto-proxying)
2023-12-19-00:56:27.950 INFO [main]-
        org.springframework.boot.web.embedded.tomcat.TomcatWebServer:92>>Tomcat initialized with port(s): 9961 (http)
2023-12-19-00:56:27.958 INFO [main]-
        org.apache.juli.logging.DirectJDKLog:173>>Initializing ProtocolHandler ["http-nio-9961"]
2023-12-19-00:56:27.958 INFO [main]-
        org.apache.juli.logging.DirectJDKLog:173>>Starting service [Tomcat]
2023-12-19-00:56:27.958 INFO [main]-
        org.apache.juli.logging.DirectJDKLog:173>>Starting Servlet engine: [Apache Tomcat/9.0.29]
2023-12-19-00:56:28.038 INFO [main]-
        org.apache.juli.logging.DirectJDKLog:173>>Initializing Spring embedded WebApplicationContext
2023-12-19-00:56:28.038 INFO [main]-
        org.springframework.boot.web.servlet.context.ServletWebServerApplicationContext:284>>Root WebApplicationContext: initialization completed in 1270 ms
2023-12-19-00:56:28.371 INFO [main]-
        com.dynasty.blog.user.config.MyConfig:22>>进入了Myconfig
2023-12-19-00:56:28.380 INFO [main]-
        com.alibaba.druid.spring.boot.autoconfigure.DruidDataSourceAutoConfigure:55>>Init DruidDataSource
2023-12-19-00:56:28.469 INFO [main]-
        com.alibaba.druid.pool.DruidDataSource:1009>>{dataSource-1} inited
2023-12-19-00:56:28.863 INFO [main]-
        org.springframework.scheduling.concurrent.ExecutorConfigurationSupport:171>>Initializing ExecutorService 'applicationTaskExecutor'
2023-12-19-00:56:28.918 INFO [main]-
        org.springframework.boot.autoconfigure.web.servlet.WelcomePageHandlerMapping:54>>Adding welcome page: class path resource [static/index.html]
2023-12-19-00:56:29.164 INFO [main]-
        org.apache.juli.logging.DirectJDKLog:173>>Starting ProtocolHandler ["http-nio-9961"]
2023-12-19-00:56:29.214 INFO [main]-
        org.springframework.boot.web.embedded.tomcat.TomcatWebServer:204>>Tomcat started on port(s): 9961 (http) with context path ''
2023-12-19-00:56:29.217 INFO [main]-
        org.springframework.boot.StartupInfoLogger:61>>Started MyBlogUser9961Application in 3.057 seconds (JVM running for 3.867)
2023-12-19-00:56:32.108 INFO [http-nio-9961-exec-1]-
        org.apache.juli.logging.DirectJDKLog:173>>Initializing Spring DispatcherServlet 'dispatcherServlet'
2023-12-19-00:56:32.109 INFO [http-nio-9961-exec-1]-
        org.springframework.web.servlet.FrameworkServlet:525>>Initializing Servlet 'dispatcherServlet'
2023-12-19-00:56:32.115 INFO [http-nio-9961-exec-1]-
        org.springframework.web.servlet.FrameworkServlet:547>>Completed initialization in 6 ms
2023-12-19-00:56:51.803 INFO [SpringContextShutdownHook]-
        org.springframework.scheduling.concurrent.ExecutorConfigurationSupport:208>>Shutting down ExecutorService 'applicationTaskExecutor'
2023-12-19-00:56:51.804 INFO [SpringContextShutdownHook]-
        com.alibaba.druid.pool.DruidDataSource:2174>>{dataSource-1} closing ...
2023-12-19-00:56:51.808 INFO [SpringContextShutdownHook]-
        com.alibaba.druid.pool.DruidDataSource:2247>>{dataSource-1} closed
