2023-12-18-14:15:27.051 INFO [main]-
        org.springframework.boot.StartupInfoLogger:55>>Starting MyBlogUser9961Application on Dynasty with PID 17184 (F:\MyPlayGround\MyBlog\MyBlog\backend\my-blog-center\my-blog-user-9961\target\classes started by 17789 in F:\MyPlayGround\MyBlog\MyBlog)
2023-12-18-14:15:27.055 DEBUG [main]-
        org.springframework.boot.StartupInfoLogger:56>>Running with Spring Boot v2.2.2.RELEASE, Spring v5.2.2.RELEASE
2023-12-18-14:15:27.057 INFO [main]-
        org.springframework.boot.SpringApplication:651>>No active profile set, falling back to default profiles: default
2023-12-18-14:15:29.353 INFO [main]-
        org.springframework.data.repository.config.RepositoryConfigurationDelegate:249>>Multiple Spring Data modules found, entering strict repository configuration mode!
2023-12-18-14:15:29.373 INFO [main]-
        org.springframework.data.repository.config.RepositoryConfigurationDelegate:127>>Bootstrapping Spring Data Redis repositories in DEFAULT mode.
2023-12-18-14:15:29.460 INFO [main]-
        org.springframework.data.repository.config.RepositoryConfigurationDelegate:187>>Finished Spring Data repository scanning in 32ms. Found 0 Redis repository interfaces.
2023-12-18-14:15:30.565 INFO [main]-
        org.springframework.context.support.PostProcessorRegistrationDelegate$BeanPostProcessorChecker:330>>Bean 'org.springframework.transaction.annotation.ProxyTransactionManagementConfiguration' of type [org.springframework.transaction.annotation.ProxyTransactionManagementConfiguration] is not eligible for getting processed by all BeanPostProcessors (for example: not eligible for auto-proxying)
2023-12-18-14:15:31.487 INFO [main]-
        org.springframework.boot.web.embedded.tomcat.TomcatWebServer:92>>Tomcat initialized with port(s): 9961 (http)
2023-12-18-14:15:31.514 INFO [main]-
        org.apache.juli.logging.DirectJDKLog:173>>Initializing ProtocolHandler ["http-nio-9961"]
2023-12-18-14:15:31.514 INFO [main]-
        org.apache.juli.logging.DirectJDKLog:173>>Starting service [Tomcat]
2023-12-18-14:15:31.514 INFO [main]-
        org.apache.juli.logging.DirectJDKLog:173>>Starting Servlet engine: [Apache Tomcat/9.0.29]
2023-12-18-14:15:31.649 INFO [main]-
        org.apache.juli.logging.DirectJDKLog:173>>Initializing Spring embedded WebApplicationContext
2023-12-18-14:15:31.650 INFO [main]-
        org.springframework.boot.web.servlet.context.ServletWebServerApplicationContext:284>>Root WebApplicationContext: initialization completed in 4488 ms
2023-12-18-14:15:33.092 INFO [main]-
        com.dynasty.blog.user.config.MyConfig:22>>进入了Myconfig
2023-12-18-14:15:33.111 INFO [main]-
        com.alibaba.druid.spring.boot.autoconfigure.DruidDataSourceAutoConfigure:55>>Init DruidDataSource
2023-12-18-14:15:33.405 INFO [main]-
        com.alibaba.druid.pool.DruidDataSource:1009>>{dataSource-1} inited
2023-12-18-14:15:34.033 INFO [main]-
        org.springframework.scheduling.concurrent.ExecutorConfigurationSupport:171>>Initializing ExecutorService 'applicationTaskExecutor'
2023-12-18-14:15:34.161 INFO [main]-
        org.springframework.boot.autoconfigure.web.servlet.WelcomePageHandlerMapping:54>>Adding welcome page: class path resource [static/index.html]
2023-12-18-14:15:34.712 INFO [main]-
        org.apache.juli.logging.DirectJDKLog:173>>Starting ProtocolHandler ["http-nio-9961"]
2023-12-18-14:15:34.783 INFO [main]-
        org.springframework.boot.web.embedded.tomcat.TomcatWebServer:204>>Tomcat started on port(s): 9961 (http) with context path ''
2023-12-18-14:15:34.787 INFO [main]-
        org.springframework.boot.StartupInfoLogger:61>>Started MyBlogUser9961Application in 9.439 seconds (JVM running for 13.544)
2023-12-18-14:17:08.055 INFO [http-nio-9961-exec-1]-
        org.apache.juli.logging.DirectJDKLog:173>>Initializing Spring DispatcherServlet 'dispatcherServlet'
2023-12-18-14:17:08.055 INFO [http-nio-9961-exec-1]-
        org.springframework.web.servlet.FrameworkServlet:525>>Initializing Servlet 'dispatcherServlet'
2023-12-18-14:17:08.074 INFO [http-nio-9961-exec-1]-
        org.springframework.web.servlet.FrameworkServlet:547>>Completed initialization in 18 ms
2023-12-18-14:17:08.109 WARN [http-nio-9961-exec-1]-
        org.springframework.web.servlet.handler.AbstractHandlerExceptionResolver:199>>Resolved [org.springframework.web.HttpRequestMethodNotSupportedException: Request method 'GET' not supported]
2023-12-18-14:17:08.120 INFO [http-nio-9961-exec-1]-
        com.dynasty.blog.user.config.userLoginInterceptor:42>>token:null
2023-12-18-14:17:08.183 INFO [http-nio-9961-exec-2]-
        com.dynasty.blog.user.config.userLoginInterceptor:42>>token:null
2023-12-18-14:30:38.619 INFO [SpringContextShutdownHook]-
        org.springframework.scheduling.concurrent.ExecutorConfigurationSupport:208>>Shutting down ExecutorService 'applicationTaskExecutor'
2023-12-18-14:30:38.620 INFO [SpringContextShutdownHook]-
        com.alibaba.druid.pool.DruidDataSource:2174>>{dataSource-1} closing ...
2023-12-18-14:30:38.621 INFO [SpringContextShutdownHook]-
        com.alibaba.druid.pool.DruidDataSource:2247>>{dataSource-1} closed
2023-12-18-14:30:46.230 INFO [main]-
        org.springframework.boot.StartupInfoLogger:55>>Starting MyBlogUser9961Application on Dynasty with PID 18920 (F:\MyPlayGround\MyBlog\MyBlog\backend\my-blog-center\my-blog-user-9961\target\classes started by 17789 in F:\MyPlayGround\MyBlog\MyBlog)
2023-12-18-14:30:46.234 DEBUG [main]-
        org.springframework.boot.StartupInfoLogger:56>>Running with Spring Boot v2.2.2.RELEASE, Spring v5.2.2.RELEASE
2023-12-18-14:30:46.235 INFO [main]-
        org.springframework.boot.SpringApplication:651>>No active profile set, falling back to default profiles: default
2023-12-18-14:30:47.055 INFO [main]-
        org.springframework.data.repository.config.RepositoryConfigurationDelegate:249>>Multiple Spring Data modules found, entering strict repository configuration mode!
2023-12-18-14:30:47.057 INFO [main]-
        org.springframework.data.repository.config.RepositoryConfigurationDelegate:127>>Bootstrapping Spring Data Redis repositories in DEFAULT mode.
2023-12-18-14:30:47.089 INFO [main]-
        org.springframework.data.repository.config.RepositoryConfigurationDelegate:187>>Finished Spring Data repository scanning in 18ms. Found 0 Redis repository interfaces.
2023-12-18-14:30:47.470 INFO [main]-
        org.springframework.context.support.PostProcessorRegistrationDelegate$BeanPostProcessorChecker:330>>Bean 'org.springframework.transaction.annotation.ProxyTransactionManagementConfiguration' of type [org.springframework.transaction.annotation.ProxyTransactionManagementConfiguration] is not eligible for getting processed by all BeanPostProcessors (for example: not eligible for auto-proxying)
2023-12-18-14:30:47.913 INFO [main]-
        org.springframework.boot.web.embedded.tomcat.TomcatWebServer:92>>Tomcat initialized with port(s): 9961 (http)
2023-12-18-14:30:47.924 INFO [main]-
        org.apache.juli.logging.DirectJDKLog:173>>Initializing ProtocolHandler ["http-nio-9961"]
2023-12-18-14:30:47.924 INFO [main]-
        org.apache.juli.logging.DirectJDKLog:173>>Starting service [Tomcat]
2023-12-18-14:30:47.925 INFO [main]-
        org.apache.juli.logging.DirectJDKLog:173>>Starting Servlet engine: [Apache Tomcat/9.0.29]
2023-12-18-14:30:48.038 INFO [main]-
        org.apache.juli.logging.DirectJDKLog:173>>Initializing Spring embedded WebApplicationContext
2023-12-18-14:30:48.039 INFO [main]-
        org.springframework.boot.web.servlet.context.ServletWebServerApplicationContext:284>>Root WebApplicationContext: initialization completed in 1742 ms
2023-12-18-14:30:48.479 INFO [main]-
        com.dynasty.blog.user.config.MyConfig:22>>进入了Myconfig
2023-12-18-14:30:48.488 INFO [main]-
        com.alibaba.druid.spring.boot.autoconfigure.DruidDataSourceAutoConfigure:55>>Init DruidDataSource
2023-12-18-14:30:48.607 INFO [main]-
        com.alibaba.druid.pool.DruidDataSource:1009>>{dataSource-1} inited
2023-12-18-14:30:49.103 INFO [main]-
        org.springframework.scheduling.concurrent.ExecutorConfigurationSupport:171>>Initializing ExecutorService 'applicationTaskExecutor'
2023-12-18-14:30:49.190 INFO [main]-
        org.springframework.boot.autoconfigure.web.servlet.WelcomePageHandlerMapping:54>>Adding welcome page: class path resource [static/index.html]
2023-12-18-14:30:49.504 INFO [main]-
        org.apache.juli.logging.DirectJDKLog:173>>Starting ProtocolHandler ["http-nio-9961"]
2023-12-18-14:30:49.560 INFO [main]-
        org.springframework.boot.web.embedded.tomcat.TomcatWebServer:204>>Tomcat started on port(s): 9961 (http) with context path ''
2023-12-18-14:30:49.563 INFO [main]-
        org.springframework.boot.StartupInfoLogger:61>>Started MyBlogUser9961Application in 3.978 seconds (JVM running for 5.314)
2023-12-18-14:32:54.278 INFO [http-nio-9961-exec-1]-
        org.apache.juli.logging.DirectJDKLog:173>>Initializing Spring DispatcherServlet 'dispatcherServlet'
2023-12-18-14:32:54.278 INFO [http-nio-9961-exec-1]-
        org.springframework.web.servlet.FrameworkServlet:525>>Initializing Servlet 'dispatcherServlet'
2023-12-18-14:32:54.278 INFO [http-nio-9961-exec-1]-
        org.springframework.web.servlet.FrameworkServlet:547>>Completed initialization in 0 ms
2023-12-18-14:32:54.296 INFO [http-nio-9961-exec-1]-
        com.dynasty.blog.user.config.userLoginInterceptor:42>>token:null
2023-12-18-14:35:13.472 WARN [http-nio-9961-exec-3]-
        org.springframework.web.servlet.handler.AbstractHandlerExceptionResolver:199>>Resolved [org.springframework.web.bind.MissingServletRequestParameterException: Required String parameter 'userPhone' is not present]
2023-12-18-14:35:13.475 INFO [http-nio-9961-exec-3]-
        com.dynasty.blog.user.config.userLoginInterceptor:42>>token:null
2023-12-18-14:39:11.424 INFO [SpringContextShutdownHook]-
        org.springframework.scheduling.concurrent.ExecutorConfigurationSupport:208>>Shutting down ExecutorService 'applicationTaskExecutor'
2023-12-18-14:39:11.425 INFO [SpringContextShutdownHook]-
        com.alibaba.druid.pool.DruidDataSource:2174>>{dataSource-1} closing ...
2023-12-18-14:39:11.426 INFO [SpringContextShutdownHook]-
        com.alibaba.druid.pool.DruidDataSource:2247>>{dataSource-1} closed
2023-12-18-14:39:18.219 INFO [main]-
        org.springframework.boot.StartupInfoLogger:55>>Starting MyBlogUser9961Application on Dynasty with PID 10284 (F:\MyPlayGround\MyBlog\MyBlog\backend\my-blog-center\my-blog-user-9961\target\classes started by 17789 in F:\MyPlayGround\MyBlog\MyBlog)
2023-12-18-14:39:18.222 DEBUG [main]-
        org.springframework.boot.StartupInfoLogger:56>>Running with Spring Boot v2.2.2.RELEASE, Spring v5.2.2.RELEASE
2023-12-18-14:39:18.223 INFO [main]-
        org.springframework.boot.SpringApplication:651>>No active profile set, falling back to default profiles: default
2023-12-18-14:39:18.929 INFO [main]-
        org.springframework.data.repository.config.RepositoryConfigurationDelegate:249>>Multiple Spring Data modules found, entering strict repository configuration mode!
2023-12-18-14:39:18.931 INFO [main]-
        org.springframework.data.repository.config.RepositoryConfigurationDelegate:127>>Bootstrapping Spring Data Redis repositories in DEFAULT mode.
2023-12-18-14:39:18.960 INFO [main]-
        org.springframework.data.repository.config.RepositoryConfigurationDelegate:187>>Finished Spring Data repository scanning in 16ms. Found 0 Redis repository interfaces.
2023-12-18-14:39:19.327 INFO [main]-
        org.springframework.context.support.PostProcessorRegistrationDelegate$BeanPostProcessorChecker:330>>Bean 'org.springframework.transaction.annotation.ProxyTransactionManagementConfiguration' of type [org.springframework.transaction.annotation.ProxyTransactionManagementConfiguration] is not eligible for getting processed by all BeanPostProcessors (for example: not eligible for auto-proxying)
2023-12-18-14:39:19.747 INFO [main]-
        org.springframework.boot.web.embedded.tomcat.TomcatWebServer:92>>Tomcat initialized with port(s): 9961 (http)
2023-12-18-14:39:19.756 INFO [main]-
        org.apache.juli.logging.DirectJDKLog:173>>Initializing ProtocolHandler ["http-nio-9961"]
2023-12-18-14:39:19.757 INFO [main]-
        org.apache.juli.logging.DirectJDKLog:173>>Starting service [Tomcat]
2023-12-18-14:39:19.757 INFO [main]-
        org.apache.juli.logging.DirectJDKLog:173>>Starting Servlet engine: [Apache Tomcat/9.0.29]
2023-12-18-14:39:19.859 INFO [main]-
        org.apache.juli.logging.DirectJDKLog:173>>Initializing Spring embedded WebApplicationContext
2023-12-18-14:39:19.860 INFO [main]-
        org.springframework.boot.web.servlet.context.ServletWebServerApplicationContext:284>>Root WebApplicationContext: initialization completed in 1579 ms
2023-12-18-14:39:19.913 ERROR [main]-
        org.springframework.boot.web.embedded.tomcat.TomcatStarter:61>>Error starting Tomcat context. Exception: org.springframework.beans.factory.BeanCreationException. Message: Error creating bean with name 'corsFilter' defined in class path resource [com/dynasty/blog/user/config/CorsConfig.class]: Bean instantiation via factory method failed; nested exception is org.springframework.beans.BeanInstantiationException: Failed to instantiate [org.springframework.web.filter.CorsFilter]: Factory method 'corsFilter' threw exception; nested exception is java.lang.ClassCastException: class org.springframework.web.cors.reactive.UrlBasedCorsConfigurationSource cannot be cast to class org.springframework.web.cors.CorsConfigurationSource (org.springframework.web.cors.reactive.UrlBasedCorsConfigurationSource and org.springframework.web.cors.CorsConfigurationSource are in unnamed module of loader 'app')
2023-12-18-14:39:19.934 INFO [main]-
        org.apache.juli.logging.DirectJDKLog:173>>Stopping service [Tomcat]
2023-12-18-14:39:19.959 WARN [main]-
        org.springframework.context.support.AbstractApplicationContext:558>>Exception encountered during context initialization - cancelling refresh attempt: org.springframework.context.ApplicationContextException: Unable to start web server; nested exception is org.springframework.boot.web.server.WebServerException: Unable to start embedded Tomcat
2023-12-18-14:39:19.972 INFO [main]-
        org.springframework.boot.autoconfigure.logging.ConditionEvaluationReportLoggingListener:136>>

Error starting ApplicationContext. To display the conditions report re-run your application with 'debug' enabled.
2023-12-18-14:39:19.984 ERROR [main]-
        org.springframework.boot.SpringApplication:826>>Application run failed
org.springframework.context.ApplicationContextException: Unable to start web server; nested exception is org.springframework.boot.web.server.WebServerException: Unable to start embedded Tomcat
	at org.springframework.boot.web.servlet.context.ServletWebServerApplicationContext.onRefresh(ServletWebServerApplicationContext.java:156)
	at org.springframework.context.support.AbstractApplicationContext.refresh(AbstractApplicationContext.java:544)
	at org.springframework.boot.web.servlet.context.ServletWebServerApplicationContext.refresh(ServletWebServerApplicationContext.java:141)
	at org.springframework.boot.SpringApplication.refresh(SpringApplication.java:747)
	at org.springframework.boot.SpringApplication.refreshContext(SpringApplication.java:397)
	at org.springframework.boot.SpringApplication.run(SpringApplication.java:315)
	at org.springframework.boot.SpringApplication.run(SpringApplication.java:1226)
	at org.springframework.boot.SpringApplication.run(SpringApplication.java:1215)
	at com.dynasty.blog.user.MyBlogUser9961Application.main(MyBlogUser9961Application.java:12)
Caused by: org.springframework.boot.web.server.WebServerException: Unable to start embedded Tomcat
	at org.springframework.boot.web.embedded.tomcat.TomcatWebServer.initialize(TomcatWebServer.java:126)
	at org.springframework.boot.web.embedded.tomcat.TomcatWebServer.<init>(TomcatWebServer.java:88)
	at org.springframework.boot.web.embedded.tomcat.TomcatServletWebServerFactory.getTomcatWebServer(TomcatServletWebServerFactory.java:438)
	at org.springframework.boot.web.embedded.tomcat.TomcatServletWebServerFactory.getWebServer(TomcatServletWebServerFactory.java:191)
	at org.springframework.boot.web.servlet.context.ServletWebServerApplicationContext.createWebServer(ServletWebServerApplicationContext.java:180)
	at org.springframework.boot.web.servlet.context.ServletWebServerApplicationContext.onRefresh(ServletWebServerApplicationContext.java:153)
	... 8 common frames omitted
Caused by: org.springframework.beans.factory.BeanCreationException: Error creating bean with name 'corsFilter' defined in class path resource [com/dynasty/blog/user/config/CorsConfig.class]: Bean instantiation via factory method failed; nested exception is org.springframework.beans.BeanInstantiationException: Failed to instantiate [org.springframework.web.filter.CorsFilter]: Factory method 'corsFilter' threw exception; nested exception is java.lang.ClassCastException: class org.springframework.web.cors.reactive.UrlBasedCorsConfigurationSource cannot be cast to class org.springframework.web.cors.CorsConfigurationSource (org.springframework.web.cors.reactive.UrlBasedCorsConfigurationSource and org.springframework.web.cors.CorsConfigurationSource are in unnamed module of loader 'app')
	at org.springframework.beans.factory.support.ConstructorResolver.instantiate(ConstructorResolver.java:656)
	at org.springframework.beans.factory.support.ConstructorResolver.instantiateUsingFactoryMethod(ConstructorResolver.java:484)
	at org.springframework.beans.factory.support.AbstractAutowireCapableBeanFactory.instantiateUsingFactoryMethod(AbstractAutowireCapableBeanFactory.java:1338)
	at org.springframework.beans.factory.support.AbstractAutowireCapableBeanFactory.createBeanInstance(AbstractAutowireCapableBeanFactory.java:1177)
	at org.springframework.beans.factory.support.AbstractAutowireCapableBeanFactory.doCreateBean(AbstractAutowireCapableBeanFactory.java:557)
	at org.springframework.beans.factory.support.AbstractAutowireCapableBeanFactory.createBean(AbstractAutowireCapableBeanFactory.java:517)
	at org.springframework.beans.factory.support.AbstractBeanFactory.lambda$doGetBean$0(AbstractBeanFactory.java:323)
	at org.springframework.beans.factory.support.DefaultSingletonBeanRegistry.getSingleton(DefaultSingletonBeanRegistry.java:222)
	at org.springframework.beans.factory.support.AbstractBeanFactory.doGetBean(AbstractBeanFactory.java:321)
	at org.springframework.beans.factory.support.AbstractBeanFactory.getBean(AbstractBeanFactory.java:207)
	at org.springframework.boot.web.servlet.ServletContextInitializerBeans.getOrderedBeansOfType(ServletContextInitializerBeans.java:211)
	at org.springframework.boot.web.servlet.ServletContextInitializerBeans.addAsRegistrationBean(ServletContextInitializerBeans.java:174)
	at org.springframework.boot.web.servlet.ServletContextInitializerBeans.addAsRegistrationBean(ServletContextInitializerBeans.java:169)
	at org.springframework.boot.web.servlet.ServletContextInitializerBeans.addAdaptableBeans(ServletContextInitializerBeans.java:154)
	at org.springframework.boot.web.servlet.ServletContextInitializerBeans.<init>(ServletContextInitializerBeans.java:86)
	at org.springframework.boot.web.servlet.context.ServletWebServerApplicationContext.getServletContextInitializerBeans(ServletWebServerApplicationContext.java:253)
	at org.springframework.boot.web.servlet.context.ServletWebServerApplicationContext.selfInitialize(ServletWebServerApplicationContext.java:227)
	at org.springframework.boot.web.embedded.tomcat.TomcatStarter.onStartup(TomcatStarter.java:53)
	at org.apache.catalina.core.StandardContext.startInternal(StandardContext.java:5135)
	at org.apache.catalina.util.LifecycleBase.start(LifecycleBase.java:183)
	at org.apache.catalina.core.ContainerBase$StartChild.call(ContainerBase.java:1384)
	at org.apache.catalina.core.ContainerBase$StartChild.call(ContainerBase.java:1374)
	at java.base/java.util.concurrent.FutureTask.run$$$capture(FutureTask.java:264)
	at java.base/java.util.concurrent.FutureTask.run(FutureTask.java)
	at org.apache.tomcat.util.threads.InlineExecutorService.execute(InlineExecutorService.java:75)
	at java.base/java.util.concurrent.AbstractExecutorService.submit(AbstractExecutorService.java:145)
	at org.apache.catalina.core.ContainerBase.startInternal(ContainerBase.java:909)
	at org.apache.catalina.core.StandardHost.startInternal(StandardHost.java:841)
	at org.apache.catalina.util.LifecycleBase.start(LifecycleBase.java:183)
	at org.apache.catalina.core.ContainerBase$StartChild.call(ContainerBase.java:1384)
	at org.apache.catalina.core.ContainerBase$StartChild.call(ContainerBase.java:1374)
	at java.base/java.util.concurrent.FutureTask.run$$$capture(FutureTask.java:264)
	at java.base/java.util.concurrent.FutureTask.run(FutureTask.java)
	at org.apache.tomcat.util.threads.InlineExecutorService.execute(InlineExecutorService.java:75)
	at java.base/java.util.concurrent.AbstractExecutorService.submit(AbstractExecutorService.java:145)
	at org.apache.catalina.core.ContainerBase.startInternal(ContainerBase.java:909)
	at org.apache.catalina.core.StandardEngine.startInternal(StandardEngine.java:262)
	at org.apache.catalina.util.LifecycleBase.start(LifecycleBase.java:183)
	at org.apache.catalina.core.StandardService.startInternal(StandardService.java:421)
	at org.apache.catalina.util.LifecycleBase.start(LifecycleBase.java:183)
	at org.apache.catalina.core.StandardServer.startInternal(StandardServer.java:930)
	at org.apache.catalina.util.LifecycleBase.start(LifecycleBase.java:183)
	at org.apache.catalina.startup.Tomcat.start(Tomcat.java:459)
	at org.springframework.boot.web.embedded.tomcat.TomcatWebServer.initialize(TomcatWebServer.java:107)
	... 13 common frames omitted
Caused by: org.springframework.beans.BeanInstantiationException: Failed to instantiate [org.springframework.web.filter.CorsFilter]: Factory method 'corsFilter' threw exception; nested exception is java.lang.ClassCastException: class org.springframework.web.cors.reactive.UrlBasedCorsConfigurationSource cannot be cast to class org.springframework.web.cors.CorsConfigurationSource (org.springframework.web.cors.reactive.UrlBasedCorsConfigurationSource and org.springframework.web.cors.CorsConfigurationSource are in unnamed module of loader 'app')
	at org.springframework.beans.factory.support.SimpleInstantiationStrategy.instantiate(SimpleInstantiationStrategy.java:185)
	at org.springframework.beans.factory.support.ConstructorResolver.instantiate(ConstructorResolver.java:651)
	... 56 common frames omitted
Caused by: java.lang.ClassCastException: class org.springframework.web.cors.reactive.UrlBasedCorsConfigurationSource cannot be cast to class org.springframework.web.cors.CorsConfigurationSource (org.springframework.web.cors.reactive.UrlBasedCorsConfigurationSource and org.springframework.web.cors.CorsConfigurationSource are in unnamed module of loader 'app')
	at com.dynasty.blog.user.config.CorsConfig.corsFilter(CorsConfig.java:26)
	at com.dynasty.blog.user.config.CorsConfig$$EnhancerBySpringCGLIB$$e3f1df9a.CGLIB$corsFilter$0(<generated>)
	at com.dynasty.blog.user.config.CorsConfig$$EnhancerBySpringCGLIB$$e3f1df9a$$FastClassBySpringCGLIB$$aca97a43.invoke(<generated>)
	at org.springframework.cglib.proxy.MethodProxy.invokeSuper(MethodProxy.java:244)
	at org.springframework.context.annotation.ConfigurationClassEnhancer$BeanMethodInterceptor.intercept(ConfigurationClassEnhancer.java:363)
	at com.dynasty.blog.user.config.CorsConfig$$EnhancerBySpringCGLIB$$e3f1df9a.corsFilter(<generated>)
	at java.base/jdk.internal.reflect.NativeMethodAccessorImpl.invoke0(Native Method)
	at java.base/jdk.internal.reflect.NativeMethodAccessorImpl.invoke(NativeMethodAccessorImpl.java:77)
	at java.base/jdk.internal.reflect.DelegatingMethodAccessorImpl.invoke(DelegatingMethodAccessorImpl.java:43)
	at java.base/java.lang.reflect.Method.invoke(Method.java:568)
	at org.springframework.beans.factory.support.SimpleInstantiationStrategy.instantiate(SimpleInstantiationStrategy.java:154)
	... 57 common frames omitted
2023-12-18-14:40:46.502 INFO [main]-
        org.springframework.boot.StartupInfoLogger:55>>Starting MyBlogUser9961Application on Dynasty with PID 17604 (F:\MyPlayGround\MyBlog\MyBlog\backend\my-blog-center\my-blog-user-9961\target\classes started by 17789 in F:\MyPlayGround\MyBlog\MyBlog)
2023-12-18-14:40:46.506 DEBUG [main]-
        org.springframework.boot.StartupInfoLogger:56>>Running with Spring Boot v2.2.2.RELEASE, Spring v5.2.2.RELEASE
2023-12-18-14:40:46.507 INFO [main]-
        org.springframework.boot.SpringApplication:651>>No active profile set, falling back to default profiles: default
2023-12-18-14:40:47.234 INFO [main]-
        org.springframework.data.repository.config.RepositoryConfigurationDelegate:249>>Multiple Spring Data modules found, entering strict repository configuration mode!
2023-12-18-14:40:47.237 INFO [main]-
        org.springframework.data.repository.config.RepositoryConfigurationDelegate:127>>Bootstrapping Spring Data Redis repositories in DEFAULT mode.
2023-12-18-14:40:47.265 INFO [main]-
        org.springframework.data.repository.config.RepositoryConfigurationDelegate:187>>Finished Spring Data repository scanning in 15ms. Found 0 Redis repository interfaces.
2023-12-18-14:40:47.614 INFO [main]-
        org.springframework.context.support.PostProcessorRegistrationDelegate$BeanPostProcessorChecker:330>>Bean 'org.springframework.transaction.annotation.ProxyTransactionManagementConfiguration' of type [org.springframework.transaction.annotation.ProxyTransactionManagementConfiguration] is not eligible for getting processed by all BeanPostProcessors (for example: not eligible for auto-proxying)
2023-12-18-14:40:48.051 INFO [main]-
        org.springframework.boot.web.embedded.tomcat.TomcatWebServer:92>>Tomcat initialized with port(s): 9961 (http)
2023-12-18-14:40:48.061 INFO [main]-
        org.apache.juli.logging.DirectJDKLog:173>>Initializing ProtocolHandler ["http-nio-9961"]
2023-12-18-14:40:48.061 INFO [main]-
        org.apache.juli.logging.DirectJDKLog:173>>Starting service [Tomcat]
2023-12-18-14:40:48.061 INFO [main]-
        org.apache.juli.logging.DirectJDKLog:173>>Starting Servlet engine: [Apache Tomcat/9.0.29]
2023-12-18-14:40:48.176 INFO [main]-
        org.apache.juli.logging.DirectJDKLog:173>>Initializing Spring embedded WebApplicationContext
2023-12-18-14:40:48.176 INFO [main]-
        org.springframework.boot.web.servlet.context.ServletWebServerApplicationContext:284>>Root WebApplicationContext: initialization completed in 1609 ms
2023-12-18-14:40:48.578 INFO [main]-
        com.dynasty.blog.user.config.MyConfig:22>>进入了Myconfig
2023-12-18-14:40:48.587 INFO [main]-
        com.alibaba.druid.spring.boot.autoconfigure.DruidDataSourceAutoConfigure:55>>Init DruidDataSource
2023-12-18-14:40:48.702 INFO [main]-
        com.alibaba.druid.pool.DruidDataSource:1009>>{dataSource-1} inited
2023-12-18-14:40:49.152 INFO [main]-
        org.springframework.scheduling.concurrent.ExecutorConfigurationSupport:171>>Initializing ExecutorService 'applicationTaskExecutor'
2023-12-18-14:40:49.216 INFO [main]-
        org.springframework.boot.autoconfigure.web.servlet.WelcomePageHandlerMapping:54>>Adding welcome page: class path resource [static/index.html]
2023-12-18-14:40:49.509 INFO [main]-
        org.apache.juli.logging.DirectJDKLog:173>>Starting ProtocolHandler ["http-nio-9961"]
2023-12-18-14:40:49.562 INFO [main]-
        org.springframework.boot.web.embedded.tomcat.TomcatWebServer:204>>Tomcat started on port(s): 9961 (http) with context path ''
2023-12-18-14:40:49.565 INFO [main]-
        org.springframework.boot.StartupInfoLogger:61>>Started MyBlogUser9961Application in 3.68 seconds (JVM running for 4.618)
2023-12-18-14:41:23.177 INFO [http-nio-9961-exec-1]-
        org.apache.juli.logging.DirectJDKLog:173>>Initializing Spring DispatcherServlet 'dispatcherServlet'
2023-12-18-14:41:23.178 INFO [http-nio-9961-exec-1]-
        org.springframework.web.servlet.FrameworkServlet:525>>Initializing Servlet 'dispatcherServlet'
2023-12-18-14:41:23.185 INFO [http-nio-9961-exec-1]-
        org.springframework.web.servlet.FrameworkServlet:547>>Completed initialization in 7 ms
2023-12-18-14:41:23.274 WARN [http-nio-9961-exec-2]-
        org.springframework.web.servlet.handler.AbstractHandlerExceptionResolver:199>>Resolved [org.springframework.web.bind.MissingServletRequestParameterException: Required String parameter 'userPhone' is not present]
2023-12-18-14:41:23.281 INFO [http-nio-9961-exec-2]-
        com.dynasty.blog.user.config.userLoginInterceptor:42>>token:null
2023-12-18-14:41:45.699 WARN [http-nio-9961-exec-3]-
        org.springframework.web.servlet.handler.AbstractHandlerExceptionResolver:199>>Resolved [org.springframework.web.HttpRequestMethodNotSupportedException: Request method 'GET' not supported]
2023-12-18-14:41:45.701 INFO [http-nio-9961-exec-3]-
        com.dynasty.blog.user.config.userLoginInterceptor:42>>token:null
2023-12-18-14:41:45.787 INFO [http-nio-9961-exec-4]-
        com.dynasty.blog.user.config.userLoginInterceptor:42>>token:null
2023-12-18-14:43:03.878 INFO [http-nio-9961-exec-10]-
        com.dynasty.blog.user.config.MyMetaObjecthandler:23>>公共字段自动填充【insert】
2023-12-18-14:43:03.878 INFO [http-nio-9961-exec-10]-
        com.dynasty.blog.user.config.MyMetaObjecthandler:24>>org.apache.ibatis.reflection.MetaObject@3c1e46b
2023-12-18-14:43:03.883 INFO [http-nio-9961-exec-10]-
        com.dynasty.blog.user.config.MyMetaObjecthandler:28>>metaObject:org.apache.ibatis.reflection.MetaObject@3c1e46b
2023-12-18-14:43:38.213 WARN [http-nio-9961-exec-2]-
        org.springframework.web.servlet.handler.AbstractHandlerExceptionResolver:199>>Resolved [org.springframework.web.bind.MissingServletRequestParameterException: Required String parameter 'userPhone' is not present]
2023-12-18-14:43:38.213 INFO [http-nio-9961-exec-2]-
        com.dynasty.blog.user.config.userLoginInterceptor:42>>token:null
