2023-12-15-13:34:20.109 INFO [SpringContextShutdownHook]-
        com.alibaba.druid.pool.DruidDataSource:2071>>{dataSource-1} closing ...
2023-12-15-13:34:20.110 INFO [SpringContextShutdownHook]-
        com.alibaba.druid.pool.DruidDataSource:2144>>{dataSource-1} closed
2023-12-15-13:34:20.111 INFO [SpringContextShutdownHook]-
        org.springframework.scheduling.concurrent.ExecutorConfigurationSupport:208>>Shutting down ExecutorService 'applicationTaskExecutor'
2023-12-15-13:34:24.863 INFO [main]-
        org.springframework.boot.StartupInfoLogger:55>>Starting MyBlogUser9961Application on Dynasty with PID 7744 (F:\MyPlayGround\MyBlog\MyBlog\backend\my-blog-center\my-blog-user-9961\target\classes started by 17789 in F:\MyPlayGround\MyBlog\MyBlog)
2023-12-15-13:34:24.868 INFO [main]-
        org.springframework.boot.SpringApplication:651>>No active profile set, falling back to default profiles: default
2023-12-15-13:34:25.392 INFO [main]-
        org.springframework.data.repository.config.RepositoryConfigurationDelegate:249>>Multiple Spring Data modules found, entering strict repository configuration mode!
2023-12-15-13:34:25.394 INFO [main]-
        org.springframework.data.repository.config.RepositoryConfigurationDelegate:127>>Bootstrapping Spring Data Redis repositories in DEFAULT mode.
2023-12-15-13:34:25.441 INFO [main]-
        org.springframework.data.repository.config.RepositoryConfigurationDelegate:187>>Finished Spring Data repository scanning in 28ms. Found 0 Redis repository interfaces.
2023-12-15-13:34:25.694 INFO [main]-
        org.springframework.context.support.PostProcessorRegistrationDelegate$BeanPostProcessorChecker:330>>Bean 'org.springframework.transaction.annotation.ProxyTransactionManagementConfiguration' of type [org.springframework.transaction.annotation.ProxyTransactionManagementConfiguration] is not eligible for getting processed by all BeanPostProcessors (for example: not eligible for auto-proxying)
2023-12-15-13:34:26.014 INFO [main]-
        org.springframework.boot.web.embedded.tomcat.TomcatWebServer:92>>Tomcat initialized with port(s): 9961 (http)
2023-12-15-13:34:26.022 INFO [main]-
        org.apache.juli.logging.DirectJDKLog:173>>Initializing ProtocolHandler ["http-nio-9961"]
2023-12-15-13:34:26.022 INFO [main]-
        org.apache.juli.logging.DirectJDKLog:173>>Starting service [Tomcat]
2023-12-15-13:34:26.022 INFO [main]-
        org.apache.juli.logging.DirectJDKLog:173>>Starting Servlet engine: [Apache Tomcat/9.0.29]
2023-12-15-13:34:26.097 INFO [main]-
        org.apache.juli.logging.DirectJDKLog:173>>Initializing Spring embedded WebApplicationContext
2023-12-15-13:34:26.097 INFO [main]-
        org.springframework.boot.web.servlet.context.ServletWebServerApplicationContext:284>>Root WebApplicationContext: initialization completed in 1186 ms
2023-12-15-13:34:26.334 INFO [main]-
        com.dynasty.blog.user.config.MyConfig:20>>进入了Myconfig
2023-12-15-13:34:26.437 INFO [main]-
        org.springframework.scheduling.concurrent.ExecutorConfigurationSupport:171>>Initializing ExecutorService 'applicationTaskExecutor'
2023-12-15-13:34:26.481 INFO [main]-
        org.springframework.boot.autoconfigure.web.servlet.WelcomePageHandlerMapping:54>>Adding welcome page: class path resource [static/index.html]
2023-12-15-13:34:26.520 INFO [main]-
        com.alibaba.druid.spring.boot.autoconfigure.DruidDataSourceAutoConfigure:56>>Init DruidDataSource
2023-12-15-13:34:26.597 INFO [main]-
        com.alibaba.druid.pool.DruidDataSource:998>>{dataSource-1} inited
2023-12-15-13:34:26.961 INFO [main]-
        org.apache.juli.logging.DirectJDKLog:173>>Starting ProtocolHandler ["http-nio-9961"]
2023-12-15-13:34:26.997 INFO [main]-
        org.springframework.boot.web.embedded.tomcat.TomcatWebServer:204>>Tomcat started on port(s): 9961 (http) with context path ''
2023-12-15-13:34:26.999 INFO [main]-
        org.springframework.boot.StartupInfoLogger:61>>Started MyBlogUser9961Application in 2.644 seconds (JVM running for 3.346)
2023-12-15-13:34:52.528 INFO [http-nio-9961-exec-1]-
        org.apache.juli.logging.DirectJDKLog:173>>Initializing Spring DispatcherServlet 'dispatcherServlet'
2023-12-15-13:34:52.529 INFO [http-nio-9961-exec-1]-
        org.springframework.web.servlet.FrameworkServlet:525>>Initializing Servlet 'dispatcherServlet'
2023-12-15-13:34:52.534 INFO [http-nio-9961-exec-1]-
        org.springframework.web.servlet.FrameworkServlet:547>>Completed initialization in 5 ms
2023-12-15-13:34:52.546 INFO [http-nio-9961-exec-1]-
        com.dynasty.blog.user.config.userLoginInterceptor:40>>token:eyJhbGciOiJIUzI1NiIsInR5cCI6IkpXVCJ9.eyJleHAiOjE3MDI2MTUxMDIsImNsYWltcyI6eyJ1c2VyUGhvbmUiOiIxODczODgwNTAzNCIsInVzZXJOYW1lIjoiZHluYXN0eSIsInVzZXJJZCI6MTR9fQ.gUM9yhLUNtj9sMKLPI_T8eWWCsj9yV82mYkD3yQBjfg
2023-12-15-13:34:52.587 ERROR [http-nio-9961-exec-1]-
        org.apache.juli.logging.DirectJDKLog:175>>Servlet.service() for servlet [dispatcherServlet] in context with path [] threw exception [Request processing failed; nested exception is java.lang.RuntimeException: java.lang.NullPointerException: Cannot invoke "java.util.Map.get(Object)" because "map" is null] with root cause
java.lang.NullPointerException: Cannot invoke "java.util.Map.get(Object)" because "map" is null
	at com.dynasty.blog.user.config.userLoginInterceptor.preHandle(userLoginInterceptor.java:49)
	at org.springframework.web.servlet.HandlerExecutionChain.applyPreHandle(HandlerExecutionChain.java:141)
	at org.springframework.web.servlet.DispatcherServlet.doDispatch(DispatcherServlet.java:1035)
	at org.springframework.web.servlet.DispatcherServlet.doService(DispatcherServlet.java:943)
	at org.springframework.web.servlet.FrameworkServlet.processRequest(FrameworkServlet.java:1006)
	at org.springframework.web.servlet.FrameworkServlet.doPost(FrameworkServlet.java:909)
	at javax.servlet.http.HttpServlet.service(HttpServlet.java:660)
	at org.springframework.web.servlet.FrameworkServlet.service(FrameworkServlet.java:883)
	at javax.servlet.http.HttpServlet.service(HttpServlet.java:741)
	at org.apache.catalina.core.ApplicationFilterChain.internalDoFilter(ApplicationFilterChain.java:231)
	at org.apache.catalina.core.ApplicationFilterChain.doFilter(ApplicationFilterChain.java:166)
	at org.apache.tomcat.websocket.server.WsFilter.doFilter(WsFilter.java:53)
	at org.apache.catalina.core.ApplicationFilterChain.internalDoFilter(ApplicationFilterChain.java:193)
	at org.apache.catalina.core.ApplicationFilterChain.doFilter(ApplicationFilterChain.java:166)
	at org.springframework.web.filter.RequestContextFilter.doFilterInternal(RequestContextFilter.java:100)
	at org.springframework.web.filter.OncePerRequestFilter.doFilter(OncePerRequestFilter.java:119)
	at org.apache.catalina.core.ApplicationFilterChain.internalDoFilter(ApplicationFilterChain.java:193)
	at org.apache.catalina.core.ApplicationFilterChain.doFilter(ApplicationFilterChain.java:166)
	at org.springframework.web.filter.FormContentFilter.doFilterInternal(FormContentFilter.java:93)
	at org.springframework.web.filter.OncePerRequestFilter.doFilter(OncePerRequestFilter.java:119)
	at org.apache.catalina.core.ApplicationFilterChain.internalDoFilter(ApplicationFilterChain.java:193)
	at org.apache.catalina.core.ApplicationFilterChain.doFilter(ApplicationFilterChain.java:166)
	at org.springframework.web.filter.CharacterEncodingFilter.doFilterInternal(CharacterEncodingFilter.java:201)
	at org.springframework.web.filter.OncePerRequestFilter.doFilter(OncePerRequestFilter.java:119)
	at org.apache.catalina.core.ApplicationFilterChain.internalDoFilter(ApplicationFilterChain.java:193)
	at org.apache.catalina.core.ApplicationFilterChain.doFilter(ApplicationFilterChain.java:166)
	at org.apache.catalina.core.StandardWrapperValve.invoke(StandardWrapperValve.java:202)
	at org.apache.catalina.core.StandardContextValve.invoke(StandardContextValve.java:96)
	at org.apache.catalina.authenticator.AuthenticatorBase.invoke(AuthenticatorBase.java:526)
	at org.apache.catalina.core.StandardHostValve.invoke(StandardHostValve.java:139)
	at org.apache.catalina.valves.ErrorReportValve.invoke(ErrorReportValve.java:92)
	at org.apache.catalina.core.StandardEngineValve.invoke(StandardEngineValve.java:74)
	at org.apache.catalina.connector.CoyoteAdapter.service(CoyoteAdapter.java:343)
	at org.apache.coyote.http11.Http11Processor.service(Http11Processor.java:367)
	at org.apache.coyote.AbstractProcessorLight.process(AbstractProcessorLight.java:65)
	at org.apache.coyote.AbstractProtocol$ConnectionHandler.process(AbstractProtocol.java:860)
	at org.apache.tomcat.util.net.NioEndpoint$SocketProcessor.doRun(NioEndpoint.java:1591)
	at org.apache.tomcat.util.net.SocketProcessorBase.run(SocketProcessorBase.java:49)
	at java.base/java.util.concurrent.ThreadPoolExecutor.runWorker(ThreadPoolExecutor.java:1136)
	at java.base/java.util.concurrent.ThreadPoolExecutor$Worker.run(ThreadPoolExecutor.java:635)
	at org.apache.tomcat.util.threads.TaskThread$WrappingRunnable.run(TaskThread.java:61)
	at java.base/java.lang.Thread.run(Thread.java:833)
2023-12-15-13:34:52.593 INFO [http-nio-9961-exec-1]-
        com.dynasty.blog.user.config.userLoginInterceptor:40>>token:eyJhbGciOiJIUzI1NiIsInR5cCI6IkpXVCJ9.eyJleHAiOjE3MDI2MTUxMDIsImNsYWltcyI6eyJ1c2VyUGhvbmUiOiIxODczODgwNTAzNCIsInVzZXJOYW1lIjoiZHluYXN0eSIsInVzZXJJZCI6MTR9fQ.gUM9yhLUNtj9sMKLPI_T8eWWCsj9yV82mYkD3yQBjfg
2023-12-15-13:34:52.595 ERROR [http-nio-9961-exec-1]-
        org.apache.juli.logging.DirectJDKLog:175>>Servlet.service() for servlet [dispatcherServlet] threw exception
java.lang.NullPointerException: Cannot invoke "java.util.Map.get(Object)" because "map" is null
	at com.dynasty.blog.user.config.userLoginInterceptor.preHandle(userLoginInterceptor.java:49)
	at org.springframework.web.servlet.HandlerExecutionChain.applyPreHandle(HandlerExecutionChain.java:141)
	at org.springframework.web.servlet.DispatcherServlet.doDispatch(DispatcherServlet.java:1035)
	at org.springframework.web.servlet.DispatcherServlet.doService(DispatcherServlet.java:943)
	at org.springframework.web.servlet.FrameworkServlet.processRequest(FrameworkServlet.java:1006)
	at org.springframework.web.servlet.FrameworkServlet.doPost(FrameworkServlet.java:909)
	at javax.servlet.http.HttpServlet.service(HttpServlet.java:660)
	at org.springframework.web.servlet.FrameworkServlet.service(FrameworkServlet.java:883)
	at javax.servlet.http.HttpServlet.service(HttpServlet.java:741)
	at org.apache.catalina.core.ApplicationFilterChain.internalDoFilter(ApplicationFilterChain.java:231)
	at org.apache.catalina.core.ApplicationFilterChain.doFilter(ApplicationFilterChain.java:166)
	at org.apache.catalina.core.ApplicationDispatcher.invoke(ApplicationDispatcher.java:712)
	at org.apache.catalina.core.ApplicationDispatcher.processRequest(ApplicationDispatcher.java:461)
	at org.apache.catalina.core.ApplicationDispatcher.doForward(ApplicationDispatcher.java:384)
	at org.apache.catalina.core.ApplicationDispatcher.forward(ApplicationDispatcher.java:312)
	at org.apache.catalina.core.StandardHostValve.custom(StandardHostValve.java:394)
	at org.apache.catalina.core.StandardHostValve.status(StandardHostValve.java:253)
	at org.apache.catalina.core.StandardHostValve.throwable(StandardHostValve.java:348)
	at org.apache.catalina.core.StandardHostValve.invoke(StandardHostValve.java:173)
	at org.apache.catalina.valves.ErrorReportValve.invoke(ErrorReportValve.java:92)
	at org.apache.catalina.core.StandardEngineValve.invoke(StandardEngineValve.java:74)
	at org.apache.catalina.connector.CoyoteAdapter.service(CoyoteAdapter.java:343)
	at org.apache.coyote.http11.Http11Processor.service(Http11Processor.java:367)
	at org.apache.coyote.AbstractProcessorLight.process(AbstractProcessorLight.java:65)
	at org.apache.coyote.AbstractProtocol$ConnectionHandler.process(AbstractProtocol.java:860)
	at org.apache.tomcat.util.net.NioEndpoint$SocketProcessor.doRun(NioEndpoint.java:1591)
	at org.apache.tomcat.util.net.SocketProcessorBase.run(SocketProcessorBase.java:49)
	at java.base/java.util.concurrent.ThreadPoolExecutor.runWorker(ThreadPoolExecutor.java:1136)
	at java.base/java.util.concurrent.ThreadPoolExecutor$Worker.run(ThreadPoolExecutor.java:635)
	at org.apache.tomcat.util.threads.TaskThread$WrappingRunnable.run(TaskThread.java:61)
	at java.base/java.lang.Thread.run(Thread.java:833)
2023-12-15-13:34:52.595 ERROR [http-nio-9961-exec-1]-
        org.apache.juli.logging.DirectJDKLog:175>>Exception Processing ErrorPage[errorCode=0, location=/error]
org.springframework.web.util.NestedServletException: Request processing failed; nested exception is java.lang.RuntimeException: java.lang.NullPointerException: Cannot invoke "java.util.Map.get(Object)" because "map" is null
	at org.springframework.web.servlet.FrameworkServlet.processRequest(FrameworkServlet.java:1014)
	at org.springframework.web.servlet.FrameworkServlet.doPost(FrameworkServlet.java:909)
	at javax.servlet.http.HttpServlet.service(HttpServlet.java:660)
	at org.springframework.web.servlet.FrameworkServlet.service(FrameworkServlet.java:883)
	at javax.servlet.http.HttpServlet.service(HttpServlet.java:741)
	at org.apache.catalina.core.ApplicationFilterChain.internalDoFilter(ApplicationFilterChain.java:231)
	at org.apache.catalina.core.ApplicationFilterChain.doFilter(ApplicationFilterChain.java:166)
	at org.apache.catalina.core.ApplicationDispatcher.invoke(ApplicationDispatcher.java:712)
	at org.apache.catalina.core.ApplicationDispatcher.processRequest(ApplicationDispatcher.java:461)
	at org.apache.catalina.core.ApplicationDispatcher.doForward(ApplicationDispatcher.java:384)
	at org.apache.catalina.core.ApplicationDispatcher.forward(ApplicationDispatcher.java:312)
	at org.apache.catalina.core.StandardHostValve.custom(StandardHostValve.java:394)
	at org.apache.catalina.core.StandardHostValve.status(StandardHostValve.java:253)
	at org.apache.catalina.core.StandardHostValve.throwable(StandardHostValve.java:348)
	at org.apache.catalina.core.StandardHostValve.invoke(StandardHostValve.java:173)
	at org.apache.catalina.valves.ErrorReportValve.invoke(ErrorReportValve.java:92)
	at org.apache.catalina.core.StandardEngineValve.invoke(StandardEngineValve.java:74)
	at org.apache.catalina.connector.CoyoteAdapter.service(CoyoteAdapter.java:343)
	at org.apache.coyote.http11.Http11Processor.service(Http11Processor.java:367)
	at org.apache.coyote.AbstractProcessorLight.process(AbstractProcessorLight.java:65)
	at org.apache.coyote.AbstractProtocol$ConnectionHandler.process(AbstractProtocol.java:860)
	at org.apache.tomcat.util.net.NioEndpoint$SocketProcessor.doRun(NioEndpoint.java:1591)
	at org.apache.tomcat.util.net.SocketProcessorBase.run(SocketProcessorBase.java:49)
	at java.base/java.util.concurrent.ThreadPoolExecutor.runWorker(ThreadPoolExecutor.java:1136)
	at java.base/java.util.concurrent.ThreadPoolExecutor$Worker.run(ThreadPoolExecutor.java:635)
	at org.apache.tomcat.util.threads.TaskThread$WrappingRunnable.run(TaskThread.java:61)
	at java.base/java.lang.Thread.run(Thread.java:833)
Caused by: java.lang.RuntimeException: java.lang.NullPointerException: Cannot invoke "java.util.Map.get(Object)" because "map" is null
	at com.dynasty.blog.user.config.userLoginInterceptor.preHandle(userLoginInterceptor.java:67)
	at org.springframework.web.servlet.HandlerExecutionChain.applyPreHandle(HandlerExecutionChain.java:141)
	at org.springframework.web.servlet.DispatcherServlet.doDispatch(DispatcherServlet.java:1035)
	at org.springframework.web.servlet.DispatcherServlet.doService(DispatcherServlet.java:943)
	at org.springframework.web.servlet.FrameworkServlet.processRequest(FrameworkServlet.java:1006)
	... 26 common frames omitted
Caused by: java.lang.NullPointerException: Cannot invoke "java.util.Map.get(Object)" because "map" is null
	at com.dynasty.blog.user.config.userLoginInterceptor.preHandle(userLoginInterceptor.java:49)
	... 30 common frames omitted
2023-12-15-13:34:57.547 INFO [http-nio-9961-exec-2]-
        com.dynasty.blog.user.config.userLoginInterceptor:40>>token:null
2023-12-15-13:35:11.831 INFO [http-nio-9961-exec-4]-
        com.dynasty.blog.user.config.userLoginInterceptor:40>>token:null
2023-12-15-13:35:53.897 INFO [SpringContextShutdownHook]-
        com.alibaba.druid.pool.DruidDataSource:2071>>{dataSource-1} closing ...
2023-12-15-13:35:53.898 INFO [SpringContextShutdownHook]-
        com.alibaba.druid.pool.DruidDataSource:2144>>{dataSource-1} closed
2023-12-15-13:35:53.898 INFO [SpringContextShutdownHook]-
        org.springframework.scheduling.concurrent.ExecutorConfigurationSupport:208>>Shutting down ExecutorService 'applicationTaskExecutor'
2023-12-15-13:35:58.025 INFO [main]-
        org.springframework.boot.StartupInfoLogger:55>>Starting MyBlogUser9961Application on Dynasty with PID 17404 (F:\MyPlayGround\MyBlog\MyBlog\backend\my-blog-center\my-blog-user-9961\target\classes started by 17789 in F:\MyPlayGround\MyBlog\MyBlog)
2023-12-15-13:35:58.029 INFO [main]-
        org.springframework.boot.SpringApplication:651>>No active profile set, falling back to default profiles: default
2023-12-15-13:35:58.592 INFO [main]-
        org.springframework.data.repository.config.RepositoryConfigurationDelegate:249>>Multiple Spring Data modules found, entering strict repository configuration mode!
2023-12-15-13:35:58.594 INFO [main]-
        org.springframework.data.repository.config.RepositoryConfigurationDelegate:127>>Bootstrapping Spring Data Redis repositories in DEFAULT mode.
2023-12-15-13:35:58.628 INFO [main]-
        org.springframework.data.repository.config.RepositoryConfigurationDelegate:187>>Finished Spring Data repository scanning in 23ms. Found 0 Redis repository interfaces.
2023-12-15-13:35:58.873 INFO [main]-
        org.springframework.context.support.PostProcessorRegistrationDelegate$BeanPostProcessorChecker:330>>Bean 'org.springframework.transaction.annotation.ProxyTransactionManagementConfiguration' of type [org.springframework.transaction.annotation.ProxyTransactionManagementConfiguration] is not eligible for getting processed by all BeanPostProcessors (for example: not eligible for auto-proxying)
2023-12-15-13:35:59.205 INFO [main]-
        org.springframework.boot.web.embedded.tomcat.TomcatWebServer:92>>Tomcat initialized with port(s): 9961 (http)
2023-12-15-13:35:59.213 INFO [main]-
        org.apache.juli.logging.DirectJDKLog:173>>Initializing ProtocolHandler ["http-nio-9961"]
2023-12-15-13:35:59.214 INFO [main]-
        org.apache.juli.logging.DirectJDKLog:173>>Starting service [Tomcat]
2023-12-15-13:35:59.214 INFO [main]-
        org.apache.juli.logging.DirectJDKLog:173>>Starting Servlet engine: [Apache Tomcat/9.0.29]
2023-12-15-13:35:59.294 INFO [main]-
        org.apache.juli.logging.DirectJDKLog:173>>Initializing Spring embedded WebApplicationContext
2023-12-15-13:35:59.294 INFO [main]-
        org.springframework.boot.web.servlet.context.ServletWebServerApplicationContext:284>>Root WebApplicationContext: initialization completed in 1213 ms
2023-12-15-13:35:59.576 INFO [main]-
        com.dynasty.blog.user.config.MyConfig:20>>进入了Myconfig
2023-12-15-13:35:59.701 INFO [main]-
        org.springframework.scheduling.concurrent.ExecutorConfigurationSupport:171>>Initializing ExecutorService 'applicationTaskExecutor'
2023-12-15-13:35:59.754 INFO [main]-
        org.springframework.boot.autoconfigure.web.servlet.WelcomePageHandlerMapping:54>>Adding welcome page: class path resource [static/index.html]
2023-12-15-13:35:59.801 INFO [main]-
        com.alibaba.druid.spring.boot.autoconfigure.DruidDataSourceAutoConfigure:56>>Init DruidDataSource
2023-12-15-13:35:59.877 INFO [main]-
        com.alibaba.druid.pool.DruidDataSource:998>>{dataSource-1} inited
2023-12-15-13:36:00.251 INFO [main]-
        org.apache.juli.logging.DirectJDKLog:173>>Starting ProtocolHandler ["http-nio-9961"]
2023-12-15-13:36:00.290 INFO [main]-
        org.springframework.boot.web.embedded.tomcat.TomcatWebServer:204>>Tomcat started on port(s): 9961 (http) with context path ''
2023-12-15-13:36:00.292 INFO [main]-
        org.springframework.boot.StartupInfoLogger:61>>Started MyBlogUser9961Application in 2.81 seconds (JVM running for 3.544)
2023-12-15-13:36:39.628 INFO [http-nio-9961-exec-1]-
        org.apache.juli.logging.DirectJDKLog:173>>Initializing Spring DispatcherServlet 'dispatcherServlet'
2023-12-15-13:36:39.629 INFO [http-nio-9961-exec-1]-
        org.springframework.web.servlet.FrameworkServlet:525>>Initializing Servlet 'dispatcherServlet'
2023-12-15-13:36:39.633 INFO [http-nio-9961-exec-1]-
        org.springframework.web.servlet.FrameworkServlet:547>>Completed initialization in 4 ms
2023-12-15-13:36:39.652 INFO [http-nio-9961-exec-1]-
        com.dynasty.blog.user.config.userLoginInterceptor:40>>token:null
2023-12-15-13:37:54.261 INFO [http-nio-9961-exec-3]-
        com.dynasty.blog.user.config.userLoginInterceptor:40>>token:null
2023-12-15-13:38:00.624 INFO [http-nio-9961-exec-4]-
        com.dynasty.blog.user.config.userLoginInterceptor:40>>token:null
2023-12-15-13:38:08.732 INFO [http-nio-9961-exec-5]-
        com.dynasty.blog.user.config.userLoginInterceptor:40>>token:null
2023-12-15-13:38:30.873 INFO [SpringContextShutdownHook]-
        com.alibaba.druid.pool.DruidDataSource:2071>>{dataSource-1} closing ...
2023-12-15-13:38:30.874 INFO [SpringContextShutdownHook]-
        com.alibaba.druid.pool.DruidDataSource:2144>>{dataSource-1} closed
2023-12-15-13:38:30.874 INFO [SpringContextShutdownHook]-
        org.springframework.scheduling.concurrent.ExecutorConfigurationSupport:208>>Shutting down ExecutorService 'applicationTaskExecutor'
2023-12-15-13:38:35.075 INFO [main]-
        org.springframework.boot.StartupInfoLogger:55>>Starting MyBlogUser9961Application on Dynasty with PID 2328 (F:\MyPlayGround\MyBlog\MyBlog\backend\my-blog-center\my-blog-user-9961\target\classes started by 17789 in F:\MyPlayGround\MyBlog\MyBlog)
2023-12-15-13:38:35.079 INFO [main]-
        org.springframework.boot.SpringApplication:651>>No active profile set, falling back to default profiles: default
2023-12-15-13:38:35.678 INFO [main]-
        org.springframework.data.repository.config.RepositoryConfigurationDelegate:249>>Multiple Spring Data modules found, entering strict repository configuration mode!
2023-12-15-13:38:35.680 INFO [main]-
        org.springframework.data.repository.config.RepositoryConfigurationDelegate:127>>Bootstrapping Spring Data Redis repositories in DEFAULT mode.
2023-12-15-13:38:35.713 INFO [main]-
        org.springframework.data.repository.config.RepositoryConfigurationDelegate:187>>Finished Spring Data repository scanning in 21ms. Found 0 Redis repository interfaces.
2023-12-15-13:38:35.961 INFO [main]-
        org.springframework.context.support.PostProcessorRegistrationDelegate$BeanPostProcessorChecker:330>>Bean 'org.springframework.transaction.annotation.ProxyTransactionManagementConfiguration' of type [org.springframework.transaction.annotation.ProxyTransactionManagementConfiguration] is not eligible for getting processed by all BeanPostProcessors (for example: not eligible for auto-proxying)
2023-12-15-13:38:36.282 INFO [main]-
        org.springframework.boot.web.embedded.tomcat.TomcatWebServer:92>>Tomcat initialized with port(s): 9961 (http)
2023-12-15-13:38:36.290 INFO [main]-
        org.apache.juli.logging.DirectJDKLog:173>>Initializing ProtocolHandler ["http-nio-9961"]
2023-12-15-13:38:36.290 INFO [main]-
        org.apache.juli.logging.DirectJDKLog:173>>Starting service [Tomcat]
2023-12-15-13:38:36.290 INFO [main]-
        org.apache.juli.logging.DirectJDKLog:173>>Starting Servlet engine: [Apache Tomcat/9.0.29]
2023-12-15-13:38:36.367 INFO [main]-
        org.apache.juli.logging.DirectJDKLog:173>>Initializing Spring embedded WebApplicationContext
2023-12-15-13:38:36.368 INFO [main]-
        org.springframework.boot.web.servlet.context.ServletWebServerApplicationContext:284>>Root WebApplicationContext: initialization completed in 1244 ms
2023-12-15-13:38:36.605 INFO [main]-
        com.dynasty.blog.user.config.MyConfig:20>>进入了Myconfig
2023-12-15-13:38:36.713 INFO [main]-
        org.springframework.scheduling.concurrent.ExecutorConfigurationSupport:171>>Initializing ExecutorService 'applicationTaskExecutor'
2023-12-15-13:38:36.758 INFO [main]-
        org.springframework.boot.autoconfigure.web.servlet.WelcomePageHandlerMapping:54>>Adding welcome page: class path resource [static/index.html]
2023-12-15-13:38:36.798 INFO [main]-
        com.alibaba.druid.spring.boot.autoconfigure.DruidDataSourceAutoConfigure:56>>Init DruidDataSource
2023-12-15-13:38:36.877 INFO [main]-
        com.alibaba.druid.pool.DruidDataSource:998>>{dataSource-1} inited
2023-12-15-13:38:37.239 INFO [main]-
        org.apache.juli.logging.DirectJDKLog:173>>Starting ProtocolHandler ["http-nio-9961"]
2023-12-15-13:38:37.277 INFO [main]-
        org.springframework.boot.web.embedded.tomcat.TomcatWebServer:204>>Tomcat started on port(s): 9961 (http) with context path ''
2023-12-15-13:38:37.279 INFO [main]-
        org.springframework.boot.StartupInfoLogger:61>>Started MyBlogUser9961Application in 2.743 seconds (JVM running for 3.606)
2023-12-15-13:38:41.340 INFO [http-nio-9961-exec-1]-
        org.apache.juli.logging.DirectJDKLog:173>>Initializing Spring DispatcherServlet 'dispatcherServlet'
2023-12-15-13:38:41.340 INFO [http-nio-9961-exec-1]-
        org.springframework.web.servlet.FrameworkServlet:525>>Initializing Servlet 'dispatcherServlet'
2023-12-15-13:38:41.345 INFO [http-nio-9961-exec-1]-
        org.springframework.web.servlet.FrameworkServlet:547>>Completed initialization in 5 ms
2023-12-15-13:38:41.356 INFO [http-nio-9961-exec-1]-
        com.dynasty.blog.user.config.userLoginInterceptor:40>>token:null
2023-12-15-13:43:56.896 INFO [SpringContextShutdownHook]-
        com.alibaba.druid.pool.DruidDataSource:2071>>{dataSource-1} closing ...
2023-12-15-13:43:56.897 INFO [SpringContextShutdownHook]-
        com.alibaba.druid.pool.DruidDataSource:2144>>{dataSource-1} closed
2023-12-15-13:43:56.897 INFO [SpringContextShutdownHook]-
        org.springframework.scheduling.concurrent.ExecutorConfigurationSupport:208>>Shutting down ExecutorService 'applicationTaskExecutor'
2023-12-15-13:44:01.062 INFO [main]-
        org.springframework.boot.StartupInfoLogger:55>>Starting MyBlogUser9961Application on Dynasty with PID 13156 (F:\MyPlayGround\MyBlog\MyBlog\backend\my-blog-center\my-blog-user-9961\target\classes started by 17789 in F:\MyPlayGround\MyBlog\MyBlog)
2023-12-15-13:44:01.066 INFO [main]-
        org.springframework.boot.SpringApplication:651>>No active profile set, falling back to default profiles: default
2023-12-15-13:44:01.587 INFO [main]-
        org.springframework.data.repository.config.RepositoryConfigurationDelegate:249>>Multiple Spring Data modules found, entering strict repository configuration mode!
2023-12-15-13:44:01.589 INFO [main]-
        org.springframework.data.repository.config.RepositoryConfigurationDelegate:127>>Bootstrapping Spring Data Redis repositories in DEFAULT mode.
2023-12-15-13:44:01.625 INFO [main]-
        org.springframework.data.repository.config.RepositoryConfigurationDelegate:187>>Finished Spring Data repository scanning in 24ms. Found 0 Redis repository interfaces.
2023-12-15-13:44:01.875 INFO [main]-
        org.springframework.context.support.PostProcessorRegistrationDelegate$BeanPostProcessorChecker:330>>Bean 'org.springframework.transaction.annotation.ProxyTransactionManagementConfiguration' of type [org.springframework.transaction.annotation.ProxyTransactionManagementConfiguration] is not eligible for getting processed by all BeanPostProcessors (for example: not eligible for auto-proxying)
2023-12-15-13:44:02.208 INFO [main]-
        org.springframework.boot.web.embedded.tomcat.TomcatWebServer:92>>Tomcat initialized with port(s): 9961 (http)
2023-12-15-13:44:02.216 INFO [main]-
        org.apache.juli.logging.DirectJDKLog:173>>Initializing ProtocolHandler ["http-nio-9961"]
2023-12-15-13:44:02.217 INFO [main]-
        org.apache.juli.logging.DirectJDKLog:173>>Starting service [Tomcat]
2023-12-15-13:44:02.217 INFO [main]-
        org.apache.juli.logging.DirectJDKLog:173>>Starting Servlet engine: [Apache Tomcat/9.0.29]
2023-12-15-13:44:02.290 INFO [main]-
        org.apache.juli.logging.DirectJDKLog:173>>Initializing Spring embedded WebApplicationContext
2023-12-15-13:44:02.291 INFO [main]-
        org.springframework.boot.web.servlet.context.ServletWebServerApplicationContext:284>>Root WebApplicationContext: initialization completed in 1176 ms
2023-12-15-13:44:02.534 INFO [main]-
        com.dynasty.blog.user.config.MyConfig:20>>进入了Myconfig
2023-12-15-13:44:02.652 INFO [main]-
        org.springframework.scheduling.concurrent.ExecutorConfigurationSupport:171>>Initializing ExecutorService 'applicationTaskExecutor'
2023-12-15-13:44:02.707 INFO [main]-
        org.springframework.boot.autoconfigure.web.servlet.WelcomePageHandlerMapping:54>>Adding welcome page: class path resource [static/index.html]
2023-12-15-13:44:02.755 INFO [main]-
        com.alibaba.druid.spring.boot.autoconfigure.DruidDataSourceAutoConfigure:56>>Init DruidDataSource
2023-12-15-13:44:02.830 INFO [main]-
        com.alibaba.druid.pool.DruidDataSource:998>>{dataSource-1} inited
2023-12-15-13:44:03.205 INFO [main]-
        org.apache.juli.logging.DirectJDKLog:173>>Starting ProtocolHandler ["http-nio-9961"]
2023-12-15-13:44:03.243 INFO [main]-
        org.springframework.boot.web.embedded.tomcat.TomcatWebServer:204>>Tomcat started on port(s): 9961 (http) with context path ''
2023-12-15-13:44:03.245 INFO [main]-
        org.springframework.boot.StartupInfoLogger:61>>Started MyBlogUser9961Application in 2.709 seconds (JVM running for 3.398)
2023-12-15-13:44:17.835 INFO [http-nio-9961-exec-1]-
        org.apache.juli.logging.DirectJDKLog:173>>Initializing Spring DispatcherServlet 'dispatcherServlet'
2023-12-15-13:44:17.835 INFO [http-nio-9961-exec-1]-
        org.springframework.web.servlet.FrameworkServlet:525>>Initializing Servlet 'dispatcherServlet'
2023-12-15-13:44:17.839 INFO [http-nio-9961-exec-1]-
        org.springframework.web.servlet.FrameworkServlet:547>>Completed initialization in 4 ms
2023-12-15-13:44:17.858 INFO [http-nio-9961-exec-1]-
        com.dynasty.blog.user.config.userLoginInterceptor:40>>token:null
2023-12-15-13:44:31.671 INFO [http-nio-9961-exec-2]-
        com.dynasty.blog.user.config.userLoginInterceptor:40>>token:null
2023-12-15-13:47:06.129 INFO [SpringContextShutdownHook]-
        com.alibaba.druid.pool.DruidDataSource:2071>>{dataSource-1} closing ...
2023-12-15-13:47:06.130 INFO [SpringContextShutdownHook]-
        com.alibaba.druid.pool.DruidDataSource:2144>>{dataSource-1} closed
2023-12-15-13:47:06.131 INFO [SpringContextShutdownHook]-
        org.springframework.scheduling.concurrent.ExecutorConfigurationSupport:208>>Shutting down ExecutorService 'applicationTaskExecutor'
2023-12-15-13:47:10.328 INFO [main]-
        org.springframework.boot.StartupInfoLogger:55>>Starting MyBlogUser9961Application on Dynasty with PID 14504 (F:\MyPlayGround\MyBlog\MyBlog\backend\my-blog-center\my-blog-user-9961\target\classes started by 17789 in F:\MyPlayGround\MyBlog\MyBlog)
2023-12-15-13:47:10.332 INFO [main]-
        org.springframework.boot.SpringApplication:651>>No active profile set, falling back to default profiles: default
2023-12-15-13:47:10.856 INFO [main]-
        org.springframework.data.repository.config.RepositoryConfigurationDelegate:249>>Multiple Spring Data modules found, entering strict repository configuration mode!
2023-12-15-13:47:10.858 INFO [main]-
        org.springframework.data.repository.config.RepositoryConfigurationDelegate:127>>Bootstrapping Spring Data Redis repositories in DEFAULT mode.
2023-12-15-13:47:10.886 INFO [main]-
        org.springframework.data.repository.config.RepositoryConfigurationDelegate:187>>Finished Spring Data repository scanning in 19ms. Found 0 Redis repository interfaces.
2023-12-15-13:47:11.131 INFO [main]-
        org.springframework.context.support.PostProcessorRegistrationDelegate$BeanPostProcessorChecker:330>>Bean 'org.springframework.transaction.annotation.ProxyTransactionManagementConfiguration' of type [org.springframework.transaction.annotation.ProxyTransactionManagementConfiguration] is not eligible for getting processed by all BeanPostProcessors (for example: not eligible for auto-proxying)
2023-12-15-13:47:11.453 INFO [main]-
        org.springframework.boot.web.embedded.tomcat.TomcatWebServer:92>>Tomcat initialized with port(s): 9961 (http)
2023-12-15-13:47:11.461 INFO [main]-
        org.apache.juli.logging.DirectJDKLog:173>>Initializing ProtocolHandler ["http-nio-9961"]
2023-12-15-13:47:11.462 INFO [main]-
        org.apache.juli.logging.DirectJDKLog:173>>Starting service [Tomcat]
2023-12-15-13:47:11.462 INFO [main]-
        org.apache.juli.logging.DirectJDKLog:173>>Starting Servlet engine: [Apache Tomcat/9.0.29]
2023-12-15-13:47:11.535 INFO [main]-
        org.apache.juli.logging.DirectJDKLog:173>>Initializing Spring embedded WebApplicationContext
2023-12-15-13:47:11.535 INFO [main]-
        org.springframework.boot.web.servlet.context.ServletWebServerApplicationContext:284>>Root WebApplicationContext: initialization completed in 1155 ms
2023-12-15-13:47:11.773 INFO [main]-
        com.dynasty.blog.user.config.MyConfig:20>>进入了Myconfig
2023-12-15-13:47:11.877 INFO [main]-
        org.springframework.scheduling.concurrent.ExecutorConfigurationSupport:171>>Initializing ExecutorService 'applicationTaskExecutor'
2023-12-15-13:47:11.923 INFO [main]-
        org.springframework.boot.autoconfigure.web.servlet.WelcomePageHandlerMapping:54>>Adding welcome page: class path resource [static/index.html]
2023-12-15-13:47:11.966 INFO [main]-
        com.alibaba.druid.spring.boot.autoconfigure.DruidDataSourceAutoConfigure:56>>Init DruidDataSource
2023-12-15-13:47:12.051 INFO [main]-
        com.alibaba.druid.pool.DruidDataSource:998>>{dataSource-1} inited
2023-12-15-13:47:12.418 INFO [main]-
        org.apache.juli.logging.DirectJDKLog:173>>Starting ProtocolHandler ["http-nio-9961"]
2023-12-15-13:47:12.455 INFO [main]-
        org.springframework.boot.web.embedded.tomcat.TomcatWebServer:204>>Tomcat started on port(s): 9961 (http) with context path ''
2023-12-15-13:47:12.457 INFO [main]-
        org.springframework.boot.StartupInfoLogger:61>>Started MyBlogUser9961Application in 2.674 seconds (JVM running for 3.393)
2023-12-15-13:47:16.628 INFO [http-nio-9961-exec-1]-
        org.apache.juli.logging.DirectJDKLog:173>>Initializing Spring DispatcherServlet 'dispatcherServlet'
2023-12-15-13:47:16.628 INFO [http-nio-9961-exec-1]-
        org.springframework.web.servlet.FrameworkServlet:525>>Initializing Servlet 'dispatcherServlet'
2023-12-15-13:47:16.632 INFO [http-nio-9961-exec-1]-
        org.springframework.web.servlet.FrameworkServlet:547>>Completed initialization in 4 ms
2023-12-15-13:47:16.652 INFO [http-nio-9961-exec-1]-
        com.dynasty.blog.user.config.userLoginInterceptor:40>>token:null
2023-12-15-13:47:31.419 INFO [http-nio-9961-exec-2]-
        com.dynasty.blog.user.config.userLoginInterceptor:40>>token:null
2023-12-15-13:48:44.051 INFO [http-nio-9961-exec-4]-
        com.dynasty.blog.user.config.userLoginInterceptor:40>>token:null
2023-12-15-13:49:11.025 INFO [SpringContextShutdownHook]-
        com.alibaba.druid.pool.DruidDataSource:2071>>{dataSource-1} closing ...
2023-12-15-13:49:11.025 INFO [SpringContextShutdownHook]-
        com.alibaba.druid.pool.DruidDataSource:2144>>{dataSource-1} closed
2023-12-15-13:49:11.026 INFO [SpringContextShutdownHook]-
        org.springframework.scheduling.concurrent.ExecutorConfigurationSupport:208>>Shutting down ExecutorService 'applicationTaskExecutor'
2023-12-15-13:49:25.711 INFO [main]-
        org.springframework.boot.StartupInfoLogger:55>>Starting MyBlogUser9961Application on Dynasty with PID 9272 (F:\MyPlayGround\MyBlog\MyBlog\backend\my-blog-center\my-blog-user-9961\target\classes started by 17789 in F:\MyPlayGround\MyBlog\MyBlog)
2023-12-15-13:49:25.715 INFO [main]-
        org.springframework.boot.SpringApplication:651>>No active profile set, falling back to default profiles: default
2023-12-15-13:49:26.279 INFO [main]-
        org.springframework.data.repository.config.RepositoryConfigurationDelegate:249>>Multiple Spring Data modules found, entering strict repository configuration mode!
2023-12-15-13:49:26.281 INFO [main]-
        org.springframework.data.repository.config.RepositoryConfigurationDelegate:127>>Bootstrapping Spring Data Redis repositories in DEFAULT mode.
2023-12-15-13:49:26.302 INFO [main]-
        org.springframework.data.repository.config.RepositoryConfigurationDelegate:187>>Finished Spring Data repository scanning in 8ms. Found 0 Redis repository interfaces.
2023-12-15-13:49:26.582 INFO [main]-
        org.springframework.context.support.PostProcessorRegistrationDelegate$BeanPostProcessorChecker:330>>Bean 'org.springframework.transaction.annotation.ProxyTransactionManagementConfiguration' of type [org.springframework.transaction.annotation.ProxyTransactionManagementConfiguration] is not eligible for getting processed by all BeanPostProcessors (for example: not eligible for auto-proxying)
2023-12-15-13:49:26.906 INFO [main]-
        org.springframework.boot.web.embedded.tomcat.TomcatWebServer:92>>Tomcat initialized with port(s): 9961 (http)
2023-12-15-13:49:26.915 INFO [main]-
        org.apache.juli.logging.DirectJDKLog:173>>Initializing ProtocolHandler ["http-nio-9961"]
2023-12-15-13:49:26.916 INFO [main]-
        org.apache.juli.logging.DirectJDKLog:173>>Starting service [Tomcat]
2023-12-15-13:49:26.916 INFO [main]-
        org.apache.juli.logging.DirectJDKLog:173>>Starting Servlet engine: [Apache Tomcat/9.0.29]
2023-12-15-13:49:26.997 INFO [main]-
        org.apache.juli.logging.DirectJDKLog:173>>Initializing Spring embedded WebApplicationContext
2023-12-15-13:49:26.998 INFO [main]-
        org.springframework.boot.web.servlet.context.ServletWebServerApplicationContext:284>>Root WebApplicationContext: initialization completed in 1234 ms
2023-12-15-13:49:27.300 INFO [main]-
        com.dynasty.blog.user.config.MyConfig:20>>进入了Myconfig
2023-12-15-13:49:27.308 INFO [main]-
        com.alibaba.druid.spring.boot.autoconfigure.DruidDataSourceAutoConfigure:56>>Init DruidDataSource
2023-12-15-13:49:27.386 INFO [main]-
        com.alibaba.druid.pool.DruidDataSource:998>>{dataSource-1} inited
2023-12-15-13:49:27.701 INFO [main]-
        org.springframework.scheduling.concurrent.ExecutorConfigurationSupport:171>>Initializing ExecutorService 'applicationTaskExecutor'
2023-12-15-13:49:27.748 INFO [main]-
        org.springframework.boot.autoconfigure.web.servlet.WelcomePageHandlerMapping:54>>Adding welcome page: class path resource [static/index.html]
2023-12-15-13:49:27.888 INFO [main]-
        org.apache.juli.logging.DirectJDKLog:173>>Starting ProtocolHandler ["http-nio-9961"]
2023-12-15-13:49:27.933 INFO [main]-
        org.springframework.boot.web.embedded.tomcat.TomcatWebServer:204>>Tomcat started on port(s): 9961 (http) with context path ''
2023-12-15-13:49:27.935 INFO [main]-
        org.springframework.boot.StartupInfoLogger:61>>Started MyBlogUser9961Application in 2.783 seconds (JVM running for 3.449)
2023-12-15-13:49:33.219 INFO [http-nio-9961-exec-1]-
        org.apache.juli.logging.DirectJDKLog:173>>Initializing Spring DispatcherServlet 'dispatcherServlet'
2023-12-15-13:49:33.219 INFO [http-nio-9961-exec-1]-
        org.springframework.web.servlet.FrameworkServlet:525>>Initializing Servlet 'dispatcherServlet'
2023-12-15-13:49:33.225 INFO [http-nio-9961-exec-1]-
        org.springframework.web.servlet.FrameworkServlet:547>>Completed initialization in 6 ms
2023-12-15-13:49:33.634 INFO [http-nio-9961-exec-1]-
        com.dynasty.blog.user.service.impl.BlogUserServiceImpl:70>>deleteFlag:0
2023-12-15-13:49:48.211 INFO [http-nio-9961-exec-2]-
        com.dynasty.blog.user.service.impl.BlogUserServiceImpl:70>>deleteFlag:0
2023-12-15-13:49:48.311 INFO [http-nio-9961-exec-2]-
        io.lettuce.core.EpollProvider:68>>Starting without optional epoll library
2023-12-15-13:49:48.312 INFO [http-nio-9961-exec-2]-
        io.lettuce.core.KqueueProvider:70>>Starting without optional kqueue library
2023-12-15-13:49:48.542 INFO [http-nio-9961-exec-2]-
        com.dynasty.blog.user.service.impl.BlogUserServiceImpl:95>>token:eyJhbGciOiJIUzI1NiIsInR5cCI6IkpXVCJ9.eyJleHAiOjE3MDI2MjI5ODgsImNsYWltcyI6eyJ1c2VyUGhvbmUiOiIxODczODgwNTAzNCIsInVzZXJOYW1lIjoiZHluYXN0eSIsInVzZXJJZCI6MTR9fQ.Le4dRKtvaAd4GycUrW5sqYEHf4JBzxRSx8xuxC0EICs
2023-12-15-13:50:11.405 INFO [http-nio-9961-exec-4]-
        com.dynasty.blog.user.config.userLoginInterceptor:40>>token:eyJhbGciOiJIUzI1NiIsInR5cCI6IkpXVCJ9.eyJleHAiOjE3MDI2MjI5ODgsImNsYWltcyI6eyJ1c2VyUGhvbmUiOiIxODczODgwNTAzNCIsInVzZXJOYW1lIjoiZHluYXN0eSIsInVzZXJJZCI6MTR9fQ.Le4dRKtvaAd4GycUrW5sqYEHf4JBzxRSx8xuxC0EICs
2023-12-15-13:50:11.439 INFO [http-nio-9961-exec-4]-
        com.dynasty.blog.user.config.userLoginInterceptor:50>>userPhone:18738805034
2023-12-15-13:50:11.441 INFO [http-nio-9961-exec-4]-
        com.dynasty.blog.user.config.userLoginInterceptor:52>>redisToken:eyJhbGciOiJIUzI1NiIsInR5cCI6IkpXVCJ9.eyJleHAiOjE3MDI2MjI5ODgsImNsYWltcyI6eyJ1c2VyUGhvbmUiOiIxODczODgwNTAzNCIsInVzZXJOYW1lIjoiZHluYXN0eSIsInVzZXJJZCI6MTR9fQ.Le4dRKtvaAd4GycUrW5sqYEHf4JBzxRSx8xuxC0EICs
2023-12-15-13:50:11.441 INFO [http-nio-9961-exec-4]-
        com.dynasty.blog.user.config.userLoginInterceptor:59>>map:{userPhone=18738805034, userName=dynasty, userId=14}
2023-12-15-13:50:11.488 INFO [http-nio-9961-exec-4]-
        com.dynasty.blog.user.service.impl.BlogUserServiceImpl:106>>userInfoList:{userName=dynasty, userEmail=17789944002@qq.com, icon=www.888.com, motto=2024发大财！！}
2023-12-15-13:57:31.416 INFO [SpringContextShutdownHook]-
        org.springframework.scheduling.concurrent.ExecutorConfigurationSupport:208>>Shutting down ExecutorService 'applicationTaskExecutor'
2023-12-15-13:57:31.417 INFO [SpringContextShutdownHook]-
        com.alibaba.druid.pool.DruidDataSource:2071>>{dataSource-1} closing ...
2023-12-15-13:57:31.419 INFO [SpringContextShutdownHook]-
        com.alibaba.druid.pool.DruidDataSource:2144>>{dataSource-1} closed
2023-12-15-13:57:36.040 INFO [main]-
        org.springframework.boot.StartupInfoLogger:55>>Starting MyBlogUser9961Application on Dynasty with PID 8632 (F:\MyPlayGround\MyBlog\MyBlog\backend\my-blog-center\my-blog-user-9961\target\classes started by 17789 in F:\MyPlayGround\MyBlog\MyBlog)
2023-12-15-13:57:36.044 INFO [main]-
        org.springframework.boot.SpringApplication:651>>No active profile set, falling back to default profiles: default
2023-12-15-13:57:36.574 INFO [main]-
        org.springframework.data.repository.config.RepositoryConfigurationDelegate:249>>Multiple Spring Data modules found, entering strict repository configuration mode!
2023-12-15-13:57:36.576 INFO [main]-
        org.springframework.data.repository.config.RepositoryConfigurationDelegate:127>>Bootstrapping Spring Data Redis repositories in DEFAULT mode.
2023-12-15-13:57:36.594 INFO [main]-
        org.springframework.data.repository.config.RepositoryConfigurationDelegate:187>>Finished Spring Data repository scanning in 7ms. Found 0 Redis repository interfaces.
2023-12-15-13:57:36.844 INFO [main]-
        org.springframework.context.support.PostProcessorRegistrationDelegate$BeanPostProcessorChecker:330>>Bean 'org.springframework.transaction.annotation.ProxyTransactionManagementConfiguration' of type [org.springframework.transaction.annotation.ProxyTransactionManagementConfiguration] is not eligible for getting processed by all BeanPostProcessors (for example: not eligible for auto-proxying)
2023-12-15-13:57:37.175 INFO [main]-
        org.springframework.boot.web.embedded.tomcat.TomcatWebServer:92>>Tomcat initialized with port(s): 9961 (http)
2023-12-15-13:57:37.182 INFO [main]-
        org.apache.juli.logging.DirectJDKLog:173>>Initializing ProtocolHandler ["http-nio-9961"]
2023-12-15-13:57:37.183 INFO [main]-
        org.apache.juli.logging.DirectJDKLog:173>>Starting service [Tomcat]
2023-12-15-13:57:37.183 INFO [main]-
        org.apache.juli.logging.DirectJDKLog:173>>Starting Servlet engine: [Apache Tomcat/9.0.29]
2023-12-15-13:57:37.259 INFO [main]-
        org.apache.juli.logging.DirectJDKLog:173>>Initializing Spring embedded WebApplicationContext
2023-12-15-13:57:37.260 INFO [main]-
        org.springframework.boot.web.servlet.context.ServletWebServerApplicationContext:284>>Root WebApplicationContext: initialization completed in 1163 ms
2023-12-15-13:57:37.558 INFO [main]-
        com.dynasty.blog.user.config.MyConfig:20>>进入了Myconfig
2023-12-15-13:57:37.566 INFO [main]-
        com.alibaba.druid.spring.boot.autoconfigure.DruidDataSourceAutoConfigure:56>>Init DruidDataSource
2023-12-15-13:57:37.646 INFO [main]-
        com.alibaba.druid.pool.DruidDataSource:998>>{dataSource-1} inited
2023-12-15-13:57:37.986 INFO [main]-
        org.springframework.scheduling.concurrent.ExecutorConfigurationSupport:171>>Initializing ExecutorService 'applicationTaskExecutor'
2023-12-15-13:57:38.036 INFO [main]-
        org.springframework.boot.autoconfigure.web.servlet.WelcomePageHandlerMapping:54>>Adding welcome page: class path resource [static/index.html]
2023-12-15-13:57:38.179 INFO [main]-
        org.apache.juli.logging.DirectJDKLog:173>>Starting ProtocolHandler ["http-nio-9961"]
2023-12-15-13:57:38.223 INFO [main]-
        org.springframework.boot.web.embedded.tomcat.TomcatWebServer:204>>Tomcat started on port(s): 9961 (http) with context path ''
2023-12-15-13:57:38.226 INFO [main]-
        org.springframework.boot.StartupInfoLogger:61>>Started MyBlogUser9961Application in 2.7 seconds (JVM running for 3.355)
2023-12-15-13:57:53.185 INFO [http-nio-9961-exec-1]-
        org.apache.juli.logging.DirectJDKLog:173>>Initializing Spring DispatcherServlet 'dispatcherServlet'
2023-12-15-13:57:53.186 INFO [http-nio-9961-exec-1]-
        org.springframework.web.servlet.FrameworkServlet:525>>Initializing Servlet 'dispatcherServlet'
2023-12-15-13:57:53.193 INFO [http-nio-9961-exec-1]-
        org.springframework.web.servlet.FrameworkServlet:547>>Completed initialization in 7 ms
2023-12-15-13:57:53.202 INFO [http-nio-9961-exec-1]-
        com.dynasty.blog.user.config.userLoginInterceptor:40>>token:eyJhbGciOiJIUzI1NiIsInR5cCI6IkpXVCJ9.eyJleHAiOjE3MDI2MjI5ODgsImNsYWltcyI6eyJ1c2VyUGhvbmUiOiIxODczODgwNTAzNCIsInVzZXJOYW1lIjoiZHluYXN0eSIsInVzZXJJZCI6MTR9fQ.Le4dRKtvaAd4GycUrW5sqYEHf4JBzxRSx8xuxC0EICs
2023-12-15-13:57:53.249 INFO [http-nio-9961-exec-1]-
        com.dynasty.blog.user.config.userLoginInterceptor:50>>userPhone:18738805034
2023-12-15-13:57:53.348 INFO [http-nio-9961-exec-1]-
        io.lettuce.core.EpollProvider:68>>Starting without optional epoll library
2023-12-15-13:57:53.349 INFO [http-nio-9961-exec-1]-
        io.lettuce.core.KqueueProvider:70>>Starting without optional kqueue library
2023-12-15-13:57:53.551 INFO [http-nio-9961-exec-1]-
        com.dynasty.blog.user.config.userLoginInterceptor:52>>redisToken:eyJhbGciOiJIUzI1NiIsInR5cCI6IkpXVCJ9.eyJleHAiOjE3MDI2MjI5ODgsImNsYWltcyI6eyJ1c2VyUGhvbmUiOiIxODczODgwNTAzNCIsInVzZXJOYW1lIjoiZHluYXN0eSIsInVzZXJJZCI6MTR9fQ.Le4dRKtvaAd4GycUrW5sqYEHf4JBzxRSx8xuxC0EICs
2023-12-15-13:57:53.551 INFO [http-nio-9961-exec-1]-
        com.dynasty.blog.user.config.userLoginInterceptor:59>>map:{userPhone=18738805034, userName=dynasty, userId=14}
2023-12-15-13:57:53.620 INFO [http-nio-9961-exec-1]-
        com.dynasty.blog.user.service.impl.BlogUserServiceImpl:106>>userInfoList:{userName=dynasty, userEmail=17789944002@qq.com, icon=www.888.com, motto=2024发大财了！}
