2024-01-10-14:58:35.135 INFO [main]-
        org.springframework.boot.StartupInfoLogger:55>>Starting MyBlogUser9961Application on Dynasty with PID 4616 (F:\MyPlayGround\MyBlog\MyBlog\backend\my-blog-center\my-blog-user-9961\target\classes started by 17789 in F:\MyPlayGround\MyBlog\MyBlog)
2024-01-10-14:58:35.141 DEBUG [main]-
        org.springframework.boot.StartupInfoLogger:56>>Running with Spring Boot v2.2.2.RELEASE, Spring v5.2.2.RELEASE
2024-01-10-14:58:35.142 INFO [main]-
        org.springframework.boot.SpringApplication:651>>No active profile set, falling back to default profiles: default
2024-01-10-14:58:37.152 INFO [main]-
        org.springframework.data.repository.config.RepositoryConfigurationDelegate:249>>Multiple Spring Data modules found, entering strict repository configuration mode!
2024-01-10-14:58:37.158 INFO [main]-
        org.springframework.data.repository.config.RepositoryConfigurationDelegate:127>>Bootstrapping Spring Data Redis repositories in DEFAULT mode.
2024-01-10-14:58:37.229 INFO [main]-
        org.springframework.data.repository.config.RepositoryConfigurationDelegate:187>>Finished Spring Data repository scanning in 39ms. Found 0 Redis repository interfaces.
2024-01-10-14:58:38.357 INFO [main]-
        org.springframework.context.support.PostProcessorRegistrationDelegate$BeanPostProcessorChecker:330>>Bean 'org.springframework.transaction.annotation.ProxyTransactionManagementConfiguration' of type [org.springframework.transaction.annotation.ProxyTransactionManagementConfiguration] is not eligible for getting processed by all BeanPostProcessors (for example: not eligible for auto-proxying)
2024-01-10-14:58:39.298 INFO [main]-
        org.springframework.boot.web.embedded.tomcat.TomcatWebServer:92>>Tomcat initialized with port(s): 9961 (http)
2024-01-10-14:58:39.314 INFO [main]-
        org.apache.juli.logging.DirectJDKLog:173>>Initializing ProtocolHandler ["http-nio-9961"]
2024-01-10-14:58:39.315 INFO [main]-
        org.apache.juli.logging.DirectJDKLog:173>>Starting service [Tomcat]
2024-01-10-14:58:39.315 INFO [main]-
        org.apache.juli.logging.DirectJDKLog:173>>Starting Servlet engine: [Apache Tomcat/9.0.29]
2024-01-10-14:58:39.478 INFO [main]-
        org.apache.juli.logging.DirectJDKLog:173>>Initializing Spring embedded WebApplicationContext
2024-01-10-14:58:39.479 INFO [main]-
        org.springframework.boot.web.servlet.context.ServletWebServerApplicationContext:284>>Root WebApplicationContext: initialization completed in 4237 ms
2024-01-10-14:58:40.308 INFO [main]-
        com.dynasty.blog.user.config.MyConfig:22>>进入了Myconfig
2024-01-10-14:58:40.318 INFO [main]-
        com.alibaba.druid.spring.boot.autoconfigure.DruidDataSourceAutoConfigure:55>>Init DruidDataSource
2024-01-10-14:58:40.510 INFO [main]-
        com.alibaba.druid.pool.DruidDataSource:1009>>{dataSource-1} inited
2024-01-10-14:58:41.046 INFO [main]-
        org.springframework.scheduling.concurrent.ExecutorConfigurationSupport:171>>Initializing ExecutorService 'clientInboundChannelExecutor'
2024-01-10-14:58:41.050 INFO [main]-
        org.springframework.scheduling.concurrent.ExecutorConfigurationSupport:171>>Initializing ExecutorService 'clientOutboundChannelExecutor'
2024-01-10-14:58:41.065 INFO [main]-
        org.springframework.scheduling.concurrent.ExecutorConfigurationSupport:171>>Initializing ExecutorService 'messageBrokerTaskScheduler'
2024-01-10-14:58:41.152 INFO [main]-
        org.springframework.scheduling.concurrent.ExecutorConfigurationSupport:171>>Initializing ExecutorService 'brokerChannelExecutor'
2024-01-10-14:58:42.017 INFO [main]-
        org.springframework.core.log.CompositeLog:137>>Starting...
2024-01-10-14:58:42.017 INFO [main]-
        org.springframework.core.log.CompositeLog:137>>BrokerAvailabilityEvent[available=true, SimpleBrokerMessageHandler [DefaultSubscriptionRegistry[cache[0 destination(s)], registry[0 sessions]]]]
2024-01-10-14:58:42.018 INFO [main]-
        org.springframework.core.log.CompositeLog:137>>Started.
2024-01-10-14:58:42.027 INFO [main]-
        org.apache.juli.logging.DirectJDKLog:173>>Starting ProtocolHandler ["http-nio-9961"]
2024-01-10-14:58:42.088 INFO [main]-
        org.springframework.boot.web.embedded.tomcat.TomcatWebServer:204>>Tomcat started on port(s): 9961 (http) with context path ''
2024-01-10-14:58:42.091 INFO [main]-
        org.springframework.boot.StartupInfoLogger:61>>Started MyBlogUser9961Application in 8.359 seconds (JVM running for 12.321)
2024-01-10-14:58:58.473 INFO [http-nio-9961-exec-1]-
        org.apache.juli.logging.DirectJDKLog:173>>Initializing Spring DispatcherServlet 'dispatcherServlet'
2024-01-10-14:58:58.473 INFO [http-nio-9961-exec-1]-
        org.springframework.web.servlet.FrameworkServlet:525>>Initializing Servlet 'dispatcherServlet'
2024-01-10-14:58:58.486 INFO [http-nio-9961-exec-1]-
        org.springframework.web.servlet.FrameworkServlet:547>>Completed initialization in 13 ms
2024-01-10-14:59:09.013 INFO [clientInboundChannel-7]-
        com.dynasty.blog.user.controller.WebSocketController:27>>reply:你好
2024-01-10-14:59:24.377 INFO [clientInboundChannel-10]-
        com.dynasty.blog.user.controller.WebSocketController:27>>reply:撒大顶顶顶顶顶大大大的多多多多多多多多多多多多多多多多多多多多多多多多
2024-01-10-14:59:41.165 INFO [MessageBroker-4]-
        org.springframework.web.socket.config.WebSocketMessageBrokerStats:126>>WebSocketSession[1 current WS(1)-HttpStream(0)-HttpPoll(0), 1 total, 0 closed abnormally (0 connect failure, 0 send limit, 0 transport error)], stompSubProtocol[processed CONNECT(1)-CONNECTED(1)-DISCONNECT(0)], stompBrokerRelay[null], inboundChannel[pool size = 12, active threads = 0, queued tasks = 0, completed tasks = 12], outboundChannel[pool size = 3, active threads = 0, queued tasks = 0, completed tasks = 3], sockJsScheduler[pool size = 8, active threads = 1, queued tasks = 2, completed tasks = 9]
