2023-12-13-15:58:12.158 INFO [SpringContextShutdownHook]-
        org.springframework.scheduling.concurrent.ExecutorConfigurationSupport:208>>Shutting down ExecutorService 'applicationTaskExecutor'
2023-12-13-15:58:12.159 INFO [SpringContextShutdownHook]-
        com.alibaba.druid.pool.DruidDataSource:2071>>{dataSource-1} closing ...
2023-12-13-15:58:12.160 INFO [SpringContextShutdownHook]-
        com.alibaba.druid.pool.DruidDataSource:2144>>{dataSource-1} closed
2023-12-13-15:58:15.904 INFO [main]-
        org.springframework.boot.StartupInfoLogger:55>>Starting MyBlogUser9961Application on Dynasty with PID 9056 (F:\MyPlayGround\MyBlog\MyBlog\backend\my-blog-center\my-blog-user-9961\target\classes started by 17789 in F:\MyPlayGround\MyBlog\MyBlog)
2023-12-13-15:58:15.909 INFO [main]-
        org.springframework.boot.SpringApplication:651>>No active profile set, falling back to default profiles: default
2023-12-13-15:58:16.687 INFO [main]-
        org.springframework.data.repository.config.RepositoryConfigurationDelegate:249>>Multiple Spring Data modules found, entering strict repository configuration mode!
2023-12-13-15:58:16.690 INFO [main]-
        org.springframework.data.repository.config.RepositoryConfigurationDelegate:127>>Bootstrapping Spring Data Redis repositories in DEFAULT mode.
2023-12-13-15:58:16.713 INFO [main]-
        org.springframework.data.repository.config.RepositoryConfigurationDelegate:187>>Finished Spring Data repository scanning in 12ms. Found 0 Redis repository interfaces.
2023-12-13-15:58:16.982 INFO [main]-
        org.springframework.context.support.PostProcessorRegistrationDelegate$BeanPostProcessorChecker:330>>Bean 'org.springframework.transaction.annotation.ProxyTransactionManagementConfiguration' of type [org.springframework.transaction.annotation.ProxyTransactionManagementConfiguration] is not eligible for getting processed by all BeanPostProcessors (for example: not eligible for auto-proxying)
2023-12-13-15:58:17.357 INFO [main]-
        org.springframework.boot.web.embedded.tomcat.TomcatWebServer:92>>Tomcat initialized with port(s): 9961 (http)
2023-12-13-15:58:17.365 INFO [main]-
        org.apache.juli.logging.DirectJDKLog:173>>Initializing ProtocolHandler ["http-nio-9961"]
2023-12-13-15:58:17.366 INFO [main]-
        org.apache.juli.logging.DirectJDKLog:173>>Starting service [Tomcat]
2023-12-13-15:58:17.366 INFO [main]-
        org.apache.juli.logging.DirectJDKLog:173>>Starting Servlet engine: [Apache Tomcat/9.0.29]
2023-12-13-15:58:17.453 INFO [main]-
        org.apache.juli.logging.DirectJDKLog:173>>Initializing Spring embedded WebApplicationContext
2023-12-13-15:58:17.453 INFO [main]-
        org.springframework.boot.web.servlet.context.ServletWebServerApplicationContext:284>>Root WebApplicationContext: initialization completed in 1485 ms
2023-12-13-15:58:17.794 INFO [main]-
        com.alibaba.druid.spring.boot.autoconfigure.DruidDataSourceAutoConfigure:56>>Init DruidDataSource
2023-12-13-15:58:17.879 INFO [main]-
        com.alibaba.druid.pool.DruidDataSource:998>>{dataSource-1} inited
2023-12-13-15:58:18.225 INFO [main]-
        org.springframework.scheduling.concurrent.ExecutorConfigurationSupport:171>>Initializing ExecutorService 'applicationTaskExecutor'
2023-12-13-15:58:18.281 INFO [main]-
        org.springframework.boot.autoconfigure.web.servlet.WelcomePageHandlerMapping:54>>Adding welcome page: class path resource [static/index.html]
2023-12-13-15:58:18.431 INFO [main]-
        org.apache.juli.logging.DirectJDKLog:173>>Starting ProtocolHandler ["http-nio-9961"]
2023-12-13-15:58:18.476 INFO [main]-
        org.springframework.boot.web.embedded.tomcat.TomcatWebServer:204>>Tomcat started on port(s): 9961 (http) with context path ''
2023-12-13-15:58:18.478 INFO [main]-
        org.springframework.boot.StartupInfoLogger:61>>Started MyBlogUser9961Application in 3.21 seconds (JVM running for 3.943)
2023-12-13-15:58:38.221 INFO [http-nio-9961-exec-1]-
        org.apache.juli.logging.DirectJDKLog:173>>Initializing Spring DispatcherServlet 'dispatcherServlet'
2023-12-13-15:58:38.221 INFO [http-nio-9961-exec-1]-
        org.springframework.web.servlet.FrameworkServlet:525>>Initializing Servlet 'dispatcherServlet'
2023-12-13-15:58:38.227 INFO [http-nio-9961-exec-1]-
        org.springframework.web.servlet.FrameworkServlet:547>>Completed initialization in 6 ms
2023-12-13-15:58:38.315 WARN [http-nio-9961-exec-1]-
        org.springframework.web.servlet.handler.AbstractHandlerExceptionResolver:199>>Resolved [org.springframework.http.converter.HttpMessageNotReadableException: JSON parse error: Unrecognized token 'study': was expecting (JSON String, Number, Array, Object or token 'null', 'true' or 'false'); nested exception is com.fasterxml.jackson.core.JsonParseException: Unrecognized token 'study': was expecting (JSON String, Number, Array, Object or token 'null', 'true' or 'false')
 at [Source: (PushbackInputStream); line: 4, column: 19]]
2023-12-13-15:58:38.325 INFO [http-nio-9961-exec-1]-
        com.dynasty.blog.config.userLoginInterceptor:40>>token:null
2023-12-13-15:58:38.330 ERROR [http-nio-9961-exec-1]-
        org.apache.juli.logging.DirectJDKLog:175>>Servlet.service() for servlet [dispatcherServlet] threw exception
java.lang.NullPointerException: Cannot invoke "String.isEmpty()" because "token" is null
	at com.dynasty.blog.config.userLoginInterceptor.preHandle(userLoginInterceptor.java:42)
	at org.springframework.web.servlet.HandlerExecutionChain.applyPreHandle(HandlerExecutionChain.java:141)
	at org.springframework.web.servlet.DispatcherServlet.doDispatch(DispatcherServlet.java:1035)
	at org.springframework.web.servlet.DispatcherServlet.doService(DispatcherServlet.java:943)
	at org.springframework.web.servlet.FrameworkServlet.processRequest(FrameworkServlet.java:1006)
	at org.springframework.web.servlet.FrameworkServlet.doPost(FrameworkServlet.java:909)
	at javax.servlet.http.HttpServlet.service(HttpServlet.java:660)
	at org.springframework.web.servlet.FrameworkServlet.service(FrameworkServlet.java:883)
	at javax.servlet.http.HttpServlet.service(HttpServlet.java:741)
	at org.apache.catalina.core.ApplicationFilterChain.internalDoFilter(ApplicationFilterChain.java:231)
	at org.apache.catalina.core.ApplicationFilterChain.doFilter(ApplicationFilterChain.java:166)
	at org.apache.catalina.core.ApplicationDispatcher.invoke(ApplicationDispatcher.java:712)
	at org.apache.catalina.core.ApplicationDispatcher.processRequest(ApplicationDispatcher.java:461)
	at org.apache.catalina.core.ApplicationDispatcher.doForward(ApplicationDispatcher.java:384)
	at org.apache.catalina.core.ApplicationDispatcher.forward(ApplicationDispatcher.java:312)
	at org.apache.catalina.core.StandardHostValve.custom(StandardHostValve.java:394)
	at org.apache.catalina.core.StandardHostValve.status(StandardHostValve.java:253)
	at org.apache.catalina.core.StandardHostValve.invoke(StandardHostValve.java:175)
	at org.apache.catalina.valves.ErrorReportValve.invoke(ErrorReportValve.java:92)
	at org.apache.catalina.core.StandardEngineValve.invoke(StandardEngineValve.java:74)
	at org.apache.catalina.connector.CoyoteAdapter.service(CoyoteAdapter.java:343)
	at org.apache.coyote.http11.Http11Processor.service(Http11Processor.java:367)
	at org.apache.coyote.AbstractProcessorLight.process(AbstractProcessorLight.java:65)
	at org.apache.coyote.AbstractProtocol$ConnectionHandler.process(AbstractProtocol.java:860)
	at org.apache.tomcat.util.net.NioEndpoint$SocketProcessor.doRun(NioEndpoint.java:1591)
	at org.apache.tomcat.util.net.SocketProcessorBase.run(SocketProcessorBase.java:49)
	at java.base/java.util.concurrent.ThreadPoolExecutor.runWorker(ThreadPoolExecutor.java:1136)
	at java.base/java.util.concurrent.ThreadPoolExecutor$Worker.run(ThreadPoolExecutor.java:635)
	at org.apache.tomcat.util.threads.TaskThread$WrappingRunnable.run(TaskThread.java:61)
	at java.base/java.lang.Thread.run(Thread.java:833)
2023-12-13-15:58:38.332 ERROR [http-nio-9961-exec-1]-
        org.apache.juli.logging.DirectJDKLog:175>>Exception Processing ErrorPage[errorCode=0, location=/error]
org.springframework.web.util.NestedServletException: Request processing failed; nested exception is java.lang.RuntimeException: java.lang.NullPointerException: Cannot invoke "String.isEmpty()" because "token" is null
	at org.springframework.web.servlet.FrameworkServlet.processRequest(FrameworkServlet.java:1014)
	at org.springframework.web.servlet.FrameworkServlet.doPost(FrameworkServlet.java:909)
	at javax.servlet.http.HttpServlet.service(HttpServlet.java:660)
	at org.springframework.web.servlet.FrameworkServlet.service(FrameworkServlet.java:883)
	at javax.servlet.http.HttpServlet.service(HttpServlet.java:741)
	at org.apache.catalina.core.ApplicationFilterChain.internalDoFilter(ApplicationFilterChain.java:231)
	at org.apache.catalina.core.ApplicationFilterChain.doFilter(ApplicationFilterChain.java:166)
	at org.apache.catalina.core.ApplicationDispatcher.invoke(ApplicationDispatcher.java:712)
	at org.apache.catalina.core.ApplicationDispatcher.processRequest(ApplicationDispatcher.java:461)
	at org.apache.catalina.core.ApplicationDispatcher.doForward(ApplicationDispatcher.java:384)
	at org.apache.catalina.core.ApplicationDispatcher.forward(ApplicationDispatcher.java:312)
	at org.apache.catalina.core.StandardHostValve.custom(StandardHostValve.java:394)
	at org.apache.catalina.core.StandardHostValve.status(StandardHostValve.java:253)
	at org.apache.catalina.core.StandardHostValve.invoke(StandardHostValve.java:175)
	at org.apache.catalina.valves.ErrorReportValve.invoke(ErrorReportValve.java:92)
	at org.apache.catalina.core.StandardEngineValve.invoke(StandardEngineValve.java:74)
	at org.apache.catalina.connector.CoyoteAdapter.service(CoyoteAdapter.java:343)
	at org.apache.coyote.http11.Http11Processor.service(Http11Processor.java:367)
	at org.apache.coyote.AbstractProcessorLight.process(AbstractProcessorLight.java:65)
	at org.apache.coyote.AbstractProtocol$ConnectionHandler.process(AbstractProtocol.java:860)
	at org.apache.tomcat.util.net.NioEndpoint$SocketProcessor.doRun(NioEndpoint.java:1591)
	at org.apache.tomcat.util.net.SocketProcessorBase.run(SocketProcessorBase.java:49)
	at java.base/java.util.concurrent.ThreadPoolExecutor.runWorker(ThreadPoolExecutor.java:1136)
	at java.base/java.util.concurrent.ThreadPoolExecutor$Worker.run(ThreadPoolExecutor.java:635)
	at org.apache.tomcat.util.threads.TaskThread$WrappingRunnable.run(TaskThread.java:61)
	at java.base/java.lang.Thread.run(Thread.java:833)
Caused by: java.lang.RuntimeException: java.lang.NullPointerException: Cannot invoke "String.isEmpty()" because "token" is null
	at com.dynasty.blog.config.userLoginInterceptor.preHandle(userLoginInterceptor.java:64)
	at org.springframework.web.servlet.HandlerExecutionChain.applyPreHandle(HandlerExecutionChain.java:141)
	at org.springframework.web.servlet.DispatcherServlet.doDispatch(DispatcherServlet.java:1035)
	at org.springframework.web.servlet.DispatcherServlet.doService(DispatcherServlet.java:943)
	at org.springframework.web.servlet.FrameworkServlet.processRequest(FrameworkServlet.java:1006)
	... 25 common frames omitted
Caused by: java.lang.NullPointerException: Cannot invoke "String.isEmpty()" because "token" is null
	at com.dynasty.blog.config.userLoginInterceptor.preHandle(userLoginInterceptor.java:42)
	... 29 common frames omitted
2023-12-13-15:59:23.032 WARN [http-nio-9961-exec-2]-
        org.springframework.web.servlet.handler.AbstractHandlerExceptionResolver:199>>Resolved [org.springframework.http.converter.HttpMessageNotReadableException: JSON parse error: Unrecognized token 'study': was expecting (JSON String, Number, Array, Object or token 'null', 'true' or 'false'); nested exception is com.fasterxml.jackson.core.JsonParseException: Unrecognized token 'study': was expecting (JSON String, Number, Array, Object or token 'null', 'true' or 'false')
 at [Source: (PushbackInputStream); line: 4, column: 19]]
2023-12-13-15:59:23.032 INFO [http-nio-9961-exec-2]-
        com.dynasty.blog.config.userLoginInterceptor:40>>token:null
2023-12-13-15:59:23.032 ERROR [http-nio-9961-exec-2]-
        org.apache.juli.logging.DirectJDKLog:175>>Servlet.service() for servlet [dispatcherServlet] threw exception
java.lang.NullPointerException: Cannot invoke "String.isEmpty()" because "token" is null
	at com.dynasty.blog.config.userLoginInterceptor.preHandle(userLoginInterceptor.java:42)
	at org.springframework.web.servlet.HandlerExecutionChain.applyPreHandle(HandlerExecutionChain.java:141)
	at org.springframework.web.servlet.DispatcherServlet.doDispatch(DispatcherServlet.java:1035)
	at org.springframework.web.servlet.DispatcherServlet.doService(DispatcherServlet.java:943)
	at org.springframework.web.servlet.FrameworkServlet.processRequest(FrameworkServlet.java:1006)
	at org.springframework.web.servlet.FrameworkServlet.doPost(FrameworkServlet.java:909)
	at javax.servlet.http.HttpServlet.service(HttpServlet.java:660)
	at org.springframework.web.servlet.FrameworkServlet.service(FrameworkServlet.java:883)
	at javax.servlet.http.HttpServlet.service(HttpServlet.java:741)
	at org.apache.catalina.core.ApplicationFilterChain.internalDoFilter(ApplicationFilterChain.java:231)
	at org.apache.catalina.core.ApplicationFilterChain.doFilter(ApplicationFilterChain.java:166)
	at org.apache.catalina.core.ApplicationDispatcher.invoke(ApplicationDispatcher.java:712)
	at org.apache.catalina.core.ApplicationDispatcher.processRequest(ApplicationDispatcher.java:461)
	at org.apache.catalina.core.ApplicationDispatcher.doForward(ApplicationDispatcher.java:384)
	at org.apache.catalina.core.ApplicationDispatcher.forward(ApplicationDispatcher.java:312)
	at org.apache.catalina.core.StandardHostValve.custom(StandardHostValve.java:394)
	at org.apache.catalina.core.StandardHostValve.status(StandardHostValve.java:253)
	at org.apache.catalina.core.StandardHostValve.invoke(StandardHostValve.java:175)
	at org.apache.catalina.valves.ErrorReportValve.invoke(ErrorReportValve.java:92)
	at org.apache.catalina.core.StandardEngineValve.invoke(StandardEngineValve.java:74)
	at org.apache.catalina.connector.CoyoteAdapter.service(CoyoteAdapter.java:343)
	at org.apache.coyote.http11.Http11Processor.service(Http11Processor.java:367)
	at org.apache.coyote.AbstractProcessorLight.process(AbstractProcessorLight.java:65)
	at org.apache.coyote.AbstractProtocol$ConnectionHandler.process(AbstractProtocol.java:860)
	at org.apache.tomcat.util.net.NioEndpoint$SocketProcessor.doRun(NioEndpoint.java:1591)
	at org.apache.tomcat.util.net.SocketProcessorBase.run(SocketProcessorBase.java:49)
	at java.base/java.util.concurrent.ThreadPoolExecutor.runWorker(ThreadPoolExecutor.java:1136)
	at java.base/java.util.concurrent.ThreadPoolExecutor$Worker.run(ThreadPoolExecutor.java:635)
	at org.apache.tomcat.util.threads.TaskThread$WrappingRunnable.run(TaskThread.java:61)
	at java.base/java.lang.Thread.run(Thread.java:833)
2023-12-13-15:59:23.033 ERROR [http-nio-9961-exec-2]-
        org.apache.juli.logging.DirectJDKLog:175>>Exception Processing ErrorPage[errorCode=0, location=/error]
org.springframework.web.util.NestedServletException: Request processing failed; nested exception is java.lang.RuntimeException: java.lang.NullPointerException: Cannot invoke "String.isEmpty()" because "token" is null
	at org.springframework.web.servlet.FrameworkServlet.processRequest(FrameworkServlet.java:1014)
	at org.springframework.web.servlet.FrameworkServlet.doPost(FrameworkServlet.java:909)
	at javax.servlet.http.HttpServlet.service(HttpServlet.java:660)
	at org.springframework.web.servlet.FrameworkServlet.service(FrameworkServlet.java:883)
	at javax.servlet.http.HttpServlet.service(HttpServlet.java:741)
	at org.apache.catalina.core.ApplicationFilterChain.internalDoFilter(ApplicationFilterChain.java:231)
	at org.apache.catalina.core.ApplicationFilterChain.doFilter(ApplicationFilterChain.java:166)
	at org.apache.catalina.core.ApplicationDispatcher.invoke(ApplicationDispatcher.java:712)
	at org.apache.catalina.core.ApplicationDispatcher.processRequest(ApplicationDispatcher.java:461)
	at org.apache.catalina.core.ApplicationDispatcher.doForward(ApplicationDispatcher.java:384)
	at org.apache.catalina.core.ApplicationDispatcher.forward(ApplicationDispatcher.java:312)
	at org.apache.catalina.core.StandardHostValve.custom(StandardHostValve.java:394)
	at org.apache.catalina.core.StandardHostValve.status(StandardHostValve.java:253)
	at org.apache.catalina.core.StandardHostValve.invoke(StandardHostValve.java:175)
	at org.apache.catalina.valves.ErrorReportValve.invoke(ErrorReportValve.java:92)
	at org.apache.catalina.core.StandardEngineValve.invoke(StandardEngineValve.java:74)
	at org.apache.catalina.connector.CoyoteAdapter.service(CoyoteAdapter.java:343)
	at org.apache.coyote.http11.Http11Processor.service(Http11Processor.java:367)
	at org.apache.coyote.AbstractProcessorLight.process(AbstractProcessorLight.java:65)
	at org.apache.coyote.AbstractProtocol$ConnectionHandler.process(AbstractProtocol.java:860)
	at org.apache.tomcat.util.net.NioEndpoint$SocketProcessor.doRun(NioEndpoint.java:1591)
	at org.apache.tomcat.util.net.SocketProcessorBase.run(SocketProcessorBase.java:49)
	at java.base/java.util.concurrent.ThreadPoolExecutor.runWorker(ThreadPoolExecutor.java:1136)
	at java.base/java.util.concurrent.ThreadPoolExecutor$Worker.run(ThreadPoolExecutor.java:635)
	at org.apache.tomcat.util.threads.TaskThread$WrappingRunnable.run(TaskThread.java:61)
	at java.base/java.lang.Thread.run(Thread.java:833)
Caused by: java.lang.RuntimeException: java.lang.NullPointerException: Cannot invoke "String.isEmpty()" because "token" is null
	at com.dynasty.blog.config.userLoginInterceptor.preHandle(userLoginInterceptor.java:64)
	at org.springframework.web.servlet.HandlerExecutionChain.applyPreHandle(HandlerExecutionChain.java:141)
	at org.springframework.web.servlet.DispatcherServlet.doDispatch(DispatcherServlet.java:1035)
	at org.springframework.web.servlet.DispatcherServlet.doService(DispatcherServlet.java:943)
	at org.springframework.web.servlet.FrameworkServlet.processRequest(FrameworkServlet.java:1006)
	... 25 common frames omitted
Caused by: java.lang.NullPointerException: Cannot invoke "String.isEmpty()" because "token" is null
	at com.dynasty.blog.config.userLoginInterceptor.preHandle(userLoginInterceptor.java:42)
	... 29 common frames omitted
2023-12-13-15:59:25.628 WARN [http-nio-9961-exec-3]-
        org.springframework.web.servlet.handler.AbstractHandlerExceptionResolver:199>>Resolved [org.springframework.http.converter.HttpMessageNotReadableException: JSON parse error: Unrecognized token 'study': was expecting (JSON String, Number, Array, Object or token 'null', 'true' or 'false'); nested exception is com.fasterxml.jackson.core.JsonParseException: Unrecognized token 'study': was expecting (JSON String, Number, Array, Object or token 'null', 'true' or 'false')
 at [Source: (PushbackInputStream); line: 4, column: 19]]
2023-12-13-15:59:25.629 INFO [http-nio-9961-exec-3]-
        com.dynasty.blog.config.userLoginInterceptor:40>>token:null
2023-12-13-15:59:25.629 ERROR [http-nio-9961-exec-3]-
        org.apache.juli.logging.DirectJDKLog:175>>Servlet.service() for servlet [dispatcherServlet] threw exception
java.lang.NullPointerException: Cannot invoke "String.isEmpty()" because "token" is null
	at com.dynasty.blog.config.userLoginInterceptor.preHandle(userLoginInterceptor.java:42)
	at org.springframework.web.servlet.HandlerExecutionChain.applyPreHandle(HandlerExecutionChain.java:141)
	at org.springframework.web.servlet.DispatcherServlet.doDispatch(DispatcherServlet.java:1035)
	at org.springframework.web.servlet.DispatcherServlet.doService(DispatcherServlet.java:943)
	at org.springframework.web.servlet.FrameworkServlet.processRequest(FrameworkServlet.java:1006)
	at org.springframework.web.servlet.FrameworkServlet.doPost(FrameworkServlet.java:909)
	at javax.servlet.http.HttpServlet.service(HttpServlet.java:660)
	at org.springframework.web.servlet.FrameworkServlet.service(FrameworkServlet.java:883)
	at javax.servlet.http.HttpServlet.service(HttpServlet.java:741)
	at org.apache.catalina.core.ApplicationFilterChain.internalDoFilter(ApplicationFilterChain.java:231)
	at org.apache.catalina.core.ApplicationFilterChain.doFilter(ApplicationFilterChain.java:166)
	at org.apache.catalina.core.ApplicationDispatcher.invoke(ApplicationDispatcher.java:712)
	at org.apache.catalina.core.ApplicationDispatcher.processRequest(ApplicationDispatcher.java:461)
	at org.apache.catalina.core.ApplicationDispatcher.doForward(ApplicationDispatcher.java:384)
	at org.apache.catalina.core.ApplicationDispatcher.forward(ApplicationDispatcher.java:312)
	at org.apache.catalina.core.StandardHostValve.custom(StandardHostValve.java:394)
	at org.apache.catalina.core.StandardHostValve.status(StandardHostValve.java:253)
	at org.apache.catalina.core.StandardHostValve.invoke(StandardHostValve.java:175)
	at org.apache.catalina.valves.ErrorReportValve.invoke(ErrorReportValve.java:92)
	at org.apache.catalina.core.StandardEngineValve.invoke(StandardEngineValve.java:74)
	at org.apache.catalina.connector.CoyoteAdapter.service(CoyoteAdapter.java:343)
	at org.apache.coyote.http11.Http11Processor.service(Http11Processor.java:367)
	at org.apache.coyote.AbstractProcessorLight.process(AbstractProcessorLight.java:65)
	at org.apache.coyote.AbstractProtocol$ConnectionHandler.process(AbstractProtocol.java:860)
	at org.apache.tomcat.util.net.NioEndpoint$SocketProcessor.doRun(NioEndpoint.java:1591)
	at org.apache.tomcat.util.net.SocketProcessorBase.run(SocketProcessorBase.java:49)
	at java.base/java.util.concurrent.ThreadPoolExecutor.runWorker(ThreadPoolExecutor.java:1136)
	at java.base/java.util.concurrent.ThreadPoolExecutor$Worker.run(ThreadPoolExecutor.java:635)
	at org.apache.tomcat.util.threads.TaskThread$WrappingRunnable.run(TaskThread.java:61)
	at java.base/java.lang.Thread.run(Thread.java:833)
2023-12-13-15:59:25.629 ERROR [http-nio-9961-exec-3]-
        org.apache.juli.logging.DirectJDKLog:175>>Exception Processing ErrorPage[errorCode=0, location=/error]
org.springframework.web.util.NestedServletException: Request processing failed; nested exception is java.lang.RuntimeException: java.lang.NullPointerException: Cannot invoke "String.isEmpty()" because "token" is null
	at org.springframework.web.servlet.FrameworkServlet.processRequest(FrameworkServlet.java:1014)
	at org.springframework.web.servlet.FrameworkServlet.doPost(FrameworkServlet.java:909)
	at javax.servlet.http.HttpServlet.service(HttpServlet.java:660)
	at org.springframework.web.servlet.FrameworkServlet.service(FrameworkServlet.java:883)
	at javax.servlet.http.HttpServlet.service(HttpServlet.java:741)
	at org.apache.catalina.core.ApplicationFilterChain.internalDoFilter(ApplicationFilterChain.java:231)
	at org.apache.catalina.core.ApplicationFilterChain.doFilter(ApplicationFilterChain.java:166)
	at org.apache.catalina.core.ApplicationDispatcher.invoke(ApplicationDispatcher.java:712)
	at org.apache.catalina.core.ApplicationDispatcher.processRequest(ApplicationDispatcher.java:461)
	at org.apache.catalina.core.ApplicationDispatcher.doForward(ApplicationDispatcher.java:384)
	at org.apache.catalina.core.ApplicationDispatcher.forward(ApplicationDispatcher.java:312)
	at org.apache.catalina.core.StandardHostValve.custom(StandardHostValve.java:394)
	at org.apache.catalina.core.StandardHostValve.status(StandardHostValve.java:253)
	at org.apache.catalina.core.StandardHostValve.invoke(StandardHostValve.java:175)
	at org.apache.catalina.valves.ErrorReportValve.invoke(ErrorReportValve.java:92)
	at org.apache.catalina.core.StandardEngineValve.invoke(StandardEngineValve.java:74)
	at org.apache.catalina.connector.CoyoteAdapter.service(CoyoteAdapter.java:343)
	at org.apache.coyote.http11.Http11Processor.service(Http11Processor.java:367)
	at org.apache.coyote.AbstractProcessorLight.process(AbstractProcessorLight.java:65)
	at org.apache.coyote.AbstractProtocol$ConnectionHandler.process(AbstractProtocol.java:860)
	at org.apache.tomcat.util.net.NioEndpoint$SocketProcessor.doRun(NioEndpoint.java:1591)
	at org.apache.tomcat.util.net.SocketProcessorBase.run(SocketProcessorBase.java:49)
	at java.base/java.util.concurrent.ThreadPoolExecutor.runWorker(ThreadPoolExecutor.java:1136)
	at java.base/java.util.concurrent.ThreadPoolExecutor$Worker.run(ThreadPoolExecutor.java:635)
	at org.apache.tomcat.util.threads.TaskThread$WrappingRunnable.run(TaskThread.java:61)
	at java.base/java.lang.Thread.run(Thread.java:833)
Caused by: java.lang.RuntimeException: java.lang.NullPointerException: Cannot invoke "String.isEmpty()" because "token" is null
	at com.dynasty.blog.config.userLoginInterceptor.preHandle(userLoginInterceptor.java:64)
	at org.springframework.web.servlet.HandlerExecutionChain.applyPreHandle(HandlerExecutionChain.java:141)
	at org.springframework.web.servlet.DispatcherServlet.doDispatch(DispatcherServlet.java:1035)
	at org.springframework.web.servlet.DispatcherServlet.doService(DispatcherServlet.java:943)
	at org.springframework.web.servlet.FrameworkServlet.processRequest(FrameworkServlet.java:1006)
	... 25 common frames omitted
Caused by: java.lang.NullPointerException: Cannot invoke "String.isEmpty()" because "token" is null
	at com.dynasty.blog.config.userLoginInterceptor.preHandle(userLoginInterceptor.java:42)
	... 29 common frames omitted
