2023-12-20-23:01:25.047 INFO [http-nio-9961-exec-10]-
        com.dynasty.blog.user.service.impl.BlogUserServiceImpl:81>>deleteFlag:0
2023-12-20-23:01:25.051 INFO [http-nio-9961-exec-10]-
        com.dynasty.blog.user.service.impl.BlogUserServiceImpl:101>>token:eyJhbGciOiJIUzI1NiIsInR5cCI6IkpXVCJ9.eyJleHAiOjE3MDMwODgwODUsImNsYWltcyI6eyJ1c2VyUGhvbmUiOiIxODczODgwNTAzNCIsInVzZXJOYW1lIjoi546L5pydIiwidXNlcklkIjozN319.Ftfrye1fxk6k9HFGqAFbAyfIXn49No4nZC7Vfv45AZU
2023-12-20-23:04:14.890 INFO [http-nio-9961-exec-3]-
        com.dynasty.blog.user.service.impl.BlogUserServiceImpl:81>>deleteFlag:0
2023-12-20-23:04:14.893 INFO [http-nio-9961-exec-3]-
        com.dynasty.blog.user.service.impl.BlogUserServiceImpl:101>>token:eyJhbGciOiJIUzI1NiIsInR5cCI6IkpXVCJ9.eyJleHAiOjE3MDMwODgyNTQsImNsYWltcyI6eyJ1c2VyUGhvbmUiOiIxODczODgwNTAzNCIsInVzZXJOYW1lIjoi546L5pydIiwidXNlcklkIjozN319.RzvpdPSaH4Ll8N40pa6R07Tq-XZt4kONE4XwR0PPE3c
2023-12-20-23:06:56.160 INFO [http-nio-9961-exec-5]-
        com.dynasty.blog.user.service.impl.BlogUserServiceImpl:81>>deleteFlag:0
2023-12-20-23:06:56.162 INFO [http-nio-9961-exec-5]-
        com.dynasty.blog.user.service.impl.BlogUserServiceImpl:101>>token:eyJhbGciOiJIUzI1NiIsInR5cCI6IkpXVCJ9.eyJleHAiOjE3MDMwODg0MTYsImNsYWltcyI6eyJ1c2VyUGhvbmUiOiIxODczODgwNTAzNCIsInVzZXJOYW1lIjoi546L5pydIiwidXNlcklkIjozN319.Xc8p1LaN2IC4HZCw6IywXYQQ-3TPPxIZHWXZQbKg1nI
2023-12-20-23:06:57.624 INFO [http-nio-9961-exec-7]-
        com.dynasty.blog.user.service.impl.BlogUserServiceImpl:81>>deleteFlag:0
2023-12-20-23:06:57.626 INFO [http-nio-9961-exec-7]-
        com.dynasty.blog.user.service.impl.BlogUserServiceImpl:101>>token:eyJhbGciOiJIUzI1NiIsInR5cCI6IkpXVCJ9.eyJleHAiOjE3MDMwODg0MTcsImNsYWltcyI6eyJ1c2VyUGhvbmUiOiIxODczODgwNTAzNCIsInVzZXJOYW1lIjoi546L5pydIiwidXNlcklkIjozN319.ETIwB_rJFUrLgsYA6QkTLCRypm5_Jrh_g1T0DLPpxtM
2023-12-20-23:06:57.834 INFO [http-nio-9961-exec-6]-
        com.dynasty.blog.user.service.impl.BlogUserServiceImpl:81>>deleteFlag:0
2023-12-20-23:06:57.837 INFO [http-nio-9961-exec-6]-
        com.dynasty.blog.user.service.impl.BlogUserServiceImpl:101>>token:eyJhbGciOiJIUzI1NiIsInR5cCI6IkpXVCJ9.eyJleHAiOjE3MDMwODg0MTcsImNsYWltcyI6eyJ1c2VyUGhvbmUiOiIxODczODgwNTAzNCIsInVzZXJOYW1lIjoi546L5pydIiwidXNlcklkIjozN319.ETIwB_rJFUrLgsYA6QkTLCRypm5_Jrh_g1T0DLPpxtM
2023-12-20-23:07:32.577 INFO [http-nio-9961-exec-9]-
        com.dynasty.blog.user.service.impl.BlogUserServiceImpl:81>>deleteFlag:0
2023-12-20-23:07:32.579 INFO [http-nio-9961-exec-9]-
        com.dynasty.blog.user.service.impl.BlogUserServiceImpl:101>>token:eyJhbGciOiJIUzI1NiIsInR5cCI6IkpXVCJ9.eyJleHAiOjE3MDMwODg0NTIsImNsYWltcyI6eyJ1c2VyUGhvbmUiOiIxODczODgwNTAzNCIsInVzZXJOYW1lIjoi546L5pydIiwidXNlcklkIjozN319.rlLS_0TSvcyrWsYx2tjeXnbtjE3_3pX4lLsf3iMlqWY
2023-12-20-23:08:42.198 INFO [http-nio-9961-exec-3]-
        com.dynasty.blog.user.service.impl.BlogUserServiceImpl:81>>deleteFlag:0
2023-12-20-23:08:42.200 INFO [http-nio-9961-exec-3]-
        com.dynasty.blog.user.service.impl.BlogUserServiceImpl:101>>token:eyJhbGciOiJIUzI1NiIsInR5cCI6IkpXVCJ9.eyJleHAiOjE3MDMwODg1MjIsImNsYWltcyI6eyJ1c2VyUGhvbmUiOiIxODczODgwNTAzNCIsInVzZXJOYW1lIjoi546L5pydIiwidXNlcklkIjozN319.1Xm_Hcxp9ESgx3H2mrHnicfl_zS4Ss8CU8KJH3artqw
2023-12-20-23:25:03.903 INFO [http-nio-9961-exec-7]-
        com.dynasty.blog.user.service.impl.BlogUserServiceImpl:81>>deleteFlag:0
2023-12-20-23:25:03.908 INFO [http-nio-9961-exec-7]-
        com.dynasty.blog.user.service.impl.BlogUserServiceImpl:101>>token:eyJhbGciOiJIUzI1NiIsInR5cCI6IkpXVCJ9.eyJleHAiOjE3MDMwODk1MDMsImNsYWltcyI6eyJ1c2VyUGhvbmUiOiIxODczODgwNTAzNCIsInVzZXJOYW1lIjoi546L5pydIiwidXNlcklkIjozN319.1K1pyUlYeEEzsetlps8Qej52QWW8SeoxvwJ55nILqLk
2023-12-20-23:28:08.643 INFO [http-nio-9961-exec-10]-
        com.dynasty.blog.user.service.impl.BlogUserServiceImpl:81>>deleteFlag:0
2023-12-20-23:28:08.645 INFO [http-nio-9961-exec-10]-
        com.dynasty.blog.user.service.impl.BlogUserServiceImpl:101>>token:eyJhbGciOiJIUzI1NiIsInR5cCI6IkpXVCJ9.eyJleHAiOjE3MDMwODk2ODgsImNsYWltcyI6eyJ1c2VyUGhvbmUiOiIxODczODgwNTAzNCIsInVzZXJOYW1lIjoi546L5pydIiwidXNlcklkIjozN319.vpm9K7pLSpHvUP1XLlVUXXaXiq9yhzizZ325v1zB0kk
2023-12-20-23:41:45.446 INFO [http-nio-9961-exec-4]-
        com.dynasty.blog.user.service.impl.BlogUserServiceImpl:81>>deleteFlag:0
2023-12-20-23:41:45.449 INFO [http-nio-9961-exec-4]-
        com.dynasty.blog.user.service.impl.BlogUserServiceImpl:101>>token:eyJhbGciOiJIUzI1NiIsInR5cCI6IkpXVCJ9.eyJleHAiOjE3MDMwOTA1MDUsImNsYWltcyI6eyJ1c2VyUGhvbmUiOiIxODczODgwNTAzNCIsInVzZXJOYW1lIjoi546L5pydIiwidXNlcklkIjozN319.cxZ-mnR9Zj_12b5oXkodUGcxa4tNr1uA2jbiodF0iiw
2023-12-20-23:43:55.365 INFO [http-nio-9961-exec-6]-
        com.dynasty.blog.user.service.impl.BlogUserServiceImpl:81>>deleteFlag:0
2023-12-20-23:43:55.367 INFO [http-nio-9961-exec-6]-
        com.dynasty.blog.user.service.impl.BlogUserServiceImpl:101>>token:eyJhbGciOiJIUzI1NiIsInR5cCI6IkpXVCJ9.eyJleHAiOjE3MDMwOTA2MzUsImNsYWltcyI6eyJ1c2VyUGhvbmUiOiIxODczODgwNTAzNCIsInVzZXJOYW1lIjoi546L5pydIiwidXNlcklkIjozN319.a8bHlaBTatmLQgoLwQqze-eWVd4urjKreU4qoiNkT8A
2023-12-20-23:44:10.824 INFO [SpringContextShutdownHook]-
        org.springframework.scheduling.concurrent.ExecutorConfigurationSupport:208>>Shutting down ExecutorService 'applicationTaskExecutor'
2023-12-20-23:44:10.826 INFO [SpringContextShutdownHook]-
        com.alibaba.druid.pool.DruidDataSource:2174>>{dataSource-1} closing ...
2023-12-20-23:44:10.846 INFO [SpringContextShutdownHook]-
        com.alibaba.druid.pool.DruidDataSource:2247>>{dataSource-1} closed
